Tue Apr  2 10:55:26 2024       
+-----------------------------------------------------------------------------------------+
| NVIDIA-SMI 550.54.15              Driver Version: 550.54.15      CUDA Version: 12.4     |
|-----------------------------------------+------------------------+----------------------+
| GPU  Name                 Persistence-M | Bus-Id          Disp.A | Volatile Uncorr. ECC |
| Fan  Temp   Perf          Pwr:Usage/Cap |           Memory-Usage | GPU-Util  Compute M. |
|                                         |                        |               MIG M. |
|=========================================+========================+======================|
|   0  NVIDIA H100 PCIe               On  |   00000000:41:00.0 Off |                    0 |
| N/A   28C    P0             47W /  350W |       0MiB /  81559MiB |      0%   E. Process |
|                                         |                        |             Disabled |
+-----------------------------------------+------------------------+----------------------+
                                                                                         
+-----------------------------------------------------------------------------------------+
| Processes:                                                                              |
|  GPU   GI   CI        PID   Type   Process name                              GPU Memory |
|        ID   ID                                                               Usage      |
|=========================================================================================|
|  No running processes found                                                             |
+-----------------------------------------------------------------------------------------+
RAS
self.volumes[0].ijk_from_world dim:3
F(
[[ -0.          1.4222223   0.        236.0889   ]
 [ -0.         -0.         -1.4222223 244.19556  ]
 [  0.4         0.         -0.        128.       ]
 [  0.          0.          0.          1.       ]]
)
starting scatter
index_from_world on GPU:
[[ 1.1674510e-12 -5.2577319e+03  7.6800000e+02  8.3262262e+05]
 [ 5.2577319e+03  1.1674510e-12  7.6800000e+02  1.3045041e+06]
 [ 0.0000000e+00  0.0000000e+00  1.0000000e+00  9.8829999e+02]]
