Mon Apr  8 08:54:10 2024       
+-----------------------------------------------------------------------------------------+
| NVIDIA-SMI 550.54.15              Driver Version: 550.54.15      CUDA Version: 12.4     |
|-----------------------------------------+------------------------+----------------------+
| GPU  Name                 Persistence-M | Bus-Id          Disp.A | Volatile Uncorr. ECC |
| Fan  Temp   Perf          Pwr:Usage/Cap |           Memory-Usage | GPU-Util  Compute M. |
|                                         |                        |               MIG M. |
|=========================================+========================+======================|
|   0  NVIDIA H100 PCIe               On  |   00000000:A1:00.0 Off |                    0 |
| N/A   27C    P0             48W /  350W |       0MiB /  81559MiB |      0%   E. Process |
|                                         |                        |             Disabled |
+-----------------------------------------+------------------------+----------------------+
                                                                                         
+-----------------------------------------------------------------------------------------+
| Processes:                                                                              |
|  GPU   GI   CI        PID   Type   Process name                              GPU Memory |
|        ID   ID                                                               Usage      |
|=========================================================================================|
|  No running processes found                                                             |
+-----------------------------------------------------------------------------------------+
OrderedDict([('type', 'short'), ('dimension', 3), ('space', 'left-posterior-superior'), ('sizes', array([ 512,  512, 1101])), ('space directions', array([[0.682, 0.   , 0.   ],
       [0.   , 0.682, 0.   ],
       [0.   , 0.   , 0.3  ]])), ('kinds', ['domain', 'domain', 'domain']), ('endian', 'little'), ('encoding', 'gzip'), ('space origin', array([ -193.994 ,  -151.0257, -1348.    ]))])
Using downloaded and verified file: /zhome/4e/b/208805/datasets/DeepDRR_DATA/model_segmentation.pth.tar
