Wed May 22 09:34:45 2024       
+-----------------------------------------------------------------------------------------+
| NVIDIA-SMI 550.54.15              Driver Version: 550.54.15      CUDA Version: 12.4     |
|-----------------------------------------+------------------------+----------------------+
| GPU  Name                 Persistence-M | Bus-Id          Disp.A | Volatile Uncorr. ECC |
| Fan  Temp   Perf          Pwr:Usage/Cap |           Memory-Usage | GPU-Util  Compute M. |
|                                         |                        |               MIG M. |
|=========================================+========================+======================|
|   0  NVIDIA H100 PCIe               On  |   00000000:41:00.0 Off |                    0 |
| N/A   27C    P0             49W /  350W |       0MiB /  81559MiB |      0%   E. Process |
|                                         |                        |             Disabled |
+-----------------------------------------+------------------------+----------------------+
                                                                                         
+-----------------------------------------------------------------------------------------+
| Processes:                                                                              |
|  GPU   GI   CI        PID   Type   Process name                              GPU Memory |
|        ID   ID                                                               Usage      |
|=========================================================================================|
|  No running processes found                                                             |
+-----------------------------------------------------------------------------------------+
----------------- Options ---------------
             aspect_ratio: 1.0                           
               batch_size: 1                             
          checkpoints_dir: /dtu/p1/johlau/Thesis-Synthex/synthex/data/pytorch_model	[default: ./checkpoints]
                crop_size: 512                           	[default: 256]
                 dataroot: /dtu/p1/johlau/Thesis-Synthex/data/RAD-ChestCT-DRR-CROPPED	[default: None]
             dataset_mode: single                        
                direction: AtoB                          
          display_winsize: 256                           
                    epoch: latest                        
                     eval: False                         
                  gpu_ids: 0                             
                init_gain: 0.02                          
                init_type: normal                        
                 input_nc: 1                             	[default: 3]
                  isTrain: False                         	[default: None]
                load_iter: 0                             	[default: 0]
                load_size: 512                           	[default: 256]
         max_dataset_size: inf                           
                    model: test                          
             model_suffix:                               
               n_layers_D: 3                             
                     name: synthex_512                   	[default: experiment_name]
                      ndf: 64                            
                     netD: basic                         
                     netG: resnet_9blocks                
                      ngf: 64                            
               no_dropout: True                          	[default: False]
                  no_flip: True                          	[default: False]
                     norm: instance                      
                 num_test: -1                            	[default: 50]
              num_threads: 4                             
                output_nc: 1                             	[default: 3]
                    phase: test                          
               preprocess: none                          	[default: resize_and_crop]
              results_dir: /dtu/p1/johlau/Thesis-Synthex/data/RAD-ChestCT-Synthex	[default: ./results/]
           serial_batches: False                         
                   suffix:                               
                use_wandb: False                         
                  verbose: False                         
       wandb_project_name: CycleGAN-and-pix2pix          
----------------- End -------------------
dataset [SingleDataset] was created
initialize network with normal
model [TestModel] was created
loading the model from /dtu/p1/johlau/Thesis-Synthex/synthex/data/pytorch_model/synthex_512/latest_net_G.pth
---------- Networks initialized -------------
[Network G] Total number of parameters : 11.366 M
-----------------------------------------------
processing (0000)-th image... ['/dtu/p1/johlau/Thesis-Synthex/data/RAD-ChestCT-DRR-CROPPED/trn00067.nii.gz.png']
processing (0005)-th image... ['/dtu/p1/johlau/Thesis-Synthex/data/RAD-ChestCT-DRR-CROPPED/trn00180.nii.gz.png']
processing (0010)-th image... ['/dtu/p1/johlau/Thesis-Synthex/data/RAD-ChestCT-DRR-CROPPED/trn00335.nii.gz.png']
processing (0015)-th image... ['/dtu/p1/johlau/Thesis-Synthex/data/RAD-ChestCT-DRR-CROPPED/trn00393.nii.gz.png']
processing (0020)-th image... ['/dtu/p1/johlau/Thesis-Synthex/data/RAD-ChestCT-DRR-CROPPED/trn00518.nii.gz.png']
processing (0025)-th image... ['/dtu/p1/johlau/Thesis-Synthex/data/RAD-ChestCT-DRR-CROPPED/trn00625.nii.gz.png']
processing (0030)-th image... ['/dtu/p1/johlau/Thesis-Synthex/data/RAD-ChestCT-DRR-CROPPED/trn00783.nii.gz.png']
processing (0035)-th image... ['/dtu/p1/johlau/Thesis-Synthex/data/RAD-ChestCT-DRR-CROPPED/trn00870.nii.gz.png']
processing (0040)-th image... ['/dtu/p1/johlau/Thesis-Synthex/data/RAD-ChestCT-DRR-CROPPED/trn01039.nii.gz.png']
processing (0045)-th image... ['/dtu/p1/johlau/Thesis-Synthex/data/RAD-ChestCT-DRR-CROPPED/trn01181.nii.gz.png']
processing (0050)-th image... ['/dtu/p1/johlau/Thesis-Synthex/data/RAD-ChestCT-DRR-CROPPED/trn01374.nii.gz.png']
processing (0055)-th image... ['/dtu/p1/johlau/Thesis-Synthex/data/RAD-ChestCT-DRR-CROPPED/trn01472.nii.gz.png']
processing (0060)-th image... ['/dtu/p1/johlau/Thesis-Synthex/data/RAD-ChestCT-DRR-CROPPED/trn01571.nii.gz.png']
processing (0065)-th image... ['/dtu/p1/johlau/Thesis-Synthex/data/RAD-ChestCT-DRR-CROPPED/trn01661.nii.gz.png']
processing (0070)-th image... ['/dtu/p1/johlau/Thesis-Synthex/data/RAD-ChestCT-DRR-CROPPED/trn01691.nii.gz.png']
processing (0075)-th image... ['/dtu/p1/johlau/Thesis-Synthex/data/RAD-ChestCT-DRR-CROPPED/trn01848.nii.gz.png']
processing (0080)-th image... ['/dtu/p1/johlau/Thesis-Synthex/data/RAD-ChestCT-DRR-CROPPED/trn01913.nii.gz.png']
processing (0085)-th image... ['/dtu/p1/johlau/Thesis-Synthex/data/RAD-ChestCT-DRR-CROPPED/trn01980.nii.gz.png']
processing (0090)-th image... ['/dtu/p1/johlau/Thesis-Synthex/data/RAD-ChestCT-DRR-CROPPED/trn02140.nii.gz.png']
processing (0095)-th image... ['/dtu/p1/johlau/Thesis-Synthex/data/RAD-ChestCT-DRR-CROPPED/trn02255.nii.gz.png']
processing (0100)-th image... ['/dtu/p1/johlau/Thesis-Synthex/data/RAD-ChestCT-DRR-CROPPED/trn02318.nii.gz.png']
processing (0105)-th image... ['/dtu/p1/johlau/Thesis-Synthex/data/RAD-ChestCT-DRR-CROPPED/trn02381.nii.gz.png']
processing (0110)-th image... ['/dtu/p1/johlau/Thesis-Synthex/data/RAD-ChestCT-DRR-CROPPED/trn02487.nii.gz.png']
processing (0115)-th image... ['/dtu/p1/johlau/Thesis-Synthex/data/RAD-ChestCT-DRR-CROPPED/trn02579.nii.gz.png']
processing (0120)-th image... ['/dtu/p1/johlau/Thesis-Synthex/data/RAD-ChestCT-DRR-CROPPED/trn02653.nii.gz.png']
processing (0125)-th image... ['/dtu/p1/johlau/Thesis-Synthex/data/RAD-ChestCT-DRR-CROPPED/trn02720.nii.gz.png']
processing (0130)-th image... ['/dtu/p1/johlau/Thesis-Synthex/data/RAD-ChestCT-DRR-CROPPED/trn02845.nii.gz.png']
processing (0135)-th image... ['/dtu/p1/johlau/Thesis-Synthex/data/RAD-ChestCT-DRR-CROPPED/trn03043.nii.gz.png']
processing (0140)-th image... ['/dtu/p1/johlau/Thesis-Synthex/data/RAD-ChestCT-DRR-CROPPED/trn03189.nii.gz.png']
processing (0145)-th image... ['/dtu/p1/johlau/Thesis-Synthex/data/RAD-ChestCT-DRR-CROPPED/trn03330.nii.gz.png']
processing (0150)-th image... ['/dtu/p1/johlau/Thesis-Synthex/data/RAD-ChestCT-DRR-CROPPED/trn03501.nii.gz.png']
processing (0155)-th image... ['/dtu/p1/johlau/Thesis-Synthex/data/RAD-ChestCT-DRR-CROPPED/trn03561.nii.gz.png']
processing (0160)-th image... ['/dtu/p1/johlau/Thesis-Synthex/data/RAD-ChestCT-DRR-CROPPED/trn03628.nii.gz.png']
processing (0165)-th image... ['/dtu/p1/johlau/Thesis-Synthex/data/RAD-ChestCT-DRR-CROPPED/trn03744.nii.gz.png']
processing (0170)-th image... ['/dtu/p1/johlau/Thesis-Synthex/data/RAD-ChestCT-DRR-CROPPED/trn03859.nii.gz.png']
processing (0175)-th image... ['/dtu/p1/johlau/Thesis-Synthex/data/RAD-ChestCT-DRR-CROPPED/trn04072.nii.gz.png']
processing (0180)-th image... ['/dtu/p1/johlau/Thesis-Synthex/data/RAD-ChestCT-DRR-CROPPED/trn04184.nii.gz.png']
processing (0185)-th image... ['/dtu/p1/johlau/Thesis-Synthex/data/RAD-ChestCT-DRR-CROPPED/trn04400.nii.gz.png']
processing (0190)-th image... ['/dtu/p1/johlau/Thesis-Synthex/data/RAD-ChestCT-DRR-CROPPED/trn04501.nii.gz.png']
processing (0195)-th image... ['/dtu/p1/johlau/Thesis-Synthex/data/RAD-ChestCT-DRR-CROPPED/trn04580.nii.gz.png']
processing (0200)-th image... ['/dtu/p1/johlau/Thesis-Synthex/data/RAD-ChestCT-DRR-CROPPED/trn04665.nii.gz.png']
processing (0205)-th image... ['/dtu/p1/johlau/Thesis-Synthex/data/RAD-ChestCT-DRR-CROPPED/trn04761.nii.gz.png']
processing (0210)-th image... ['/dtu/p1/johlau/Thesis-Synthex/data/RAD-ChestCT-DRR-CROPPED/trn04897.nii.gz.png']
processing (0215)-th image... ['/dtu/p1/johlau/Thesis-Synthex/data/RAD-ChestCT-DRR-CROPPED/trn04985.nii.gz.png']
processing (0220)-th image... ['/dtu/p1/johlau/Thesis-Synthex/data/RAD-ChestCT-DRR-CROPPED/trn05079.nii.gz.png']
processing (0225)-th image... ['/dtu/p1/johlau/Thesis-Synthex/data/RAD-ChestCT-DRR-CROPPED/trn05143.nii.gz.png']
processing (0230)-th image... ['/dtu/p1/johlau/Thesis-Synthex/data/RAD-ChestCT-DRR-CROPPED/trn05281.nii.gz.png']
processing (0235)-th image... ['/dtu/p1/johlau/Thesis-Synthex/data/RAD-ChestCT-DRR-CROPPED/trn05435.nii.gz.png']
processing (0240)-th image... ['/dtu/p1/johlau/Thesis-Synthex/data/RAD-ChestCT-DRR-CROPPED/trn05685.nii.gz.png']
processing (0245)-th image... ['/dtu/p1/johlau/Thesis-Synthex/data/RAD-ChestCT-DRR-CROPPED/trn05888.nii.gz.png']
processing (0250)-th image... ['/dtu/p1/johlau/Thesis-Synthex/data/RAD-ChestCT-DRR-CROPPED/trn05988.nii.gz.png']
processing (0255)-th image... ['/dtu/p1/johlau/Thesis-Synthex/data/RAD-ChestCT-DRR-CROPPED/trn06166.nii.gz.png']
processing (0260)-th image... ['/dtu/p1/johlau/Thesis-Synthex/data/RAD-ChestCT-DRR-CROPPED/trn06213.nii.gz.png']
processing (0265)-th image... ['/dtu/p1/johlau/Thesis-Synthex/data/RAD-ChestCT-DRR-CROPPED/trn06468.nii.gz.png']
processing (0270)-th image... ['/dtu/p1/johlau/Thesis-Synthex/data/RAD-ChestCT-DRR-CROPPED/trn06608.nii.gz.png']
processing (0275)-th image... ['/dtu/p1/johlau/Thesis-Synthex/data/RAD-ChestCT-DRR-CROPPED/trn06814.nii.gz.png']
processing (0280)-th image... ['/dtu/p1/johlau/Thesis-Synthex/data/RAD-ChestCT-DRR-CROPPED/trn06947.nii.gz.png']
processing (0285)-th image... ['/dtu/p1/johlau/Thesis-Synthex/data/RAD-ChestCT-DRR-CROPPED/trn07119.nii.gz.png']
processing (0290)-th image... ['/dtu/p1/johlau/Thesis-Synthex/data/RAD-ChestCT-DRR-CROPPED/trn07180.nii.gz.png']
processing (0295)-th image... ['/dtu/p1/johlau/Thesis-Synthex/data/RAD-ChestCT-DRR-CROPPED/trn07274.nii.gz.png']
processing (0300)-th image... ['/dtu/p1/johlau/Thesis-Synthex/data/RAD-ChestCT-DRR-CROPPED/trn07322.nii.gz.png']
processing (0305)-th image... ['/dtu/p1/johlau/Thesis-Synthex/data/RAD-ChestCT-DRR-CROPPED/trn07488.nii.gz.png']
processing (0310)-th image... ['/dtu/p1/johlau/Thesis-Synthex/data/RAD-ChestCT-DRR-CROPPED/trn07589.nii.gz.png']
processing (0315)-th image... ['/dtu/p1/johlau/Thesis-Synthex/data/RAD-ChestCT-DRR-CROPPED/trn07728.nii.gz.png']
processing (0320)-th image... ['/dtu/p1/johlau/Thesis-Synthex/data/RAD-ChestCT-DRR-CROPPED/trn07749.nii.gz.png']
processing (0325)-th image... ['/dtu/p1/johlau/Thesis-Synthex/data/RAD-ChestCT-DRR-CROPPED/trn07850.nii.gz.png']
processing (0330)-th image... ['/dtu/p1/johlau/Thesis-Synthex/data/RAD-ChestCT-DRR-CROPPED/trn07872.nii.gz.png']
processing (0335)-th image... ['/dtu/p1/johlau/Thesis-Synthex/data/RAD-ChestCT-DRR-CROPPED/trn07963.nii.gz.png']
processing (0340)-th image... ['/dtu/p1/johlau/Thesis-Synthex/data/RAD-ChestCT-DRR-CROPPED/trn08105.nii.gz.png']
processing (0345)-th image... ['/dtu/p1/johlau/Thesis-Synthex/data/RAD-ChestCT-DRR-CROPPED/trn08221.nii.gz.png']
processing (0350)-th image... ['/dtu/p1/johlau/Thesis-Synthex/data/RAD-ChestCT-DRR-CROPPED/trn08280.nii.gz.png']
processing (0355)-th image... ['/dtu/p1/johlau/Thesis-Synthex/data/RAD-ChestCT-DRR-CROPPED/trn08328.nii.gz.png']
processing (0360)-th image... ['/dtu/p1/johlau/Thesis-Synthex/data/RAD-ChestCT-DRR-CROPPED/trn08550.nii.gz.png']
processing (0365)-th image... ['/dtu/p1/johlau/Thesis-Synthex/data/RAD-ChestCT-DRR-CROPPED/trn08651.nii.gz.png']
processing (0370)-th image... ['/dtu/p1/johlau/Thesis-Synthex/data/RAD-ChestCT-DRR-CROPPED/trn08759.nii.gz.png']
processing (0375)-th image... ['/dtu/p1/johlau/Thesis-Synthex/data/RAD-ChestCT-DRR-CROPPED/trn08978.nii.gz.png']
processing (0380)-th image... ['/dtu/p1/johlau/Thesis-Synthex/data/RAD-ChestCT-DRR-CROPPED/trn09130.nii.gz.png']
processing (0385)-th image... ['/dtu/p1/johlau/Thesis-Synthex/data/RAD-ChestCT-DRR-CROPPED/trn09213.nii.gz.png']
processing (0390)-th image... ['/dtu/p1/johlau/Thesis-Synthex/data/RAD-ChestCT-DRR-CROPPED/trn09320.nii.gz.png']
processing (0395)-th image... ['/dtu/p1/johlau/Thesis-Synthex/data/RAD-ChestCT-DRR-CROPPED/trn09452.nii.gz.png']
processing (0400)-th image... ['/dtu/p1/johlau/Thesis-Synthex/data/RAD-ChestCT-DRR-CROPPED/trn09590.nii.gz.png']
processing (0405)-th image... ['/dtu/p1/johlau/Thesis-Synthex/data/RAD-ChestCT-DRR-CROPPED/trn09727.nii.gz.png']
processing (0410)-th image... ['/dtu/p1/johlau/Thesis-Synthex/data/RAD-ChestCT-DRR-CROPPED/trn09881.nii.gz.png']
processing (0415)-th image... ['/dtu/p1/johlau/Thesis-Synthex/data/RAD-ChestCT-DRR-CROPPED/trn10009.nii.gz.png']
processing (0420)-th image... ['/dtu/p1/johlau/Thesis-Synthex/data/RAD-ChestCT-DRR-CROPPED/trn10094.nii.gz.png']
processing (0425)-th image... ['/dtu/p1/johlau/Thesis-Synthex/data/RAD-ChestCT-DRR-CROPPED/trn10144.nii.gz.png']
processing (0430)-th image... ['/dtu/p1/johlau/Thesis-Synthex/data/RAD-ChestCT-DRR-CROPPED/trn10237.nii.gz.png']
processing (0435)-th image... ['/dtu/p1/johlau/Thesis-Synthex/data/RAD-ChestCT-DRR-CROPPED/trn10350.nii.gz.png']
processing (0440)-th image... ['/dtu/p1/johlau/Thesis-Synthex/data/RAD-ChestCT-DRR-CROPPED/trn10485.nii.gz.png']
processing (0445)-th image... ['/dtu/p1/johlau/Thesis-Synthex/data/RAD-ChestCT-DRR-CROPPED/trn10666.nii.gz.png']
processing (0450)-th image... ['/dtu/p1/johlau/Thesis-Synthex/data/RAD-ChestCT-DRR-CROPPED/trn10799.nii.gz.png']
processing (0455)-th image... ['/dtu/p1/johlau/Thesis-Synthex/data/RAD-ChestCT-DRR-CROPPED/trn10936.nii.gz.png']
processing (0460)-th image... ['/dtu/p1/johlau/Thesis-Synthex/data/RAD-ChestCT-DRR-CROPPED/trn11210.nii.gz.png']
processing (0465)-th image... ['/dtu/p1/johlau/Thesis-Synthex/data/RAD-ChestCT-DRR-CROPPED/trn11290.nii.gz.png']
processing (0470)-th image... ['/dtu/p1/johlau/Thesis-Synthex/data/RAD-ChestCT-DRR-CROPPED/trn11403.nii.gz.png']
processing (0475)-th image... ['/dtu/p1/johlau/Thesis-Synthex/data/RAD-ChestCT-DRR-CROPPED/trn11553.nii.gz.png']
processing (0480)-th image... ['/dtu/p1/johlau/Thesis-Synthex/data/RAD-ChestCT-DRR-CROPPED/trn11669.nii.gz.png']
processing (0485)-th image... ['/dtu/p1/johlau/Thesis-Synthex/data/RAD-ChestCT-DRR-CROPPED/trn11772.nii.gz.png']
processing (0490)-th image... ['/dtu/p1/johlau/Thesis-Synthex/data/RAD-ChestCT-DRR-CROPPED/trn11848.nii.gz.png']
processing (0495)-th image... ['/dtu/p1/johlau/Thesis-Synthex/data/RAD-ChestCT-DRR-CROPPED/trn11993.nii.gz.png']
processing (0500)-th image... ['/dtu/p1/johlau/Thesis-Synthex/data/RAD-ChestCT-DRR-CROPPED/trn12096.nii.gz.png']
processing (0505)-th image... ['/dtu/p1/johlau/Thesis-Synthex/data/RAD-ChestCT-DRR-CROPPED/trn12140.nii.gz.png']
processing (0510)-th image... ['/dtu/p1/johlau/Thesis-Synthex/data/RAD-ChestCT-DRR-CROPPED/trn12301.nii.gz.png']
processing (0515)-th image... ['/dtu/p1/johlau/Thesis-Synthex/data/RAD-ChestCT-DRR-CROPPED/trn12370.nii.gz.png']
processing (0520)-th image... ['/dtu/p1/johlau/Thesis-Synthex/data/RAD-ChestCT-DRR-CROPPED/trn12420.nii.gz.png']
processing (0525)-th image... ['/dtu/p1/johlau/Thesis-Synthex/data/RAD-ChestCT-DRR-CROPPED/trn12507.nii.gz.png']
processing (0530)-th image... ['/dtu/p1/johlau/Thesis-Synthex/data/RAD-ChestCT-DRR-CROPPED/trn12533.nii.gz.png']
processing (0535)-th image... ['/dtu/p1/johlau/Thesis-Synthex/data/RAD-ChestCT-DRR-CROPPED/trn12702.nii.gz.png']
processing (0540)-th image... ['/dtu/p1/johlau/Thesis-Synthex/data/RAD-ChestCT-DRR-CROPPED/trn12799.nii.gz.png']
processing (0545)-th image... ['/dtu/p1/johlau/Thesis-Synthex/data/RAD-ChestCT-DRR-CROPPED/trn12916.nii.gz.png']
processing (0550)-th image... ['/dtu/p1/johlau/Thesis-Synthex/data/RAD-ChestCT-DRR-CROPPED/trn12986.nii.gz.png']
processing (0555)-th image... ['/dtu/p1/johlau/Thesis-Synthex/data/RAD-ChestCT-DRR-CROPPED/trn13108.nii.gz.png']
processing (0560)-th image... ['/dtu/p1/johlau/Thesis-Synthex/data/RAD-ChestCT-DRR-CROPPED/trn13198.nii.gz.png']
processing (0565)-th image... ['/dtu/p1/johlau/Thesis-Synthex/data/RAD-ChestCT-DRR-CROPPED/trn13373.nii.gz.png']
processing (0570)-th image... ['/dtu/p1/johlau/Thesis-Synthex/data/RAD-ChestCT-DRR-CROPPED/trn13452.nii.gz.png']
processing (0575)-th image... ['/dtu/p1/johlau/Thesis-Synthex/data/RAD-ChestCT-DRR-CROPPED/trn13568.nii.gz.png']
processing (0580)-th image... ['/dtu/p1/johlau/Thesis-Synthex/data/RAD-ChestCT-DRR-CROPPED/trn13654.nii.gz.png']
processing (0585)-th image... ['/dtu/p1/johlau/Thesis-Synthex/data/RAD-ChestCT-DRR-CROPPED/trn13716.nii.gz.png']
processing (0590)-th image... ['/dtu/p1/johlau/Thesis-Synthex/data/RAD-ChestCT-DRR-CROPPED/trn13843.nii.gz.png']
processing (0595)-th image... ['/dtu/p1/johlau/Thesis-Synthex/data/RAD-ChestCT-DRR-CROPPED/trn13934.nii.gz.png']
processing (0600)-th image... ['/dtu/p1/johlau/Thesis-Synthex/data/RAD-ChestCT-DRR-CROPPED/trn13998.nii.gz.png']
processing (0605)-th image... ['/dtu/p1/johlau/Thesis-Synthex/data/RAD-ChestCT-DRR-CROPPED/trn14072.nii.gz.png']
processing (0610)-th image... ['/dtu/p1/johlau/Thesis-Synthex/data/RAD-ChestCT-DRR-CROPPED/trn14318.nii.gz.png']
processing (0615)-th image... ['/dtu/p1/johlau/Thesis-Synthex/data/RAD-ChestCT-DRR-CROPPED/trn14357.nii.gz.png']
processing (0620)-th image... ['/dtu/p1/johlau/Thesis-Synthex/data/RAD-ChestCT-DRR-CROPPED/trn14502.nii.gz.png']
processing (0625)-th image... ['/dtu/p1/johlau/Thesis-Synthex/data/RAD-ChestCT-DRR-CROPPED/trn14561.nii.gz.png']
processing (0630)-th image... ['/dtu/p1/johlau/Thesis-Synthex/data/RAD-ChestCT-DRR-CROPPED/trn14706.nii.gz.png']
processing (0635)-th image... ['/dtu/p1/johlau/Thesis-Synthex/data/RAD-ChestCT-DRR-CROPPED/trn14768.nii.gz.png']
processing (0640)-th image... ['/dtu/p1/johlau/Thesis-Synthex/data/RAD-ChestCT-DRR-CROPPED/trn14928.nii.gz.png']
processing (0645)-th image... ['/dtu/p1/johlau/Thesis-Synthex/data/RAD-ChestCT-DRR-CROPPED/trn15008.nii.gz.png']
processing (0650)-th image... ['/dtu/p1/johlau/Thesis-Synthex/data/RAD-ChestCT-DRR-CROPPED/trn15082.nii.gz.png']
processing (0655)-th image... ['/dtu/p1/johlau/Thesis-Synthex/data/RAD-ChestCT-DRR-CROPPED/trn15157.nii.gz.png']
processing (0660)-th image... ['/dtu/p1/johlau/Thesis-Synthex/data/RAD-ChestCT-DRR-CROPPED/trn15206.nii.gz.png']
processing (0665)-th image... ['/dtu/p1/johlau/Thesis-Synthex/data/RAD-ChestCT-DRR-CROPPED/trn15348.nii.gz.png']
processing (0670)-th image... ['/dtu/p1/johlau/Thesis-Synthex/data/RAD-ChestCT-DRR-CROPPED/trn15406.nii.gz.png']
processing (0675)-th image... ['/dtu/p1/johlau/Thesis-Synthex/data/RAD-ChestCT-DRR-CROPPED/trn15592.nii.gz.png']
processing (0680)-th image... ['/dtu/p1/johlau/Thesis-Synthex/data/RAD-ChestCT-DRR-CROPPED/trn15697.nii.gz.png']
processing (0685)-th image... ['/dtu/p1/johlau/Thesis-Synthex/data/RAD-ChestCT-DRR-CROPPED/trn15928.nii.gz.png']
processing (0690)-th image... ['/dtu/p1/johlau/Thesis-Synthex/data/RAD-ChestCT-DRR-CROPPED/trn16039.nii.gz.png']
processing (0695)-th image... ['/dtu/p1/johlau/Thesis-Synthex/data/RAD-ChestCT-DRR-CROPPED/trn16093.nii.gz.png']
processing (0700)-th image... ['/dtu/p1/johlau/Thesis-Synthex/data/RAD-ChestCT-DRR-CROPPED/trn16248.nii.gz.png']
processing (0705)-th image... ['/dtu/p1/johlau/Thesis-Synthex/data/RAD-ChestCT-DRR-CROPPED/trn16392.nii.gz.png']
processing (0710)-th image... ['/dtu/p1/johlau/Thesis-Synthex/data/RAD-ChestCT-DRR-CROPPED/trn16615.nii.gz.png']
processing (0715)-th image... ['/dtu/p1/johlau/Thesis-Synthex/data/RAD-ChestCT-DRR-CROPPED/trn16741.nii.gz.png']
processing (0720)-th image... ['/dtu/p1/johlau/Thesis-Synthex/data/RAD-ChestCT-DRR-CROPPED/trn16937.nii.gz.png']
processing (0725)-th image... ['/dtu/p1/johlau/Thesis-Synthex/data/RAD-ChestCT-DRR-CROPPED/trn17098.nii.gz.png']
processing (0730)-th image... ['/dtu/p1/johlau/Thesis-Synthex/data/RAD-ChestCT-DRR-CROPPED/trn17181.nii.gz.png']
processing (0735)-th image... ['/dtu/p1/johlau/Thesis-Synthex/data/RAD-ChestCT-DRR-CROPPED/trn17255.nii.gz.png']
processing (0740)-th image... ['/dtu/p1/johlau/Thesis-Synthex/data/RAD-ChestCT-DRR-CROPPED/trn17402.nii.gz.png']
processing (0745)-th image... ['/dtu/p1/johlau/Thesis-Synthex/data/RAD-ChestCT-DRR-CROPPED/trn17501.nii.gz.png']
processing (0750)-th image... ['/dtu/p1/johlau/Thesis-Synthex/data/RAD-ChestCT-DRR-CROPPED/trn17599.nii.gz.png']
processing (0755)-th image... ['/dtu/p1/johlau/Thesis-Synthex/data/RAD-ChestCT-DRR-CROPPED/trn17676.nii.gz.png']
processing (0760)-th image... ['/dtu/p1/johlau/Thesis-Synthex/data/RAD-ChestCT-DRR-CROPPED/trn17755.nii.gz.png']
processing (0765)-th image... ['/dtu/p1/johlau/Thesis-Synthex/data/RAD-ChestCT-DRR-CROPPED/trn17834.nii.gz.png']
processing (0770)-th image... ['/dtu/p1/johlau/Thesis-Synthex/data/RAD-ChestCT-DRR-CROPPED/trn17890.nii.gz.png']
processing (0775)-th image... ['/dtu/p1/johlau/Thesis-Synthex/data/RAD-ChestCT-DRR-CROPPED/trn18027.nii.gz.png']
processing (0780)-th image... ['/dtu/p1/johlau/Thesis-Synthex/data/RAD-ChestCT-DRR-CROPPED/trn18153.nii.gz.png']
processing (0785)-th image... ['/dtu/p1/johlau/Thesis-Synthex/data/RAD-ChestCT-DRR-CROPPED/trn18337.nii.gz.png']
processing (0790)-th image... ['/dtu/p1/johlau/Thesis-Synthex/data/RAD-ChestCT-DRR-CROPPED/trn18395.nii.gz.png']
processing (0795)-th image... ['/dtu/p1/johlau/Thesis-Synthex/data/RAD-ChestCT-DRR-CROPPED/trn18452.nii.gz.png']
processing (0800)-th image... ['/dtu/p1/johlau/Thesis-Synthex/data/RAD-ChestCT-DRR-CROPPED/trn18584.nii.gz.png']
processing (0805)-th image... ['/dtu/p1/johlau/Thesis-Synthex/data/RAD-ChestCT-DRR-CROPPED/trn18770.nii.gz.png']
processing (0810)-th image... ['/dtu/p1/johlau/Thesis-Synthex/data/RAD-ChestCT-DRR-CROPPED/trn18897.nii.gz.png']
processing (0815)-th image... ['/dtu/p1/johlau/Thesis-Synthex/data/RAD-ChestCT-DRR-CROPPED/trn19113.nii.gz.png']
processing (0820)-th image... ['/dtu/p1/johlau/Thesis-Synthex/data/RAD-ChestCT-DRR-CROPPED/trn19181.nii.gz.png']
processing (0825)-th image... ['/dtu/p1/johlau/Thesis-Synthex/data/RAD-ChestCT-DRR-CROPPED/trn19333.nii.gz.png']
processing (0830)-th image... ['/dtu/p1/johlau/Thesis-Synthex/data/RAD-ChestCT-DRR-CROPPED/trn19462.nii.gz.png']
processing (0835)-th image... ['/dtu/p1/johlau/Thesis-Synthex/data/RAD-ChestCT-DRR-CROPPED/trn19588.nii.gz.png']
processing (0840)-th image... ['/dtu/p1/johlau/Thesis-Synthex/data/RAD-ChestCT-DRR-CROPPED/trn19675.nii.gz.png']
processing (0845)-th image... ['/dtu/p1/johlau/Thesis-Synthex/data/RAD-ChestCT-DRR-CROPPED/trn19801.nii.gz.png']
processing (0850)-th image... ['/dtu/p1/johlau/Thesis-Synthex/data/RAD-ChestCT-DRR-CROPPED/trn19909.nii.gz.png']
processing (0855)-th image... ['/dtu/p1/johlau/Thesis-Synthex/data/RAD-ChestCT-DRR-CROPPED/trn19991.nii.gz.png']
processing (0860)-th image... ['/dtu/p1/johlau/Thesis-Synthex/data/RAD-ChestCT-DRR-CROPPED/trn20113.nii.gz.png']
processing (0865)-th image... ['/dtu/p1/johlau/Thesis-Synthex/data/RAD-ChestCT-DRR-CROPPED/trn20225.nii.gz.png']
processing (0870)-th image... ['/dtu/p1/johlau/Thesis-Synthex/data/RAD-ChestCT-DRR-CROPPED/trn20324.nii.gz.png']
processing (0875)-th image... ['/dtu/p1/johlau/Thesis-Synthex/data/RAD-ChestCT-DRR-CROPPED/trn20477.nii.gz.png']
processing (0880)-th image... ['/dtu/p1/johlau/Thesis-Synthex/data/RAD-ChestCT-DRR-CROPPED/trn20606.nii.gz.png']
processing (0885)-th image... ['/dtu/p1/johlau/Thesis-Synthex/data/RAD-ChestCT-DRR-CROPPED/trn20728.nii.gz.png']
processing (0890)-th image... ['/dtu/p1/johlau/Thesis-Synthex/data/RAD-ChestCT-DRR-CROPPED/trn20843.nii.gz.png']
processing (0895)-th image... ['/dtu/p1/johlau/Thesis-Synthex/data/RAD-ChestCT-DRR-CROPPED/trn20945.nii.gz.png']
processing (0900)-th image... ['/dtu/p1/johlau/Thesis-Synthex/data/RAD-ChestCT-DRR-CROPPED/trn21046.nii.gz.png']
processing (0905)-th image... ['/dtu/p1/johlau/Thesis-Synthex/data/RAD-ChestCT-DRR-CROPPED/trn21178.nii.gz.png']
processing (0910)-th image... ['/dtu/p1/johlau/Thesis-Synthex/data/RAD-ChestCT-DRR-CROPPED/trn21246.nii.gz.png']
processing (0915)-th image... ['/dtu/p1/johlau/Thesis-Synthex/data/RAD-ChestCT-DRR-CROPPED/trn21329.nii.gz.png']
processing (0920)-th image... ['/dtu/p1/johlau/Thesis-Synthex/data/RAD-ChestCT-DRR-CROPPED/trn21475.nii.gz.png']
processing (0925)-th image... ['/dtu/p1/johlau/Thesis-Synthex/data/RAD-ChestCT-DRR-CROPPED/trn21526.nii.gz.png']
processing (0930)-th image... ['/dtu/p1/johlau/Thesis-Synthex/data/RAD-ChestCT-DRR-CROPPED/trn21595.nii.gz.png']
processing (0935)-th image... ['/dtu/p1/johlau/Thesis-Synthex/data/RAD-ChestCT-DRR-CROPPED/trn21624.nii.gz.png']
processing (0940)-th image... ['/dtu/p1/johlau/Thesis-Synthex/data/RAD-ChestCT-DRR-CROPPED/trn21676.nii.gz.png']
processing (0945)-th image... ['/dtu/p1/johlau/Thesis-Synthex/data/RAD-ChestCT-DRR-CROPPED/trn21771.nii.gz.png']
processing (0950)-th image... ['/dtu/p1/johlau/Thesis-Synthex/data/RAD-ChestCT-DRR-CROPPED/trn21817.nii.gz.png']
processing (0955)-th image... ['/dtu/p1/johlau/Thesis-Synthex/data/RAD-ChestCT-DRR-CROPPED/trn21900.nii.gz.png']
processing (0960)-th image... ['/dtu/p1/johlau/Thesis-Synthex/data/RAD-ChestCT-DRR-CROPPED/trn21954.nii.gz.png']
processing (0965)-th image... ['/dtu/p1/johlau/Thesis-Synthex/data/RAD-ChestCT-DRR-CROPPED/trn22077.nii.gz.png']
processing (0970)-th image... ['/dtu/p1/johlau/Thesis-Synthex/data/RAD-ChestCT-DRR-CROPPED/trn22169.nii.gz.png']
processing (0975)-th image... ['/dtu/p1/johlau/Thesis-Synthex/data/RAD-ChestCT-DRR-CROPPED/trn22381.nii.gz.png']
processing (0980)-th image... ['/dtu/p1/johlau/Thesis-Synthex/data/RAD-ChestCT-DRR-CROPPED/trn22454.nii.gz.png']
processing (0985)-th image... ['/dtu/p1/johlau/Thesis-Synthex/data/RAD-ChestCT-DRR-CROPPED/trn22597.nii.gz.png']
processing (0990)-th image... ['/dtu/p1/johlau/Thesis-Synthex/data/RAD-ChestCT-DRR-CROPPED/trn22733.nii.gz.png']
processing (0995)-th image... ['/dtu/p1/johlau/Thesis-Synthex/data/RAD-ChestCT-DRR-CROPPED/trn22873.nii.gz.png']
processing (1000)-th image... ['/dtu/p1/johlau/Thesis-Synthex/data/RAD-ChestCT-DRR-CROPPED/trn22923.nii.gz.png']
processing (1005)-th image... ['/dtu/p1/johlau/Thesis-Synthex/data/RAD-ChestCT-DRR-CROPPED/trn23092.nii.gz.png']
processing (1010)-th image... ['/dtu/p1/johlau/Thesis-Synthex/data/RAD-ChestCT-DRR-CROPPED/trn23200.nii.gz.png']
processing (1015)-th image... ['/dtu/p1/johlau/Thesis-Synthex/data/RAD-ChestCT-DRR-CROPPED/trn23390.nii.gz.png']
processing (1020)-th image... ['/dtu/p1/johlau/Thesis-Synthex/data/RAD-ChestCT-DRR-CROPPED/trn23455.nii.gz.png']
processing (1025)-th image... ['/dtu/p1/johlau/Thesis-Synthex/data/RAD-ChestCT-DRR-CROPPED/trn23508.nii.gz.png']
processing (1030)-th image... ['/dtu/p1/johlau/Thesis-Synthex/data/RAD-ChestCT-DRR-CROPPED/trn23655.nii.gz.png']
processing (1035)-th image... ['/dtu/p1/johlau/Thesis-Synthex/data/RAD-ChestCT-DRR-CROPPED/trn23927.nii.gz.png']
processing (1040)-th image... ['/dtu/p1/johlau/Thesis-Synthex/data/RAD-ChestCT-DRR-CROPPED/trn23983.nii.gz.png']
processing (1045)-th image... ['/dtu/p1/johlau/Thesis-Synthex/data/RAD-ChestCT-DRR-CROPPED/trn24100.nii.gz.png']
processing (1050)-th image... ['/dtu/p1/johlau/Thesis-Synthex/data/RAD-ChestCT-DRR-CROPPED/trn24138.nii.gz.png']
processing (1055)-th image... ['/dtu/p1/johlau/Thesis-Synthex/data/RAD-ChestCT-DRR-CROPPED/trn24233.nii.gz.png']
processing (1060)-th image... ['/dtu/p1/johlau/Thesis-Synthex/data/RAD-ChestCT-DRR-CROPPED/trn24387.nii.gz.png']
processing (1065)-th image... ['/dtu/p1/johlau/Thesis-Synthex/data/RAD-ChestCT-DRR-CROPPED/trn24457.nii.gz.png']
processing (1070)-th image... ['/dtu/p1/johlau/Thesis-Synthex/data/RAD-ChestCT-DRR-CROPPED/trn24522.nii.gz.png']
processing (1075)-th image... ['/dtu/p1/johlau/Thesis-Synthex/data/RAD-ChestCT-DRR-CROPPED/trn24706.nii.gz.png']
processing (1080)-th image... ['/dtu/p1/johlau/Thesis-Synthex/data/RAD-ChestCT-DRR-CROPPED/trn24805.nii.gz.png']
processing (1085)-th image... ['/dtu/p1/johlau/Thesis-Synthex/data/RAD-ChestCT-DRR-CROPPED/trn24981.nii.gz.png']
processing (1090)-th image... ['/dtu/p1/johlau/Thesis-Synthex/data/RAD-ChestCT-DRR-CROPPED/trn25122.nii.gz.png']
processing (1095)-th image... ['/dtu/p1/johlau/Thesis-Synthex/data/RAD-ChestCT-DRR-CROPPED/trn25346.nii.gz.png']
processing (1100)-th image... ['/dtu/p1/johlau/Thesis-Synthex/data/RAD-ChestCT-DRR-CROPPED/tst29285.nii.gz.png']
processing (1105)-th image... ['/dtu/p1/johlau/Thesis-Synthex/data/RAD-ChestCT-DRR-CROPPED/tst29426.nii.gz.png']
processing (1110)-th image... ['/dtu/p1/johlau/Thesis-Synthex/data/RAD-ChestCT-DRR-CROPPED/tst29637.nii.gz.png']
processing (1115)-th image... ['/dtu/p1/johlau/Thesis-Synthex/data/RAD-ChestCT-DRR-CROPPED/tst29794.nii.gz.png']
processing (1120)-th image... ['/dtu/p1/johlau/Thesis-Synthex/data/RAD-ChestCT-DRR-CROPPED/tst29954.nii.gz.png']
processing (1125)-th image... ['/dtu/p1/johlau/Thesis-Synthex/data/RAD-ChestCT-DRR-CROPPED/tst30158.nii.gz.png']
processing (1130)-th image... ['/dtu/p1/johlau/Thesis-Synthex/data/RAD-ChestCT-DRR-CROPPED/tst30455.nii.gz.png']
processing (1135)-th image... ['/dtu/p1/johlau/Thesis-Synthex/data/RAD-ChestCT-DRR-CROPPED/tst30606.nii.gz.png']
processing (1140)-th image... ['/dtu/p1/johlau/Thesis-Synthex/data/RAD-ChestCT-DRR-CROPPED/tst30919.nii.gz.png']
processing (1145)-th image... ['/dtu/p1/johlau/Thesis-Synthex/data/RAD-ChestCT-DRR-CROPPED/tst31233.nii.gz.png']
processing (1150)-th image... ['/dtu/p1/johlau/Thesis-Synthex/data/RAD-ChestCT-DRR-CROPPED/tst31491.nii.gz.png']
processing (1155)-th image... ['/dtu/p1/johlau/Thesis-Synthex/data/RAD-ChestCT-DRR-CROPPED/tst31878.nii.gz.png']
processing (1160)-th image... ['/dtu/p1/johlau/Thesis-Synthex/data/RAD-ChestCT-DRR-CROPPED/tst32023.nii.gz.png']
processing (1165)-th image... ['/dtu/p1/johlau/Thesis-Synthex/data/RAD-ChestCT-DRR-CROPPED/tst32290.nii.gz.png']
processing (1170)-th image... ['/dtu/p1/johlau/Thesis-Synthex/data/RAD-ChestCT-DRR-CROPPED/tst32629.nii.gz.png']
processing (1175)-th image... ['/dtu/p1/johlau/Thesis-Synthex/data/RAD-ChestCT-DRR-CROPPED/tst32946.nii.gz.png']
processing (1180)-th image... ['/dtu/p1/johlau/Thesis-Synthex/data/RAD-ChestCT-DRR-CROPPED/tst33257.nii.gz.png']
processing (1185)-th image... ['/dtu/p1/johlau/Thesis-Synthex/data/RAD-ChestCT-DRR-CROPPED/tst33416.nii.gz.png']
processing (1190)-th image... ['/dtu/p1/johlau/Thesis-Synthex/data/RAD-ChestCT-DRR-CROPPED/tst33609.nii.gz.png']
processing (1195)-th image... ['/dtu/p1/johlau/Thesis-Synthex/data/RAD-ChestCT-DRR-CROPPED/tst33760.nii.gz.png']
processing (1200)-th image... ['/dtu/p1/johlau/Thesis-Synthex/data/RAD-ChestCT-DRR-CROPPED/tst33995.nii.gz.png']
processing (1205)-th image... ['/dtu/p1/johlau/Thesis-Synthex/data/RAD-ChestCT-DRR-CROPPED/tst34126.nii.gz.png']
processing (1210)-th image... ['/dtu/p1/johlau/Thesis-Synthex/data/RAD-ChestCT-DRR-CROPPED/tst34304.nii.gz.png']
processing (1215)-th image... ['/dtu/p1/johlau/Thesis-Synthex/data/RAD-ChestCT-DRR-CROPPED/tst34595.nii.gz.png']
processing (1220)-th image... ['/dtu/p1/johlau/Thesis-Synthex/data/RAD-ChestCT-DRR-CROPPED/tst34751.nii.gz.png']
processing (1225)-th image... ['/dtu/p1/johlau/Thesis-Synthex/data/RAD-ChestCT-DRR-CROPPED/tst34904.nii.gz.png']
processing (1230)-th image... ['/dtu/p1/johlau/Thesis-Synthex/data/RAD-ChestCT-DRR-CROPPED/tst35156.nii.gz.png']
processing (1235)-th image... ['/dtu/p1/johlau/Thesis-Synthex/data/RAD-ChestCT-DRR-CROPPED/tst35293.nii.gz.png']
processing (1240)-th image... ['/dtu/p1/johlau/Thesis-Synthex/data/RAD-ChestCT-DRR-CROPPED/tst35496.nii.gz.png']
processing (1245)-th image... ['/dtu/p1/johlau/Thesis-Synthex/data/RAD-ChestCT-DRR-CROPPED/tst35580.nii.gz.png']
processing (1250)-th image... ['/dtu/p1/johlau/Thesis-Synthex/data/RAD-ChestCT-DRR-CROPPED/tst35897.nii.gz.png']
processing (1255)-th image... ['/dtu/p1/johlau/Thesis-Synthex/data/RAD-ChestCT-DRR-CROPPED/tst36116.nii.gz.png']
processing (1260)-th image... ['/dtu/p1/johlau/Thesis-Synthex/data/RAD-ChestCT-DRR-CROPPED/val25361.nii.gz.png']
processing (1265)-th image... ['/dtu/p1/johlau/Thesis-Synthex/data/RAD-ChestCT-DRR-CROPPED/val25378.nii.gz.png']
processing (1270)-th image... ['/dtu/p1/johlau/Thesis-Synthex/data/RAD-ChestCT-DRR-CROPPED/val25405.nii.gz.png']
processing (1275)-th image... ['/dtu/p1/johlau/Thesis-Synthex/data/RAD-ChestCT-DRR-CROPPED/val25448.nii.gz.png']
processing (1280)-th image... ['/dtu/p1/johlau/Thesis-Synthex/data/RAD-ChestCT-DRR-CROPPED/val25487.nii.gz.png']
processing (1285)-th image... ['/dtu/p1/johlau/Thesis-Synthex/data/RAD-ChestCT-DRR-CROPPED/val25503.nii.gz.png']
processing (1290)-th image... ['/dtu/p1/johlau/Thesis-Synthex/data/RAD-ChestCT-DRR-CROPPED/val25535.nii.gz.png']
processing (1295)-th image... ['/dtu/p1/johlau/Thesis-Synthex/data/RAD-ChestCT-DRR-CROPPED/val25567.nii.gz.png']
processing (1300)-th image... ['/dtu/p1/johlau/Thesis-Synthex/data/RAD-ChestCT-DRR-CROPPED/val25601.nii.gz.png']
processing (1305)-th image... ['/dtu/p1/johlau/Thesis-Synthex/data/RAD-ChestCT-DRR-CROPPED/val25633.nii.gz.png']
processing (1310)-th image... ['/dtu/p1/johlau/Thesis-Synthex/data/RAD-ChestCT-DRR-CROPPED/val25661.nii.gz.png']
processing (1315)-th image... ['/dtu/p1/johlau/Thesis-Synthex/data/RAD-ChestCT-DRR-CROPPED/val25679.nii.gz.png']
processing (1320)-th image... ['/dtu/p1/johlau/Thesis-Synthex/data/RAD-ChestCT-DRR-CROPPED/val25690.nii.gz.png']
processing (1325)-th image... ['/dtu/p1/johlau/Thesis-Synthex/data/RAD-ChestCT-DRR-CROPPED/val25723.nii.gz.png']
processing (1330)-th image... ['/dtu/p1/johlau/Thesis-Synthex/data/RAD-ChestCT-DRR-CROPPED/val25755.nii.gz.png']
processing (1335)-th image... ['/dtu/p1/johlau/Thesis-Synthex/data/RAD-ChestCT-DRR-CROPPED/val25781.nii.gz.png']
processing (1340)-th image... ['/dtu/p1/johlau/Thesis-Synthex/data/RAD-ChestCT-DRR-CROPPED/val25812.nii.gz.png']
processing (1345)-th image... ['/dtu/p1/johlau/Thesis-Synthex/data/RAD-ChestCT-DRR-CROPPED/val25840.nii.gz.png']
processing (1350)-th image... ['/dtu/p1/johlau/Thesis-Synthex/data/RAD-ChestCT-DRR-CROPPED/val25857.nii.gz.png']
processing (1355)-th image... ['/dtu/p1/johlau/Thesis-Synthex/data/RAD-ChestCT-DRR-CROPPED/val25887.nii.gz.png']
processing (1360)-th image... ['/dtu/p1/johlau/Thesis-Synthex/data/RAD-ChestCT-DRR-CROPPED/val25917.nii.gz.png']
processing (1365)-th image... ['/dtu/p1/johlau/Thesis-Synthex/data/RAD-ChestCT-DRR-CROPPED/val25934.nii.gz.png']
processing (1370)-th image... ['/dtu/p1/johlau/Thesis-Synthex/data/RAD-ChestCT-DRR-CROPPED/val25956.nii.gz.png']
processing (1375)-th image... ['/dtu/p1/johlau/Thesis-Synthex/data/RAD-ChestCT-DRR-CROPPED/val25996.nii.gz.png']
processing (1380)-th image... ['/dtu/p1/johlau/Thesis-Synthex/data/RAD-ChestCT-DRR-CROPPED/val26025.nii.gz.png']
processing (1385)-th image... ['/dtu/p1/johlau/Thesis-Synthex/data/RAD-ChestCT-DRR-CROPPED/val26049.nii.gz.png']
processing (1390)-th image... ['/dtu/p1/johlau/Thesis-Synthex/data/RAD-ChestCT-DRR-CROPPED/val26066.nii.gz.png']
processing (1395)-th image... ['/dtu/p1/johlau/Thesis-Synthex/data/RAD-ChestCT-DRR-CROPPED/val26079.nii.gz.png']
processing (1400)-th image... ['/dtu/p1/johlau/Thesis-Synthex/data/RAD-ChestCT-DRR-CROPPED/val26088.nii.gz.png']
processing (1405)-th image... ['/dtu/p1/johlau/Thesis-Synthex/data/RAD-ChestCT-DRR-CROPPED/val26109.nii.gz.png']
processing (1410)-th image... ['/dtu/p1/johlau/Thesis-Synthex/data/RAD-ChestCT-DRR-CROPPED/val26135.nii.gz.png']
processing (1415)-th image... ['/dtu/p1/johlau/Thesis-Synthex/data/RAD-ChestCT-DRR-CROPPED/val26155.nii.gz.png']
processing (1420)-th image... ['/dtu/p1/johlau/Thesis-Synthex/data/RAD-ChestCT-DRR-CROPPED/val26193.nii.gz.png']
processing (1425)-th image... ['/dtu/p1/johlau/Thesis-Synthex/data/RAD-ChestCT-DRR-CROPPED/val26209.nii.gz.png']
processing (1430)-th image... ['/dtu/p1/johlau/Thesis-Synthex/data/RAD-ChestCT-DRR-CROPPED/val26224.nii.gz.png']
processing (1435)-th image... ['/dtu/p1/johlau/Thesis-Synthex/data/RAD-ChestCT-DRR-CROPPED/val26249.nii.gz.png']
processing (1440)-th image... ['/dtu/p1/johlau/Thesis-Synthex/data/RAD-ChestCT-DRR-CROPPED/val26274.nii.gz.png']
processing (1445)-th image... ['/dtu/p1/johlau/Thesis-Synthex/data/RAD-ChestCT-DRR-CROPPED/val26300.nii.gz.png']
processing (1450)-th image... ['/dtu/p1/johlau/Thesis-Synthex/data/RAD-ChestCT-DRR-CROPPED/val26324.nii.gz.png']
processing (1455)-th image... ['/dtu/p1/johlau/Thesis-Synthex/data/RAD-ChestCT-DRR-CROPPED/val26361.nii.gz.png']
processing (1460)-th image... ['/dtu/p1/johlau/Thesis-Synthex/data/RAD-ChestCT-DRR-CROPPED/val26391.nii.gz.png']
processing (1465)-th image... ['/dtu/p1/johlau/Thesis-Synthex/data/RAD-ChestCT-DRR-CROPPED/val26414.nii.gz.png']
processing (1470)-th image... ['/dtu/p1/johlau/Thesis-Synthex/data/RAD-ChestCT-DRR-CROPPED/val26432.nii.gz.png']
processing (1475)-th image... ['/dtu/p1/johlau/Thesis-Synthex/data/RAD-ChestCT-DRR-CROPPED/val26470.nii.gz.png']
processing (1480)-th image... ['/dtu/p1/johlau/Thesis-Synthex/data/RAD-ChestCT-DRR-CROPPED/val26507.nii.gz.png']
processing (1485)-th image... ['/dtu/p1/johlau/Thesis-Synthex/data/RAD-ChestCT-DRR-CROPPED/val26546.nii.gz.png']
processing (1490)-th image... ['/dtu/p1/johlau/Thesis-Synthex/data/RAD-ChestCT-DRR-CROPPED/val26559.nii.gz.png']
processing (1495)-th image... ['/dtu/p1/johlau/Thesis-Synthex/data/RAD-ChestCT-DRR-CROPPED/val26583.nii.gz.png']
processing (1500)-th image... ['/dtu/p1/johlau/Thesis-Synthex/data/RAD-ChestCT-DRR-CROPPED/val26598.nii.gz.png']
processing (1505)-th image... ['/dtu/p1/johlau/Thesis-Synthex/data/RAD-ChestCT-DRR-CROPPED/val26631.nii.gz.png']
processing (1510)-th image... ['/dtu/p1/johlau/Thesis-Synthex/data/RAD-ChestCT-DRR-CROPPED/val26655.nii.gz.png']
processing (1515)-th image... ['/dtu/p1/johlau/Thesis-Synthex/data/RAD-ChestCT-DRR-CROPPED/val26678.nii.gz.png']
processing (1520)-th image... ['/dtu/p1/johlau/Thesis-Synthex/data/RAD-ChestCT-DRR-CROPPED/val26716.nii.gz.png']
processing (1525)-th image... ['/dtu/p1/johlau/Thesis-Synthex/data/RAD-ChestCT-DRR-CROPPED/val26732.nii.gz.png']
processing (1530)-th image... ['/dtu/p1/johlau/Thesis-Synthex/data/RAD-ChestCT-DRR-CROPPED/val26755.nii.gz.png']
processing (1535)-th image... ['/dtu/p1/johlau/Thesis-Synthex/data/RAD-ChestCT-DRR-CROPPED/val26807.nii.gz.png']
processing (1540)-th image... ['/dtu/p1/johlau/Thesis-Synthex/data/RAD-ChestCT-DRR-CROPPED/val26825.nii.gz.png']
processing (1545)-th image... ['/dtu/p1/johlau/Thesis-Synthex/data/RAD-ChestCT-DRR-CROPPED/val26847.nii.gz.png']
processing (1550)-th image... ['/dtu/p1/johlau/Thesis-Synthex/data/RAD-ChestCT-DRR-CROPPED/val26874.nii.gz.png']
processing (1555)-th image... ['/dtu/p1/johlau/Thesis-Synthex/data/RAD-ChestCT-DRR-CROPPED/val26890.nii.gz.png']
processing (1560)-th image... ['/dtu/p1/johlau/Thesis-Synthex/data/RAD-ChestCT-DRR-CROPPED/val26905.nii.gz.png']
processing (1565)-th image... ['/dtu/p1/johlau/Thesis-Synthex/data/RAD-ChestCT-DRR-CROPPED/val26932.nii.gz.png']
processing (1570)-th image... ['/dtu/p1/johlau/Thesis-Synthex/data/RAD-ChestCT-DRR-CROPPED/val26960.nii.gz.png']
processing (1575)-th image... ['/dtu/p1/johlau/Thesis-Synthex/data/RAD-ChestCT-DRR-CROPPED/val26972.nii.gz.png']
processing (1580)-th image... ['/dtu/p1/johlau/Thesis-Synthex/data/RAD-ChestCT-DRR-CROPPED/val26989.nii.gz.png']
processing (1585)-th image... ['/dtu/p1/johlau/Thesis-Synthex/data/RAD-ChestCT-DRR-CROPPED/val27009.nii.gz.png']
processing (1590)-th image... ['/dtu/p1/johlau/Thesis-Synthex/data/RAD-ChestCT-DRR-CROPPED/val27026.nii.gz.png']
processing (1595)-th image... ['/dtu/p1/johlau/Thesis-Synthex/data/RAD-ChestCT-DRR-CROPPED/val27046.nii.gz.png']
processing (1600)-th image... ['/dtu/p1/johlau/Thesis-Synthex/data/RAD-ChestCT-DRR-CROPPED/val27068.nii.gz.png']
processing (1605)-th image... ['/dtu/p1/johlau/Thesis-Synthex/data/RAD-ChestCT-DRR-CROPPED/val27089.nii.gz.png']
processing (1610)-th image... ['/dtu/p1/johlau/Thesis-Synthex/data/RAD-ChestCT-DRR-CROPPED/val27105.nii.gz.png']
processing (1615)-th image... ['/dtu/p1/johlau/Thesis-Synthex/data/RAD-ChestCT-DRR-CROPPED/val27122.nii.gz.png']
processing (1620)-th image... ['/dtu/p1/johlau/Thesis-Synthex/data/RAD-ChestCT-DRR-CROPPED/val27131.nii.gz.png']
processing (1625)-th image... ['/dtu/p1/johlau/Thesis-Synthex/data/RAD-ChestCT-DRR-CROPPED/val27139.nii.gz.png']
processing (1630)-th image... ['/dtu/p1/johlau/Thesis-Synthex/data/RAD-ChestCT-DRR-CROPPED/val27157.nii.gz.png']
processing (1635)-th image... ['/dtu/p1/johlau/Thesis-Synthex/data/RAD-ChestCT-DRR-CROPPED/val27170.nii.gz.png']
processing (1640)-th image... ['/dtu/p1/johlau/Thesis-Synthex/data/RAD-ChestCT-DRR-CROPPED/val27195.nii.gz.png']
processing (1645)-th image... ['/dtu/p1/johlau/Thesis-Synthex/data/RAD-ChestCT-DRR-CROPPED/val27206.nii.gz.png']
processing (1650)-th image... ['/dtu/p1/johlau/Thesis-Synthex/data/RAD-ChestCT-DRR-CROPPED/val27228.nii.gz.png']
processing (1655)-th image... ['/dtu/p1/johlau/Thesis-Synthex/data/RAD-ChestCT-DRR-CROPPED/val27277.nii.gz.png']
processing (1660)-th image... ['/dtu/p1/johlau/Thesis-Synthex/data/RAD-ChestCT-DRR-CROPPED/val27301.nii.gz.png']
processing (1665)-th image... ['/dtu/p1/johlau/Thesis-Synthex/data/RAD-ChestCT-DRR-CROPPED/val27316.nii.gz.png']
processing (1670)-th image... ['/dtu/p1/johlau/Thesis-Synthex/data/RAD-ChestCT-DRR-CROPPED/val27340.nii.gz.png']
processing (1675)-th image... ['/dtu/p1/johlau/Thesis-Synthex/data/RAD-ChestCT-DRR-CROPPED/val27359.nii.gz.png']
processing (1680)-th image... ['/dtu/p1/johlau/Thesis-Synthex/data/RAD-ChestCT-DRR-CROPPED/val27383.nii.gz.png']
processing (1685)-th image... ['/dtu/p1/johlau/Thesis-Synthex/data/RAD-ChestCT-DRR-CROPPED/val27400.nii.gz.png']
processing (1690)-th image... ['/dtu/p1/johlau/Thesis-Synthex/data/RAD-ChestCT-DRR-CROPPED/val27421.nii.gz.png']
