Tue Apr  9 12:31:48 2024       
+-----------------------------------------------------------------------------------------+
| NVIDIA-SMI 550.54.15              Driver Version: 550.54.15      CUDA Version: 12.4     |
|-----------------------------------------+------------------------+----------------------+
| GPU  Name                 Persistence-M | Bus-Id          Disp.A | Volatile Uncorr. ECC |
| Fan  Temp   Perf          Pwr:Usage/Cap |           Memory-Usage | GPU-Util  Compute M. |
|                                         |                        |               MIG M. |
|=========================================+========================+======================|
|   0  NVIDIA H100 PCIe               On  |   00000000:A1:00.0 Off |                    0 |
| N/A   25C    P0             46W /  350W |       0MiB /  81559MiB |      0%   E. Process |
|                                         |                        |             Disabled |
+-----------------------------------------+------------------------+----------------------+
                                                                                         
+-----------------------------------------------------------------------------------------+
| Processes:                                                                              |
|  GPU   GI   CI        PID   Type   Process name                              GPU Memory |
|        ID   ID                                                               Usage      |
|=========================================================================================|
|  No running processes found                                                             |
+-----------------------------------------------------------------------------------------+
saved example projection image to /dtu/p1/johlau/Thesis-Synthex/data/ImagEng-DRR/1.png
saved example projection image to /dtu/p1/johlau/Thesis-Synthex/data/ImagEng-DRR/2.png
saved example projection image to /dtu/p1/johlau/Thesis-Synthex/data/ImagEng-DRR/3.png
saved example projection image to /dtu/p1/johlau/Thesis-Synthex/data/ImagEng-DRR/4.png
saved example projection image to /dtu/p1/johlau/Thesis-Synthex/data/ImagEng-DRR/5.png
saved example projection image to /dtu/p1/johlau/Thesis-Synthex/data/ImagEng-DRR/6.png
saved example projection image to /dtu/p1/johlau/Thesis-Synthex/data/ImagEng-DRR/7.png
