Thu Apr 18 21:05:59 2024       
+-----------------------------------------------------------------------------------------+
| NVIDIA-SMI 550.54.15              Driver Version: 550.54.15      CUDA Version: 12.4     |
|-----------------------------------------+------------------------+----------------------+
| GPU  Name                 Persistence-M | Bus-Id          Disp.A | Volatile Uncorr. ECC |
| Fan  Temp   Perf          Pwr:Usage/Cap |           Memory-Usage | GPU-Util  Compute M. |
|                                         |                        |               MIG M. |
|=========================================+========================+======================|
|   0  NVIDIA H100 PCIe               On  |   00000000:A1:00.0 Off |                    0 |
| N/A   32C    P0             46W /  350W |       0MiB /  81559MiB |      0%   E. Process |
|                                         |                        |             Disabled |
+-----------------------------------------+------------------------+----------------------+
                                                                                         
+-----------------------------------------------------------------------------------------+
| Processes:                                                                              |
|  GPU   GI   CI        PID   Type   Process name                              GPU Memory |
|        ID   ID                                                               Usage      |
|=========================================================================================|
|  No running processes found                                                             |
+-----------------------------------------------------------------------------------------+
Defaulting to user installation because normal site-packages is not writeable
Requirement already satisfied: numpy in /zhome/4e/b/208805/.local/lib/python3.9/site-packages (from -r /dtu/p1/johlau/Thesis-Synthex/deepdrr/requirements.txt (line 2)) (1.26.4)
Requirement already satisfied: torch in /zhome/4e/b/208805/.local/lib/python3.9/site-packages (from -r /dtu/p1/johlau/Thesis-Synthex/deepdrr/requirements.txt (line 3)) (2.1.1+cu121)
Requirement already satisfied: torchvision in /zhome/4e/b/208805/.local/lib/python3.9/site-packages (from -r /dtu/p1/johlau/Thesis-Synthex/deepdrr/requirements.txt (line 4)) (0.16.1+cu121)
Requirement already satisfied: nibabel in /zhome/4e/b/208805/.local/lib/python3.9/site-packages (from -r /dtu/p1/johlau/Thesis-Synthex/deepdrr/requirements.txt (line 5)) (3.2.2)
Requirement already satisfied: scikit-image in /zhome/4e/b/208805/.local/lib/python3.9/site-packages (from -r /dtu/p1/johlau/Thesis-Synthex/deepdrr/requirements.txt (line 6)) (0.22.0)
Requirement already satisfied: pydicom in /zhome/4e/b/208805/.local/lib/python3.9/site-packages (from -r /dtu/p1/johlau/Thesis-Synthex/deepdrr/requirements.txt (line 7)) (2.4.4)
Requirement already satisfied: scipy in /zhome/4e/b/208805/.local/lib/python3.9/site-packages (from -r /dtu/p1/johlau/Thesis-Synthex/deepdrr/requirements.txt (line 8)) (1.12.0)
Requirement already satisfied: pyvista in /zhome/4e/b/208805/.local/lib/python3.9/site-packages (from -r /dtu/p1/johlau/Thesis-Synthex/deepdrr/requirements.txt (line 9)) (0.43.3)
Requirement already satisfied: pycuda in /zhome/4e/b/208805/.local/lib/python3.9/site-packages (from -r /dtu/p1/johlau/Thesis-Synthex/deepdrr/requirements.txt (line 10)) (2024.1)
Requirement already satisfied: pynrrd in /zhome/4e/b/208805/.local/lib/python3.9/site-packages (from -r /dtu/p1/johlau/Thesis-Synthex/deepdrr/requirements.txt (line 11)) (1.0.0)
Requirement already satisfied: rich in /zhome/4e/b/208805/.local/lib/python3.9/site-packages (from -r /dtu/p1/johlau/Thesis-Synthex/deepdrr/requirements.txt (line 12)) (13.7.0)
Requirement already satisfied: opencv-python in /zhome/4e/b/208805/.local/lib/python3.9/site-packages (from -r /dtu/p1/johlau/Thesis-Synthex/deepdrr/requirements.txt (line 13)) (4.9.0.80)
Requirement already satisfied: seaborn in /zhome/4e/b/208805/.local/lib/python3.9/site-packages (from -r /dtu/p1/johlau/Thesis-Synthex/deepdrr/requirements.txt (line 14)) (0.13.0)
Requirement already satisfied: black in /zhome/4e/b/208805/.local/lib/python3.9/site-packages (from -r /dtu/p1/johlau/Thesis-Synthex/deepdrr/requirements.txt (line 17)) (24.4.0)
Requirement already satisfied: pytest in /zhome/4e/b/208805/.local/lib/python3.9/site-packages (from -r /dtu/p1/johlau/Thesis-Synthex/deepdrr/requirements.txt (line 18)) (8.1.1)
Requirement already satisfied: fsspec in /zhome/4e/b/208805/.local/lib/python3.9/site-packages (from torch->-r /dtu/p1/johlau/Thesis-Synthex/deepdrr/requirements.txt (line 3)) (2023.10.0)
Requirement already satisfied: networkx in /zhome/4e/b/208805/.local/lib/python3.9/site-packages (from torch->-r /dtu/p1/johlau/Thesis-Synthex/deepdrr/requirements.txt (line 3)) (3.2.1)
Requirement already satisfied: triton==2.1.0 in /zhome/4e/b/208805/.local/lib/python3.9/site-packages (from torch->-r /dtu/p1/johlau/Thesis-Synthex/deepdrr/requirements.txt (line 3)) (2.1.0)
Requirement already satisfied: jinja2 in /zhome/4e/b/208805/.local/lib/python3.9/site-packages (from torch->-r /dtu/p1/johlau/Thesis-Synthex/deepdrr/requirements.txt (line 3)) (3.1.2)
Requirement already satisfied: sympy in /zhome/4e/b/208805/.local/lib/python3.9/site-packages (from torch->-r /dtu/p1/johlau/Thesis-Synthex/deepdrr/requirements.txt (line 3)) (1.12)
Requirement already satisfied: filelock in /usr/lib/python3.9/site-packages (from torch->-r /dtu/p1/johlau/Thesis-Synthex/deepdrr/requirements.txt (line 3)) (3.7.1)
Requirement already satisfied: typing-extensions in /zhome/4e/b/208805/.local/lib/python3.9/site-packages (from torch->-r /dtu/p1/johlau/Thesis-Synthex/deepdrr/requirements.txt (line 3)) (4.9.0)
Requirement already satisfied: requests in /usr/lib/python3.9/site-packages (from torchvision->-r /dtu/p1/johlau/Thesis-Synthex/deepdrr/requirements.txt (line 4)) (2.25.1)
Requirement already satisfied: pillow!=8.3.*,>=5.3.0 in /usr/lib64/python3.9/site-packages (from torchvision->-r /dtu/p1/johlau/Thesis-Synthex/deepdrr/requirements.txt (line 4)) (10.0.1)
Requirement already satisfied: setuptools in /usr/lib/python3.9/site-packages (from nibabel->-r /dtu/p1/johlau/Thesis-Synthex/deepdrr/requirements.txt (line 5)) (53.0.0)
Requirement already satisfied: packaging>=14.3 in /zhome/4e/b/208805/.local/lib/python3.9/site-packages (from nibabel->-r /dtu/p1/johlau/Thesis-Synthex/deepdrr/requirements.txt (line 5)) (23.2)
Requirement already satisfied: tifffile>=2022.8.12 in /zhome/4e/b/208805/.local/lib/python3.9/site-packages (from scikit-image->-r /dtu/p1/johlau/Thesis-Synthex/deepdrr/requirements.txt (line 6)) (2024.2.12)
Requirement already satisfied: imageio>=2.27 in /zhome/4e/b/208805/.local/lib/python3.9/site-packages (from scikit-image->-r /dtu/p1/johlau/Thesis-Synthex/deepdrr/requirements.txt (line 6)) (2.34.0)
Requirement already satisfied: lazy_loader>=0.3 in /zhome/4e/b/208805/.local/lib/python3.9/site-packages (from scikit-image->-r /dtu/p1/johlau/Thesis-Synthex/deepdrr/requirements.txt (line 6)) (0.3)
Requirement already satisfied: pooch in /zhome/4e/b/208805/.local/lib/python3.9/site-packages (from pyvista->-r /dtu/p1/johlau/Thesis-Synthex/deepdrr/requirements.txt (line 9)) (1.8.1)
Requirement already satisfied: matplotlib>=3.0.1 in /usr/lib64/python3.9/site-packages (from pyvista->-r /dtu/p1/johlau/Thesis-Synthex/deepdrr/requirements.txt (line 9)) (3.4.3)
Requirement already satisfied: vtk in /zhome/4e/b/208805/.local/lib/python3.9/site-packages (from pyvista->-r /dtu/p1/johlau/Thesis-Synthex/deepdrr/requirements.txt (line 9)) (9.3.0)
Requirement already satisfied: scooby>=0.5.1 in /zhome/4e/b/208805/.local/lib/python3.9/site-packages (from pyvista->-r /dtu/p1/johlau/Thesis-Synthex/deepdrr/requirements.txt (line 9)) (0.9.2)
Requirement already satisfied: pytools>=2011.2 in /zhome/4e/b/208805/.local/lib/python3.9/site-packages (from pycuda->-r /dtu/p1/johlau/Thesis-Synthex/deepdrr/requirements.txt (line 10)) (2023.1.1)
Requirement already satisfied: appdirs>=1.4.0 in /usr/lib/python3.9/site-packages (from pycuda->-r /dtu/p1/johlau/Thesis-Synthex/deepdrr/requirements.txt (line 10)) (1.4.4)
Requirement already satisfied: mako in /zhome/4e/b/208805/.local/lib/python3.9/site-packages (from pycuda->-r /dtu/p1/johlau/Thesis-Synthex/deepdrr/requirements.txt (line 10)) (1.3.2)
Requirement already satisfied: nptyping in /zhome/4e/b/208805/.local/lib/python3.9/site-packages (from pynrrd->-r /dtu/p1/johlau/Thesis-Synthex/deepdrr/requirements.txt (line 11)) (2.5.0)
Requirement already satisfied: markdown-it-py>=2.2.0 in /zhome/4e/b/208805/.local/lib/python3.9/site-packages (from rich->-r /dtu/p1/johlau/Thesis-Synthex/deepdrr/requirements.txt (line 12)) (3.0.0)
Requirement already satisfied: pygments<3.0.0,>=2.13.0 in /zhome/4e/b/208805/.local/lib/python3.9/site-packages (from rich->-r /dtu/p1/johlau/Thesis-Synthex/deepdrr/requirements.txt (line 12)) (2.17.2)
Requirement already satisfied: pandas>=1.2 in /zhome/4e/b/208805/.local/lib/python3.9/site-packages (from seaborn->-r /dtu/p1/johlau/Thesis-Synthex/deepdrr/requirements.txt (line 14)) (2.1.4)
Requirement already satisfied: platformdirs>=2 in /usr/lib/python3.9/site-packages (from black->-r /dtu/p1/johlau/Thesis-Synthex/deepdrr/requirements.txt (line 17)) (2.5.4)
Requirement already satisfied: tomli>=1.1.0 in /zhome/4e/b/208805/.local/lib/python3.9/site-packages (from black->-r /dtu/p1/johlau/Thesis-Synthex/deepdrr/requirements.txt (line 17)) (2.0.1)
Requirement already satisfied: click>=8.0.0 in /zhome/4e/b/208805/.local/lib/python3.9/site-packages (from black->-r /dtu/p1/johlau/Thesis-Synthex/deepdrr/requirements.txt (line 17)) (8.1.7)
Requirement already satisfied: mypy-extensions>=0.4.3 in /zhome/4e/b/208805/.local/lib/python3.9/site-packages (from black->-r /dtu/p1/johlau/Thesis-Synthex/deepdrr/requirements.txt (line 17)) (1.0.0)
Requirement already satisfied: pathspec>=0.9.0 in /zhome/4e/b/208805/.local/lib/python3.9/site-packages (from black->-r /dtu/p1/johlau/Thesis-Synthex/deepdrr/requirements.txt (line 17)) (0.12.1)
Requirement already satisfied: exceptiongroup>=1.0.0rc8 in /zhome/4e/b/208805/.local/lib/python3.9/site-packages (from pytest->-r /dtu/p1/johlau/Thesis-Synthex/deepdrr/requirements.txt (line 18)) (1.2.0)
Requirement already satisfied: iniconfig in /zhome/4e/b/208805/.local/lib/python3.9/site-packages (from pytest->-r /dtu/p1/johlau/Thesis-Synthex/deepdrr/requirements.txt (line 18)) (2.0.0)
Requirement already satisfied: pluggy<2.0,>=1.4 in /zhome/4e/b/208805/.local/lib/python3.9/site-packages (from pytest->-r /dtu/p1/johlau/Thesis-Synthex/deepdrr/requirements.txt (line 18)) (1.4.0)
Requirement already satisfied: mdurl~=0.1 in /zhome/4e/b/208805/.local/lib/python3.9/site-packages (from markdown-it-py>=2.2.0->rich->-r /dtu/p1/johlau/Thesis-Synthex/deepdrr/requirements.txt (line 12)) (0.1.2)
Requirement already satisfied: cycler>=0.10 in /usr/lib/python3.9/site-packages (from matplotlib>=3.0.1->pyvista->-r /dtu/p1/johlau/Thesis-Synthex/deepdrr/requirements.txt (line 9)) (0.11.0)
Requirement already satisfied: kiwisolver>=1.0.1 in /usr/lib64/python3.9/site-packages (from matplotlib>=3.0.1->pyvista->-r /dtu/p1/johlau/Thesis-Synthex/deepdrr/requirements.txt (line 9)) (1.4.1)
Requirement already satisfied: pyparsing>=2.2.1 in /usr/lib/python3.9/site-packages (from matplotlib>=3.0.1->pyvista->-r /dtu/p1/johlau/Thesis-Synthex/deepdrr/requirements.txt (line 9)) (2.4.7)
Requirement already satisfied: python-dateutil>=2.7 in /zhome/4e/b/208805/.local/lib/python3.9/site-packages (from matplotlib>=3.0.1->pyvista->-r /dtu/p1/johlau/Thesis-Synthex/deepdrr/requirements.txt (line 9)) (2.8.2)
Requirement already satisfied: tzdata>=2022.1 in /zhome/4e/b/208805/.local/lib/python3.9/site-packages (from pandas>=1.2->seaborn->-r /dtu/p1/johlau/Thesis-Synthex/deepdrr/requirements.txt (line 14)) (2023.3)
Requirement already satisfied: pytz>=2020.1 in /zhome/4e/b/208805/.local/lib/python3.9/site-packages (from pandas>=1.2->seaborn->-r /dtu/p1/johlau/Thesis-Synthex/deepdrr/requirements.txt (line 14)) (2023.3.post1)
Requirement already satisfied: six>=1.5 in /usr/lib/python3.9/site-packages (from python-dateutil>=2.7->matplotlib>=3.0.1->pyvista->-r /dtu/p1/johlau/Thesis-Synthex/deepdrr/requirements.txt (line 9)) (1.15.0)
Requirement already satisfied: MarkupSafe>=2.0 in /zhome/4e/b/208805/.local/lib/python3.9/site-packages (from jinja2->torch->-r /dtu/p1/johlau/Thesis-Synthex/deepdrr/requirements.txt (line 3)) (2.1.3)
Requirement already satisfied: chardet<5,>=3.0.2 in /usr/lib/python3.9/site-packages (from requests->torchvision->-r /dtu/p1/johlau/Thesis-Synthex/deepdrr/requirements.txt (line 4)) (4.0.0)
Requirement already satisfied: urllib3<1.27,>=1.21.1 in /usr/lib/python3.9/site-packages (from requests->torchvision->-r /dtu/p1/johlau/Thesis-Synthex/deepdrr/requirements.txt (line 4)) (1.26.5)
Requirement already satisfied: idna<3,>=2.5 in /usr/lib/python3.9/site-packages (from requests->torchvision->-r /dtu/p1/johlau/Thesis-Synthex/deepdrr/requirements.txt (line 4)) (2.10)
Requirement already satisfied: mpmath>=0.19 in /zhome/4e/b/208805/.local/lib/python3.9/site-packages (from sympy->torch->-r /dtu/p1/johlau/Thesis-Synthex/deepdrr/requirements.txt (line 3)) (1.3.0)
Using downloaded and verified file: /zhome/4e/b/208805/datasets/DeepDRR_DATA/model_segmentation.pth.tar
saved example projection image to /dtu/p1/johlau/Thesis-Synthex/data/ImagEng-DRR/1.png
Using downloaded and verified file: /zhome/4e/b/208805/datasets/DeepDRR_DATA/model_segmentation.pth.tar
saved example projection image to /dtu/p1/johlau/Thesis-Synthex/data/ImagEng-DRR/2.png
Using downloaded and verified file: /zhome/4e/b/208805/datasets/DeepDRR_DATA/model_segmentation.pth.tar
saved example projection image to /dtu/p1/johlau/Thesis-Synthex/data/ImagEng-DRR/3.png
Using downloaded and verified file: /zhome/4e/b/208805/datasets/DeepDRR_DATA/model_segmentation.pth.tar
saved example projection image to /dtu/p1/johlau/Thesis-Synthex/data/ImagEng-DRR/4.png
Using downloaded and verified file: /zhome/4e/b/208805/datasets/DeepDRR_DATA/model_segmentation.pth.tar
saved example projection image to /dtu/p1/johlau/Thesis-Synthex/data/ImagEng-DRR/5.png
Using downloaded and verified file: /zhome/4e/b/208805/datasets/DeepDRR_DATA/model_segmentation.pth.tar
saved example projection image to /dtu/p1/johlau/Thesis-Synthex/data/ImagEng-DRR/6.png
Using downloaded and verified file: /zhome/4e/b/208805/datasets/DeepDRR_DATA/model_segmentation.pth.tar
saved example projection image to /dtu/p1/johlau/Thesis-Synthex/data/ImagEng-DRR/7.png
Using downloaded and verified file: /zhome/4e/b/208805/datasets/DeepDRR_DATA/model_segmentation.pth.tar
saved example projection image to /dtu/p1/johlau/Thesis-Synthex/data/ImagEng-DRR/8.png
Using downloaded and verified file: /zhome/4e/b/208805/datasets/DeepDRR_DATA/model_segmentation.pth.tar
saved example projection image to /dtu/p1/johlau/Thesis-Synthex/data/ImagEng-DRR/9.png
Using downloaded and verified file: /zhome/4e/b/208805/datasets/DeepDRR_DATA/model_segmentation.pth.tar
saved example projection image to /dtu/p1/johlau/Thesis-Synthex/data/ImagEng-DRR/10.png
Using downloaded and verified file: /zhome/4e/b/208805/datasets/DeepDRR_DATA/model_segmentation.pth.tar
saved example projection image to /dtu/p1/johlau/Thesis-Synthex/data/ImagEng-DRR/11.png
Using downloaded and verified file: /zhome/4e/b/208805/datasets/DeepDRR_DATA/model_segmentation.pth.tar
saved example projection image to /dtu/p1/johlau/Thesis-Synthex/data/ImagEng-DRR/12.png
Using downloaded and verified file: /zhome/4e/b/208805/datasets/DeepDRR_DATA/model_segmentation.pth.tar
saved example projection image to /dtu/p1/johlau/Thesis-Synthex/data/ImagEng-DRR/13.png
Using downloaded and verified file: /zhome/4e/b/208805/datasets/DeepDRR_DATA/model_segmentation.pth.tar
saved example projection image to /dtu/p1/johlau/Thesis-Synthex/data/ImagEng-DRR/14.png
Using downloaded and verified file: /zhome/4e/b/208805/datasets/DeepDRR_DATA/model_segmentation.pth.tar
saved example projection image to /dtu/p1/johlau/Thesis-Synthex/data/ImagEng-DRR/15.png
Using downloaded and verified file: /zhome/4e/b/208805/datasets/DeepDRR_DATA/model_segmentation.pth.tar
saved example projection image to /dtu/p1/johlau/Thesis-Synthex/data/ImagEng-DRR/16.png
Using downloaded and verified file: /zhome/4e/b/208805/datasets/DeepDRR_DATA/model_segmentation.pth.tar
saved example projection image to /dtu/p1/johlau/Thesis-Synthex/data/ImagEng-DRR/17.png
Using downloaded and verified file: /zhome/4e/b/208805/datasets/DeepDRR_DATA/model_segmentation.pth.tar
saved example projection image to /dtu/p1/johlau/Thesis-Synthex/data/ImagEng-DRR/18.png
Using downloaded and verified file: /zhome/4e/b/208805/datasets/DeepDRR_DATA/model_segmentation.pth.tar
saved example projection image to /dtu/p1/johlau/Thesis-Synthex/data/ImagEng-DRR/19.png
Using downloaded and verified file: /zhome/4e/b/208805/datasets/DeepDRR_DATA/model_segmentation.pth.tar
saved example projection image to /dtu/p1/johlau/Thesis-Synthex/data/ImagEng-DRR/20.png
Using downloaded and verified file: /zhome/4e/b/208805/datasets/DeepDRR_DATA/model_segmentation.pth.tar
saved example projection image to /dtu/p1/johlau/Thesis-Synthex/data/ImagEng-DRR/21.png
Using downloaded and verified file: /zhome/4e/b/208805/datasets/DeepDRR_DATA/model_segmentation.pth.tar
saved example projection image to /dtu/p1/johlau/Thesis-Synthex/data/ImagEng-DRR/22.png
Using downloaded and verified file: /zhome/4e/b/208805/datasets/DeepDRR_DATA/model_segmentation.pth.tar
saved example projection image to /dtu/p1/johlau/Thesis-Synthex/data/ImagEng-DRR/23.png
Using downloaded and verified file: /zhome/4e/b/208805/datasets/DeepDRR_DATA/model_segmentation.pth.tar
saved example projection image to /dtu/p1/johlau/Thesis-Synthex/data/ImagEng-DRR/24.png
Using downloaded and verified file: /zhome/4e/b/208805/datasets/DeepDRR_DATA/model_segmentation.pth.tar
saved example projection image to /dtu/p1/johlau/Thesis-Synthex/data/ImagEng-DRR/25.png
Using downloaded and verified file: /zhome/4e/b/208805/datasets/DeepDRR_DATA/model_segmentation.pth.tar
saved example projection image to /dtu/p1/johlau/Thesis-Synthex/data/ImagEng-DRR/26.png
Using downloaded and verified file: /zhome/4e/b/208805/datasets/DeepDRR_DATA/model_segmentation.pth.tar
saved example projection image to /dtu/p1/johlau/Thesis-Synthex/data/ImagEng-DRR/27.png
Using downloaded and verified file: /zhome/4e/b/208805/datasets/DeepDRR_DATA/model_segmentation.pth.tar
saved example projection image to /dtu/p1/johlau/Thesis-Synthex/data/ImagEng-DRR/28.png
Using downloaded and verified file: /zhome/4e/b/208805/datasets/DeepDRR_DATA/model_segmentation.pth.tar
saved example projection image to /dtu/p1/johlau/Thesis-Synthex/data/ImagEng-DRR/29.png
Using downloaded and verified file: /zhome/4e/b/208805/datasets/DeepDRR_DATA/model_segmentation.pth.tar
saved example projection image to /dtu/p1/johlau/Thesis-Synthex/data/ImagEng-DRR/30.png
Using downloaded and verified file: /zhome/4e/b/208805/datasets/DeepDRR_DATA/model_segmentation.pth.tar
saved example projection image to /dtu/p1/johlau/Thesis-Synthex/data/ImagEng-DRR/31.png
Using downloaded and verified file: /zhome/4e/b/208805/datasets/DeepDRR_DATA/model_segmentation.pth.tar
saved example projection image to /dtu/p1/johlau/Thesis-Synthex/data/ImagEng-DRR/32.png
Using downloaded and verified file: /zhome/4e/b/208805/datasets/DeepDRR_DATA/model_segmentation.pth.tar
saved example projection image to /dtu/p1/johlau/Thesis-Synthex/data/ImagEng-DRR/33.png
Using downloaded and verified file: /zhome/4e/b/208805/datasets/DeepDRR_DATA/model_segmentation.pth.tar
saved example projection image to /dtu/p1/johlau/Thesis-Synthex/data/ImagEng-DRR/34.png
Using downloaded and verified file: /zhome/4e/b/208805/datasets/DeepDRR_DATA/model_segmentation.pth.tar
saved example projection image to /dtu/p1/johlau/Thesis-Synthex/data/ImagEng-DRR/35.png
Using downloaded and verified file: /zhome/4e/b/208805/datasets/DeepDRR_DATA/model_segmentation.pth.tar
saved example projection image to /dtu/p1/johlau/Thesis-Synthex/data/ImagEng-DRR/36.png
Using downloaded and verified file: /zhome/4e/b/208805/datasets/DeepDRR_DATA/model_segmentation.pth.tar
saved example projection image to /dtu/p1/johlau/Thesis-Synthex/data/ImagEng-DRR/37.png
Using downloaded and verified file: /zhome/4e/b/208805/datasets/DeepDRR_DATA/model_segmentation.pth.tar
saved example projection image to /dtu/p1/johlau/Thesis-Synthex/data/ImagEng-DRR/38.png
Using downloaded and verified file: /zhome/4e/b/208805/datasets/DeepDRR_DATA/model_segmentation.pth.tar
saved example projection image to /dtu/p1/johlau/Thesis-Synthex/data/ImagEng-DRR/39.png
Using downloaded and verified file: /zhome/4e/b/208805/datasets/DeepDRR_DATA/model_segmentation.pth.tar
saved example projection image to /dtu/p1/johlau/Thesis-Synthex/data/ImagEng-DRR/40.png
Using downloaded and verified file: /zhome/4e/b/208805/datasets/DeepDRR_DATA/model_segmentation.pth.tar
saved example projection image to /dtu/p1/johlau/Thesis-Synthex/data/ImagEng-DRR/41.png
Using downloaded and verified file: /zhome/4e/b/208805/datasets/DeepDRR_DATA/model_segmentation.pth.tar
saved example projection image to /dtu/p1/johlau/Thesis-Synthex/data/ImagEng-DRR/42.png
Using downloaded and verified file: /zhome/4e/b/208805/datasets/DeepDRR_DATA/model_segmentation.pth.tar
saved example projection image to /dtu/p1/johlau/Thesis-Synthex/data/ImagEng-DRR/43.png
Using downloaded and verified file: /zhome/4e/b/208805/datasets/DeepDRR_DATA/model_segmentation.pth.tar
saved example projection image to /dtu/p1/johlau/Thesis-Synthex/data/ImagEng-DRR/44.png
Using downloaded and verified file: /zhome/4e/b/208805/datasets/DeepDRR_DATA/model_segmentation.pth.tar
saved example projection image to /dtu/p1/johlau/Thesis-Synthex/data/ImagEng-DRR/45.png
Using downloaded and verified file: /zhome/4e/b/208805/datasets/DeepDRR_DATA/model_segmentation.pth.tar
saved example projection image to /dtu/p1/johlau/Thesis-Synthex/data/ImagEng-DRR/46.png
Using downloaded and verified file: /zhome/4e/b/208805/datasets/DeepDRR_DATA/model_segmentation.pth.tar
saved example projection image to /dtu/p1/johlau/Thesis-Synthex/data/ImagEng-DRR/47.png
Using downloaded and verified file: /zhome/4e/b/208805/datasets/DeepDRR_DATA/model_segmentation.pth.tar
saved example projection image to /dtu/p1/johlau/Thesis-Synthex/data/ImagEng-DRR/48.png
Using downloaded and verified file: /zhome/4e/b/208805/datasets/DeepDRR_DATA/model_segmentation.pth.tar
saved example projection image to /dtu/p1/johlau/Thesis-Synthex/data/ImagEng-DRR/49.png
Using downloaded and verified file: /zhome/4e/b/208805/datasets/DeepDRR_DATA/model_segmentation.pth.tar
saved example projection image to /dtu/p1/johlau/Thesis-Synthex/data/ImagEng-DRR/50.png
Using downloaded and verified file: /zhome/4e/b/208805/datasets/DeepDRR_DATA/model_segmentation.pth.tar
saved example projection image to /dtu/p1/johlau/Thesis-Synthex/data/ImagEng-DRR/51.png
Using downloaded and verified file: /zhome/4e/b/208805/datasets/DeepDRR_DATA/model_segmentation.pth.tar
saved example projection image to /dtu/p1/johlau/Thesis-Synthex/data/ImagEng-DRR/52.png
Using downloaded and verified file: /zhome/4e/b/208805/datasets/DeepDRR_DATA/model_segmentation.pth.tar
saved example projection image to /dtu/p1/johlau/Thesis-Synthex/data/ImagEng-DRR/53.png
Using downloaded and verified file: /zhome/4e/b/208805/datasets/DeepDRR_DATA/model_segmentation.pth.tar
saved example projection image to /dtu/p1/johlau/Thesis-Synthex/data/ImagEng-DRR/54.png
Using downloaded and verified file: /zhome/4e/b/208805/datasets/DeepDRR_DATA/model_segmentation.pth.tar
saved example projection image to /dtu/p1/johlau/Thesis-Synthex/data/ImagEng-DRR/55.png
Using downloaded and verified file: /zhome/4e/b/208805/datasets/DeepDRR_DATA/model_segmentation.pth.tar
saved example projection image to /dtu/p1/johlau/Thesis-Synthex/data/ImagEng-DRR/56.png
Using downloaded and verified file: /zhome/4e/b/208805/datasets/DeepDRR_DATA/model_segmentation.pth.tar
saved example projection image to /dtu/p1/johlau/Thesis-Synthex/data/ImagEng-DRR/57.png
Using downloaded and verified file: /zhome/4e/b/208805/datasets/DeepDRR_DATA/model_segmentation.pth.tar
saved example projection image to /dtu/p1/johlau/Thesis-Synthex/data/ImagEng-DRR/58.png
Using downloaded and verified file: /zhome/4e/b/208805/datasets/DeepDRR_DATA/model_segmentation.pth.tar
saved example projection image to /dtu/p1/johlau/Thesis-Synthex/data/ImagEng-DRR/59.png
Using downloaded and verified file: /zhome/4e/b/208805/datasets/DeepDRR_DATA/model_segmentation.pth.tar
saved example projection image to /dtu/p1/johlau/Thesis-Synthex/data/ImagEng-DRR/60.png
Using downloaded and verified file: /zhome/4e/b/208805/datasets/DeepDRR_DATA/model_segmentation.pth.tar
saved example projection image to /dtu/p1/johlau/Thesis-Synthex/data/ImagEng-DRR/61.png
Using downloaded and verified file: /zhome/4e/b/208805/datasets/DeepDRR_DATA/model_segmentation.pth.tar
saved example projection image to /dtu/p1/johlau/Thesis-Synthex/data/ImagEng-DRR/62.png
Using downloaded and verified file: /zhome/4e/b/208805/datasets/DeepDRR_DATA/model_segmentation.pth.tar
saved example projection image to /dtu/p1/johlau/Thesis-Synthex/data/ImagEng-DRR/63.png
Using downloaded and verified file: /zhome/4e/b/208805/datasets/DeepDRR_DATA/model_segmentation.pth.tar
saved example projection image to /dtu/p1/johlau/Thesis-Synthex/data/ImagEng-DRR/64.png
Using downloaded and verified file: /zhome/4e/b/208805/datasets/DeepDRR_DATA/model_segmentation.pth.tar
saved example projection image to /dtu/p1/johlau/Thesis-Synthex/data/ImagEng-DRR/65.png
Using downloaded and verified file: /zhome/4e/b/208805/datasets/DeepDRR_DATA/model_segmentation.pth.tar
saved example projection image to /dtu/p1/johlau/Thesis-Synthex/data/ImagEng-DRR/66.png
Using downloaded and verified file: /zhome/4e/b/208805/datasets/DeepDRR_DATA/model_segmentation.pth.tar
saved example projection image to /dtu/p1/johlau/Thesis-Synthex/data/ImagEng-DRR/67.png
Using downloaded and verified file: /zhome/4e/b/208805/datasets/DeepDRR_DATA/model_segmentation.pth.tar
saved example projection image to /dtu/p1/johlau/Thesis-Synthex/data/ImagEng-DRR/68.png
Using downloaded and verified file: /zhome/4e/b/208805/datasets/DeepDRR_DATA/model_segmentation.pth.tar
saved example projection image to /dtu/p1/johlau/Thesis-Synthex/data/ImagEng-DRR/69.png
Using downloaded and verified file: /zhome/4e/b/208805/datasets/DeepDRR_DATA/model_segmentation.pth.tar
saved example projection image to /dtu/p1/johlau/Thesis-Synthex/data/ImagEng-DRR/70.png
Using downloaded and verified file: /zhome/4e/b/208805/datasets/DeepDRR_DATA/model_segmentation.pth.tar
saved example projection image to /dtu/p1/johlau/Thesis-Synthex/data/ImagEng-DRR/71.png
Using downloaded and verified file: /zhome/4e/b/208805/datasets/DeepDRR_DATA/model_segmentation.pth.tar
saved example projection image to /dtu/p1/johlau/Thesis-Synthex/data/ImagEng-DRR/72.png
Using downloaded and verified file: /zhome/4e/b/208805/datasets/DeepDRR_DATA/model_segmentation.pth.tar
saved example projection image to /dtu/p1/johlau/Thesis-Synthex/data/ImagEng-DRR/73.png
Using downloaded and verified file: /zhome/4e/b/208805/datasets/DeepDRR_DATA/model_segmentation.pth.tar
saved example projection image to /dtu/p1/johlau/Thesis-Synthex/data/ImagEng-DRR/74.png
Using downloaded and verified file: /zhome/4e/b/208805/datasets/DeepDRR_DATA/model_segmentation.pth.tar
saved example projection image to /dtu/p1/johlau/Thesis-Synthex/data/ImagEng-DRR/75.png
Using downloaded and verified file: /zhome/4e/b/208805/datasets/DeepDRR_DATA/model_segmentation.pth.tar
saved example projection image to /dtu/p1/johlau/Thesis-Synthex/data/ImagEng-DRR/76.png
Using downloaded and verified file: /zhome/4e/b/208805/datasets/DeepDRR_DATA/model_segmentation.pth.tar
saved example projection image to /dtu/p1/johlau/Thesis-Synthex/data/ImagEng-DRR/77.png
Using downloaded and verified file: /zhome/4e/b/208805/datasets/DeepDRR_DATA/model_segmentation.pth.tar
saved example projection image to /dtu/p1/johlau/Thesis-Synthex/data/ImagEng-DRR/78.png
Using downloaded and verified file: /zhome/4e/b/208805/datasets/DeepDRR_DATA/model_segmentation.pth.tar
saved example projection image to /dtu/p1/johlau/Thesis-Synthex/data/ImagEng-DRR/79.png
Using downloaded and verified file: /zhome/4e/b/208805/datasets/DeepDRR_DATA/model_segmentation.pth.tar
saved example projection image to /dtu/p1/johlau/Thesis-Synthex/data/ImagEng-DRR/80.png
Using downloaded and verified file: /zhome/4e/b/208805/datasets/DeepDRR_DATA/model_segmentation.pth.tar
saved example projection image to /dtu/p1/johlau/Thesis-Synthex/data/ImagEng-DRR/81.png
