Loaded module: cuda/12.2
WARNING: Value for scheme.platlib does not match. Please report this to <https://github.com/pypa/pip/issues/10151>
distutils: /zhome/4e/b/208805/.local/lib/python3.9/site-packages
sysconfig: /zhome/4e/b/208805/.local/lib64/python3.9/site-packages
WARNING: Additional context:
user = True
home = None
root = None
prefix = None
WARNING: Value for scheme.platlib does not match. Please report this to <https://github.com/pypa/pip/issues/10151>
distutils: /zhome/4e/b/208805/.local/lib/python3.9/site-packages
sysconfig: /zhome/4e/b/208805/.local/lib64/python3.9/site-packages
WARNING: Additional context:
user = True
home = None
root = None
prefix = None
2024-03-04 14:27:14,355:INFO:Calling... https://services.cancerimagingarchive.net/nbia-api/services/v1/getSeries with parameters {'Collection': 'LIDC-IDRI'}
2024-03-04 14:27:23,744:INFO:Downloading 15116 Series Instance UIDs (scans).
2024-03-04 14:27:23,745:INFO:Downloading... https://services.cancerimagingarchive.net/nbia-api/services/v1/getImage?NewFileNames=Yes&SeriesInstanceUID=1.3.6.1.4.1.14519.5.2.1.6279.6001.141365756818074696859567662357
2024-03-04 14:27:28,367:INFO:Downloading... https://services.cancerimagingarchive.net/nbia-api/services/v1/getImage?NewFileNames=Yes&SeriesInstanceUID=1.3.6.1.4.1.14519.5.2.1.6279.6001.188744668142367349818410044874
2024-03-04 14:27:33,998:INFO:Downloading... https://services.cancerimagingarchive.net/nbia-api/services/v1/getImage?NewFileNames=Yes&SeriesInstanceUID=1.3.6.1.4.1.14519.5.2.1.6279.6001.244438805420641221879751406199
2024-03-04 14:27:36,932:INFO:Downloading... https://services.cancerimagingarchive.net/nbia-api/services/v1/getImage?NewFileNames=Yes&SeriesInstanceUID=1.3.6.1.4.1.14519.5.2.1.6279.6001.465203542815096670421396392391
2024-03-04 14:27:45,686:INFO:Downloading... https://services.cancerimagingarchive.net/nbia-api/services/v1/getImage?NewFileNames=Yes&SeriesInstanceUID=1.3.6.1.4.1.14519.5.2.1.6279.6001.328966172046407489713246745434
2024-03-04 14:27:48,926:INFO:Downloading... https://services.cancerimagingarchive.net/nbia-api/services/v1/getImage?NewFileNames=Yes&SeriesInstanceUID=1.3.6.1.4.1.14519.5.2.1.6279.6001.187315748963327646100167691452
2024-03-04 14:27:53,101:INFO:Downloading... https://services.cancerimagingarchive.net/nbia-api/services/v1/getImage?NewFileNames=Yes&SeriesInstanceUID=1.3.6.1.4.1.14519.5.2.1.6279.6001.541650212189696551261299172506
2024-03-04 14:27:56,325:INFO:Downloading... https://services.cancerimagingarchive.net/nbia-api/services/v1/getImage?NewFileNames=Yes&SeriesInstanceUID=1.3.6.1.4.1.14519.5.2.1.6279.6001.141129481770767608972887619912
2024-03-04 14:28:04,501:INFO:Downloading... https://services.cancerimagingarchive.net/nbia-api/services/v1/getImage?NewFileNames=Yes&SeriesInstanceUID=1.3.6.1.4.1.14519.5.2.1.6279.6001.127704200987696583405112255999
2024-03-04 14:28:07,532:INFO:Downloading... https://services.cancerimagingarchive.net/nbia-api/services/v1/getImage?NewFileNames=Yes&SeriesInstanceUID=1.3.6.1.4.1.14519.5.2.1.6279.6001.186489439482736342984904886237
2024-03-04 14:28:10,554:INFO:Downloading... https://services.cancerimagingarchive.net/nbia-api/services/v1/getImage?NewFileNames=Yes&SeriesInstanceUID=1.3.6.1.4.1.14519.5.2.1.6279.6001.503106584587572008934827316250
2024-03-04 14:28:16,595:INFO:Downloading... https://services.cancerimagingarchive.net/nbia-api/services/v1/getImage?NewFileNames=Yes&SeriesInstanceUID=1.3.6.1.4.1.14519.5.2.1.6279.6001.935486179338862584391625697780
2024-03-04 14:28:20,387:INFO:Downloading... https://services.cancerimagingarchive.net/nbia-api/services/v1/getImage?NewFileNames=Yes&SeriesInstanceUID=1.3.6.1.4.1.14519.5.2.1.6279.6001.126739648830679105206897886262
2024-03-04 14:28:23,468:INFO:Downloading... https://services.cancerimagingarchive.net/nbia-api/services/v1/getImage?NewFileNames=Yes&SeriesInstanceUID=1.3.6.1.4.1.14519.5.2.1.6279.6001.227175413450808955880893100766
2024-03-04 14:28:26,730:INFO:Downloading... https://services.cancerimagingarchive.net/nbia-api/services/v1/getImage?NewFileNames=Yes&SeriesInstanceUID=1.3.6.1.4.1.14519.5.2.1.6279.6001.283642242112058214238811253260
2024-03-04 14:28:29,806:INFO:Downloading... https://services.cancerimagingarchive.net/nbia-api/services/v1/getImage?NewFileNames=Yes&SeriesInstanceUID=1.3.6.1.4.1.14519.5.2.1.6279.6001.293748108418182005187634428044
2024-03-04 14:28:33,180:INFO:Downloading... https://services.cancerimagingarchive.net/nbia-api/services/v1/getImage?NewFileNames=Yes&SeriesInstanceUID=1.3.6.1.4.1.14519.5.2.1.6279.6001.290078466983681447758193147990
2024-03-04 14:28:36,252:INFO:Downloading... https://services.cancerimagingarchive.net/nbia-api/services/v1/getImage?NewFileNames=Yes&SeriesInstanceUID=1.3.6.1.4.1.14519.5.2.1.6279.6001.114054218667317930927862227810
2024-03-04 14:28:41,464:INFO:Downloading... https://services.cancerimagingarchive.net/nbia-api/services/v1/getImage?NewFileNames=Yes&SeriesInstanceUID=1.3.6.1.4.1.14519.5.2.1.6279.6001.133773380223834033859531225884
2024-03-04 14:28:44,620:INFO:Downloading... https://services.cancerimagingarchive.net/nbia-api/services/v1/getImage?NewFileNames=Yes&SeriesInstanceUID=1.3.6.1.4.1.14519.5.2.1.6279.6001.338996946077590511450623068993
2024-03-04 14:28:48,394:INFO:Downloading... https://services.cancerimagingarchive.net/nbia-api/services/v1/getImage?NewFileNames=Yes&SeriesInstanceUID=1.3.6.1.4.1.14519.5.2.1.6279.6001.159487863629600617733659914437
2024-03-04 14:28:51,365:INFO:Downloading... https://services.cancerimagingarchive.net/nbia-api/services/v1/getImage?NewFileNames=Yes&SeriesInstanceUID=1.3.6.1.4.1.14519.5.2.1.6279.6001.219947541573426999189048184905
2024-03-04 14:28:57,123:INFO:Downloading... https://services.cancerimagingarchive.net/nbia-api/services/v1/getImage?NewFileNames=Yes&SeriesInstanceUID=1.3.6.1.4.1.14519.5.2.1.6279.6001.124782472062810116028985724001
2024-03-04 14:29:03,399:INFO:Downloading... https://services.cancerimagingarchive.net/nbia-api/services/v1/getImage?NewFileNames=Yes&SeriesInstanceUID=1.3.6.1.4.1.14519.5.2.1.6279.6001.113204308168622795344443518239
2024-03-04 14:29:06,433:INFO:Downloading... https://services.cancerimagingarchive.net/nbia-api/services/v1/getImage?NewFileNames=Yes&SeriesInstanceUID=1.3.6.1.4.1.14519.5.2.1.6279.6001.917305310947020542241945657562
2024-03-04 14:29:09,508:INFO:Downloading... https://services.cancerimagingarchive.net/nbia-api/services/v1/getImage?NewFileNames=Yes&SeriesInstanceUID=1.3.6.1.4.1.14519.5.2.1.6279.6001.848166234461869260408773278955
2024-03-04 14:29:12,808:INFO:Downloading... https://services.cancerimagingarchive.net/nbia-api/services/v1/getImage?NewFileNames=Yes&SeriesInstanceUID=1.3.6.1.4.1.14519.5.2.1.6279.6001.200212622715054236587460736018
2024-03-04 14:29:16,879:INFO:Downloading... https://services.cancerimagingarchive.net/nbia-api/services/v1/getImage?NewFileNames=Yes&SeriesInstanceUID=1.3.6.1.4.1.14519.5.2.1.6279.6001.849055435546135376228232912205
2024-03-04 14:29:19,958:INFO:Downloading... https://services.cancerimagingarchive.net/nbia-api/services/v1/getImage?NewFileNames=Yes&SeriesInstanceUID=1.3.6.1.4.1.14519.5.2.1.6279.6001.304628278278948764276855604043
2024-03-04 14:29:23,095:INFO:Downloading... https://services.cancerimagingarchive.net/nbia-api/services/v1/getImage?NewFileNames=Yes&SeriesInstanceUID=1.3.6.1.4.1.14519.5.2.1.6279.6001.239389342402193071820830903329
2024-03-04 14:29:26,039:INFO:Downloading... https://services.cancerimagingarchive.net/nbia-api/services/v1/getImage?NewFileNames=Yes&SeriesInstanceUID=1.3.6.1.4.1.14519.5.2.1.6279.6001.171354297808382414036496646219
2024-03-04 14:29:29,246:INFO:Downloading... https://services.cancerimagingarchive.net/nbia-api/services/v1/getImage?NewFileNames=Yes&SeriesInstanceUID=1.3.6.1.4.1.14519.5.2.1.6279.6001.441681523497855658141461160243
2024-03-04 14:29:32,704:INFO:Downloading... https://services.cancerimagingarchive.net/nbia-api/services/v1/getImage?NewFileNames=Yes&SeriesInstanceUID=1.3.6.1.4.1.14519.5.2.1.6279.6001.751575780761403927528673045356
2024-03-04 14:29:36,028:INFO:Downloading... https://services.cancerimagingarchive.net/nbia-api/services/v1/getImage?NewFileNames=Yes&SeriesInstanceUID=1.3.6.1.4.1.14519.5.2.1.6279.6001.172685512107407315502302178525
2024-03-04 14:29:47,728:INFO:Downloading... https://services.cancerimagingarchive.net/nbia-api/services/v1/getImage?NewFileNames=Yes&SeriesInstanceUID=1.3.6.1.4.1.14519.5.2.1.6279.6001.336120393326492446884182831774
2024-03-04 14:29:52,931:INFO:Downloading... https://services.cancerimagingarchive.net/nbia-api/services/v1/getImage?NewFileNames=Yes&SeriesInstanceUID=1.3.6.1.4.1.14519.5.2.1.6279.6001.336163423555823377991330718547
2024-03-04 14:29:55,686:INFO:Downloading... https://services.cancerimagingarchive.net/nbia-api/services/v1/getImage?NewFileNames=Yes&SeriesInstanceUID=1.3.6.1.4.1.14519.5.2.1.6279.6001.323550906502966539088062396689
2024-03-04 14:29:59,497:INFO:Downloading... https://services.cancerimagingarchive.net/nbia-api/services/v1/getImage?NewFileNames=Yes&SeriesInstanceUID=1.3.6.1.4.1.14519.5.2.1.6279.6001.218358813528665770411419604383
2024-03-04 14:30:04,934:INFO:Downloading... https://services.cancerimagingarchive.net/nbia-api/services/v1/getImage?NewFileNames=Yes&SeriesInstanceUID=1.3.6.1.4.1.14519.5.2.1.6279.6001.210618824080932755350370549788
2024-03-04 14:30:09,590:INFO:Downloading... https://services.cancerimagingarchive.net/nbia-api/services/v1/getImage?NewFileNames=Yes&SeriesInstanceUID=1.3.6.1.4.1.14519.5.2.1.6279.6001.234596906942464365886790139804
2024-03-04 14:30:12,528:INFO:Downloading... https://services.cancerimagingarchive.net/nbia-api/services/v1/getImage?NewFileNames=Yes&SeriesInstanceUID=1.3.6.1.4.1.14519.5.2.1.6279.6001.710230379712156460199858995644
2024-03-04 14:30:24,333:INFO:Downloading... https://services.cancerimagingarchive.net/nbia-api/services/v1/getImage?NewFileNames=Yes&SeriesInstanceUID=1.3.6.1.4.1.14519.5.2.1.6279.6001.729393032160994201323913769062
2024-03-04 14:30:29,472:INFO:Downloading... https://services.cancerimagingarchive.net/nbia-api/services/v1/getImage?NewFileNames=Yes&SeriesInstanceUID=1.3.6.1.4.1.14519.5.2.1.6279.6001.368537501176212924664995407115
2024-03-04 14:30:32,699:INFO:Downloading... https://services.cancerimagingarchive.net/nbia-api/services/v1/getImage?NewFileNames=Yes&SeriesInstanceUID=1.3.6.1.4.1.14519.5.2.1.6279.6001.321592580403367978777549154870
2024-03-04 14:30:35,620:INFO:Downloading... https://services.cancerimagingarchive.net/nbia-api/services/v1/getImage?NewFileNames=Yes&SeriesInstanceUID=1.3.6.1.4.1.14519.5.2.1.6279.6001.404942010843748926074697579763
2024-03-04 14:30:40,619:INFO:Downloading... https://services.cancerimagingarchive.net/nbia-api/services/v1/getImage?NewFileNames=Yes&SeriesInstanceUID=1.3.6.1.4.1.14519.5.2.1.6279.6001.136051101671715516914883139074
2024-03-04 14:30:43,717:INFO:Downloading... https://services.cancerimagingarchive.net/nbia-api/services/v1/getImage?NewFileNames=Yes&SeriesInstanceUID=1.3.6.1.4.1.14519.5.2.1.6279.6001.688308378110454070826773336973
2024-03-04 14:30:46,760:INFO:Downloading... https://services.cancerimagingarchive.net/nbia-api/services/v1/getImage?NewFileNames=Yes&SeriesInstanceUID=1.3.6.1.4.1.14519.5.2.1.6279.6001.803852637239868705784740814469
2024-03-04 14:30:52,550:INFO:Downloading... https://services.cancerimagingarchive.net/nbia-api/services/v1/getImage?NewFileNames=Yes&SeriesInstanceUID=1.3.6.1.4.1.14519.5.2.1.6279.6001.179049373636438705059720603192
2024-03-04 14:31:06,239:INFO:Downloading... https://services.cancerimagingarchive.net/nbia-api/services/v1/getImage?NewFileNames=Yes&SeriesInstanceUID=1.3.6.1.4.1.14519.5.2.1.6279.6001.129007566048223160327836686225
2024-03-04 14:31:19,123:INFO:Downloading... https://services.cancerimagingarchive.net/nbia-api/services/v1/getImage?NewFileNames=Yes&SeriesInstanceUID=1.3.6.1.4.1.14519.5.2.1.6279.6001.272348349298439120568330857680
2024-03-04 14:31:33,531:INFO:Downloading... https://services.cancerimagingarchive.net/nbia-api/services/v1/getImage?NewFileNames=Yes&SeriesInstanceUID=1.3.6.1.4.1.14519.5.2.1.6279.6001.174907798609768549012640380786
2024-03-04 14:31:46,290:INFO:Downloading... https://services.cancerimagingarchive.net/nbia-api/services/v1/getImage?NewFileNames=Yes&SeriesInstanceUID=1.3.6.1.4.1.14519.5.2.1.6279.6001.882070241245008756731854510592
2024-03-04 14:31:58,833:INFO:Downloading... https://services.cancerimagingarchive.net/nbia-api/services/v1/getImage?NewFileNames=Yes&SeriesInstanceUID=1.3.6.1.4.1.14519.5.2.1.6279.6001.188265424231150847356515802868
2024-03-04 14:32:14,147:INFO:Downloading... https://services.cancerimagingarchive.net/nbia-api/services/v1/getImage?NewFileNames=Yes&SeriesInstanceUID=1.3.6.1.4.1.14519.5.2.1.6279.6001.183843376225716802567192412456
2024-03-04 14:32:27,943:INFO:Downloading... https://services.cancerimagingarchive.net/nbia-api/services/v1/getImage?NewFileNames=Yes&SeriesInstanceUID=1.3.6.1.4.1.14519.5.2.1.6279.6001.513023675145166449943177283490
2024-03-04 14:32:43,587:INFO:Downloading... https://services.cancerimagingarchive.net/nbia-api/services/v1/getImage?NewFileNames=Yes&SeriesInstanceUID=1.3.6.1.4.1.14519.5.2.1.6279.6001.138813197521718693188313387015
2024-03-04 14:32:59,861:INFO:Downloading... https://services.cancerimagingarchive.net/nbia-api/services/v1/getImage?NewFileNames=Yes&SeriesInstanceUID=1.3.6.1.4.1.14519.5.2.1.6279.6001.511347030803753100045216493273
2024-03-04 14:33:15,064:INFO:Downloading... https://services.cancerimagingarchive.net/nbia-api/services/v1/getImage?NewFileNames=Yes&SeriesInstanceUID=1.3.6.1.4.1.14519.5.2.1.6279.6001.910435939545691201820711078950
2024-03-04 14:33:28,749:INFO:Downloading... https://services.cancerimagingarchive.net/nbia-api/services/v1/getImage?NewFileNames=Yes&SeriesInstanceUID=1.3.6.1.4.1.14519.5.2.1.6279.6001.239358021703233250639913775427
2024-03-04 14:33:43,114:INFO:Downloading... https://services.cancerimagingarchive.net/nbia-api/services/v1/getImage?NewFileNames=Yes&SeriesInstanceUID=1.3.6.1.4.1.14519.5.2.1.6279.6001.183982839679953938397312236359
2024-03-04 14:33:58,332:INFO:Downloading... https://services.cancerimagingarchive.net/nbia-api/services/v1/getImage?NewFileNames=Yes&SeriesInstanceUID=1.3.6.1.4.1.14519.5.2.1.6279.6001.779493719385047675154892222907
2024-03-04 14:34:11,219:INFO:Downloading... https://services.cancerimagingarchive.net/nbia-api/services/v1/getImage?NewFileNames=Yes&SeriesInstanceUID=1.3.6.1.4.1.14519.5.2.1.6279.6001.174449669706458092793093760291
2024-03-04 14:34:25,098:INFO:Downloading... https://services.cancerimagingarchive.net/nbia-api/services/v1/getImage?NewFileNames=Yes&SeriesInstanceUID=1.3.6.1.4.1.14519.5.2.1.6279.6001.323408652979949774528873200770
2024-03-04 14:34:39,614:INFO:Downloading... https://services.cancerimagingarchive.net/nbia-api/services/v1/getImage?NewFileNames=Yes&SeriesInstanceUID=1.3.6.1.4.1.14519.5.2.1.6279.6001.194632613233275988184244485809
2024-03-04 14:34:51,183:INFO:Downloading... https://services.cancerimagingarchive.net/nbia-api/services/v1/getImage?NewFileNames=Yes&SeriesInstanceUID=1.3.6.1.4.1.14519.5.2.1.6279.6001.146987333806092287055399155268
2024-03-04 14:35:07,732:INFO:Downloading... https://services.cancerimagingarchive.net/nbia-api/services/v1/getImage?NewFileNames=Yes&SeriesInstanceUID=1.3.6.1.4.1.14519.5.2.1.6279.6001.227707494413800460340110762069
2024-03-04 14:35:23,563:INFO:Downloading... https://services.cancerimagingarchive.net/nbia-api/services/v1/getImage?NewFileNames=Yes&SeriesInstanceUID=1.3.6.1.4.1.14519.5.2.1.6279.6001.745109871503276594185453478952
2024-03-04 14:35:39,526:INFO:Downloading... https://services.cancerimagingarchive.net/nbia-api/services/v1/getImage?NewFileNames=Yes&SeriesInstanceUID=1.3.6.1.4.1.14519.5.2.1.6279.6001.257383535269991165447822992959
2024-03-04 14:35:52,437:INFO:Downloading... https://services.cancerimagingarchive.net/nbia-api/services/v1/getImage?NewFileNames=Yes&SeriesInstanceUID=1.3.6.1.4.1.14519.5.2.1.6279.6001.313334055029671473836954456733
2024-03-04 14:36:04,150:INFO:Downloading... https://services.cancerimagingarchive.net/nbia-api/services/v1/getImage?NewFileNames=Yes&SeriesInstanceUID=1.3.6.1.4.1.14519.5.2.1.6279.6001.336225579776978874775723463327
2024-03-04 14:36:17,695:INFO:Downloading... https://services.cancerimagingarchive.net/nbia-api/services/v1/getImage?NewFileNames=Yes&SeriesInstanceUID=1.3.6.1.4.1.14519.5.2.1.6279.6001.454273545863197752384437758130
2024-03-04 14:36:33,906:INFO:Downloading... https://services.cancerimagingarchive.net/nbia-api/services/v1/getImage?NewFileNames=Yes&SeriesInstanceUID=1.3.6.1.4.1.14519.5.2.1.6279.6001.249404938669582150398726875826
2024-03-04 14:36:45,389:INFO:Downloading... https://services.cancerimagingarchive.net/nbia-api/services/v1/getImage?NewFileNames=Yes&SeriesInstanceUID=1.3.6.1.4.1.14519.5.2.1.6279.6001.724562063158320418413995627171
2024-03-04 14:36:56,265:INFO:Downloading... https://services.cancerimagingarchive.net/nbia-api/services/v1/getImage?NewFileNames=Yes&SeriesInstanceUID=1.3.6.1.4.1.14519.5.2.1.6279.6001.255999614855292116767517149228
2024-03-04 14:37:14,853:INFO:Downloading... https://services.cancerimagingarchive.net/nbia-api/services/v1/getImage?NewFileNames=Yes&SeriesInstanceUID=1.3.6.1.4.1.14519.5.2.1.6279.6001.603126300703296693942875967838
2024-03-04 14:37:33,052:INFO:Downloading... https://services.cancerimagingarchive.net/nbia-api/services/v1/getImage?NewFileNames=Yes&SeriesInstanceUID=1.3.6.1.4.1.14519.5.2.1.6279.6001.271307051432838466826189754230
2024-03-04 14:37:51,125:INFO:Downloading... https://services.cancerimagingarchive.net/nbia-api/services/v1/getImage?NewFileNames=Yes&SeriesInstanceUID=1.3.6.1.4.1.14519.5.2.1.6279.6001.283569726884265181140892667131
2024-03-04 14:38:04,655:INFO:Downloading... https://services.cancerimagingarchive.net/nbia-api/services/v1/getImage?NewFileNames=Yes&SeriesInstanceUID=1.3.6.1.4.1.14519.5.2.1.6279.6001.279953669991076107785464313394
2024-03-04 14:38:23,254:INFO:Downloading... https://services.cancerimagingarchive.net/nbia-api/services/v1/getImage?NewFileNames=Yes&SeriesInstanceUID=1.3.6.1.4.1.14519.5.2.1.6279.6001.204566802718283633558802774757
2024-03-04 14:38:41,499:INFO:Downloading... https://services.cancerimagingarchive.net/nbia-api/services/v1/getImage?NewFileNames=Yes&SeriesInstanceUID=1.3.6.1.4.1.14519.5.2.1.6279.6001.306948744223170422945185006551
2024-03-04 14:39:00,022:INFO:Downloading... https://services.cancerimagingarchive.net/nbia-api/services/v1/getImage?NewFileNames=Yes&SeriesInstanceUID=1.3.6.1.4.1.14519.5.2.1.6279.6001.160586340600816116143631200450
2024-03-04 14:39:16,618:INFO:Downloading... https://services.cancerimagingarchive.net/nbia-api/services/v1/getImage?NewFileNames=Yes&SeriesInstanceUID=1.3.6.1.4.1.14519.5.2.1.6279.6001.176362912420491262783064585333
2024-03-04 14:39:31,915:INFO:Downloading... https://services.cancerimagingarchive.net/nbia-api/services/v1/getImage?NewFileNames=Yes&SeriesInstanceUID=1.3.6.1.4.1.14519.5.2.1.6279.6001.236698827306171960683086245994
2024-03-04 14:39:49,744:INFO:Downloading... https://services.cancerimagingarchive.net/nbia-api/services/v1/getImage?NewFileNames=Yes&SeriesInstanceUID=1.3.6.1.4.1.14519.5.2.1.6279.6001.329404588567903628160652715124
2024-03-04 14:40:08,875:INFO:Downloading... https://services.cancerimagingarchive.net/nbia-api/services/v1/getImage?NewFileNames=Yes&SeriesInstanceUID=1.3.6.1.4.1.14519.5.2.1.6279.6001.200841000324240313648595016964
2024-03-04 14:40:23,946:INFO:Downloading... https://services.cancerimagingarchive.net/nbia-api/services/v1/getImage?NewFileNames=Yes&SeriesInstanceUID=1.3.6.1.4.1.14519.5.2.1.6279.6001.566816709786169715745131047975
2024-03-04 14:40:42,202:INFO:Downloading... https://services.cancerimagingarchive.net/nbia-api/services/v1/getImage?NewFileNames=Yes&SeriesInstanceUID=1.3.6.1.4.1.14519.5.2.1.6279.6001.309901913847714156367981722205
2024-03-04 14:40:58,416:INFO:Downloading... https://services.cancerimagingarchive.net/nbia-api/services/v1/getImage?NewFileNames=Yes&SeriesInstanceUID=1.3.6.1.4.1.14519.5.2.1.6279.6001.328944769569002417592093467626
2024-03-04 14:41:12,086:INFO:Downloading... https://services.cancerimagingarchive.net/nbia-api/services/v1/getImage?NewFileNames=Yes&SeriesInstanceUID=1.3.6.1.4.1.14519.5.2.1.6279.6001.246589849815292078281051154201
2024-03-04 14:41:27,577:INFO:Downloading... https://services.cancerimagingarchive.net/nbia-api/services/v1/getImage?NewFileNames=Yes&SeriesInstanceUID=1.3.6.1.4.1.14519.5.2.1.6279.6001.187451715205085403623595258748
2024-03-04 14:41:41,573:INFO:Downloading... https://services.cancerimagingarchive.net/nbia-api/services/v1/getImage?NewFileNames=Yes&SeriesInstanceUID=1.3.6.1.4.1.14519.5.2.1.6279.6001.905371958588660410240398317235
2024-03-04 14:41:58,960:INFO:Downloading... https://services.cancerimagingarchive.net/nbia-api/services/v1/getImage?NewFileNames=Yes&SeriesInstanceUID=1.3.6.1.4.1.14519.5.2.1.6279.6001.230491296081537726468075344411
2024-03-04 14:42:13,534:INFO:Downloading... https://services.cancerimagingarchive.net/nbia-api/services/v1/getImage?NewFileNames=Yes&SeriesInstanceUID=1.3.6.1.4.1.14519.5.2.1.6279.6001.143410010885830403003179808334
2024-03-04 14:42:28,015:INFO:Downloading... https://services.cancerimagingarchive.net/nbia-api/services/v1/getImage?NewFileNames=Yes&SeriesInstanceUID=1.3.6.1.4.1.14519.5.2.1.6279.6001.240969450540588211676803094518
2024-03-04 14:42:43,242:INFO:Downloading... https://services.cancerimagingarchive.net/nbia-api/services/v1/getImage?NewFileNames=Yes&SeriesInstanceUID=1.3.6.1.4.1.14519.5.2.1.6279.6001.217955041973656886482758642958
2024-03-04 14:42:59,554:INFO:Downloading... https://services.cancerimagingarchive.net/nbia-api/services/v1/getImage?NewFileNames=Yes&SeriesInstanceUID=1.3.6.1.4.1.14519.5.2.1.6279.6001.277452631455527999380186898011
2024-03-04 14:43:16,922:INFO:Downloading... https://services.cancerimagingarchive.net/nbia-api/services/v1/getImage?NewFileNames=Yes&SeriesInstanceUID=1.3.6.1.4.1.14519.5.2.1.6279.6001.315918264676377418120578391325
2024-03-04 14:43:32,303:INFO:Downloading... https://services.cancerimagingarchive.net/nbia-api/services/v1/getImage?NewFileNames=Yes&SeriesInstanceUID=1.3.6.1.4.1.14519.5.2.1.6279.6001.150097650621090951325113116280
2024-03-04 14:43:44,873:INFO:Downloading... https://services.cancerimagingarchive.net/nbia-api/services/v1/getImage?NewFileNames=Yes&SeriesInstanceUID=1.3.6.1.4.1.14519.5.2.1.6279.6001.832260670372728970918746541371
2024-03-04 14:44:01,260:INFO:Downloading... https://services.cancerimagingarchive.net/nbia-api/services/v1/getImage?NewFileNames=Yes&SeriesInstanceUID=1.3.6.1.4.1.14519.5.2.1.6279.6001.313605260055394498989743099991
2024-03-04 14:44:15,798:INFO:Downloading... https://services.cancerimagingarchive.net/nbia-api/services/v1/getImage?NewFileNames=Yes&SeriesInstanceUID=1.3.6.1.4.1.14519.5.2.1.6279.6001.272123398257168239653655006815
2024-03-04 14:44:33,538:INFO:Downloading... https://services.cancerimagingarchive.net/nbia-api/services/v1/getImage?NewFileNames=Yes&SeriesInstanceUID=1.3.6.1.4.1.14519.5.2.1.6279.6001.254138388912084634057282064266
2024-03-04 14:44:50,029:INFO:Downloading... https://services.cancerimagingarchive.net/nbia-api/services/v1/getImage?NewFileNames=Yes&SeriesInstanceUID=1.3.6.1.4.1.14519.5.2.1.6279.6001.655242448149322898770987310561
2024-03-04 14:45:08,629:INFO:Downloading... https://services.cancerimagingarchive.net/nbia-api/services/v1/getImage?NewFileNames=Yes&SeriesInstanceUID=1.3.6.1.4.1.14519.5.2.1.6279.6001.493562949900213760403901722902
2024-03-04 14:45:11,547:INFO:Downloading... https://services.cancerimagingarchive.net/nbia-api/services/v1/getImage?NewFileNames=Yes&SeriesInstanceUID=1.3.6.1.4.1.14519.5.2.1.6279.6001.140111454550080978718222319268
2024-03-04 14:45:14,123:INFO:Downloading... https://services.cancerimagingarchive.net/nbia-api/services/v1/getImage?NewFileNames=Yes&SeriesInstanceUID=1.3.6.1.4.1.14519.5.2.1.6279.6001.200516963999933079507233991923
2024-03-04 14:45:16,914:INFO:Downloading... https://services.cancerimagingarchive.net/nbia-api/services/v1/getImage?NewFileNames=Yes&SeriesInstanceUID=1.3.6.1.4.1.14519.5.2.1.6279.6001.161287230272771649563308759915
2024-03-04 14:45:19,817:INFO:Downloading... https://services.cancerimagingarchive.net/nbia-api/services/v1/getImage?NewFileNames=Yes&SeriesInstanceUID=1.3.6.1.4.1.14519.5.2.1.6279.6001.226429490432313810930218926094
2024-03-04 14:45:30,711:INFO:Downloading... https://services.cancerimagingarchive.net/nbia-api/services/v1/getImage?NewFileNames=Yes&SeriesInstanceUID=1.3.6.1.4.1.14519.5.2.1.6279.6001.121119483290150275420058430382
2024-03-04 14:45:40,133:INFO:Downloading... https://services.cancerimagingarchive.net/nbia-api/services/v1/getImage?NewFileNames=Yes&SeriesInstanceUID=1.3.6.1.4.1.14519.5.2.1.6279.6001.282726011940418352745905838713
2024-03-04 14:45:42,647:INFO:Downloading... https://services.cancerimagingarchive.net/nbia-api/services/v1/getImage?NewFileNames=Yes&SeriesInstanceUID=1.3.6.1.4.1.14519.5.2.1.6279.6001.195674076148062852502601112560
2024-03-04 14:45:45,159:INFO:Downloading... https://services.cancerimagingarchive.net/nbia-api/services/v1/getImage?NewFileNames=Yes&SeriesInstanceUID=1.3.6.1.4.1.14519.5.2.1.6279.6001.521769369571221401762293248597
2024-03-04 14:45:47,735:INFO:Downloading... https://services.cancerimagingarchive.net/nbia-api/services/v1/getImage?NewFileNames=Yes&SeriesInstanceUID=1.3.6.1.4.1.14519.5.2.1.6279.6001.245498477813346982220830173368
2024-03-04 14:45:50,318:INFO:Downloading... https://services.cancerimagingarchive.net/nbia-api/services/v1/getImage?NewFileNames=Yes&SeriesInstanceUID=1.3.6.1.4.1.14519.5.2.1.6279.6001.224197113120748559330883305167
2024-03-04 14:45:52,850:INFO:Downloading... https://services.cancerimagingarchive.net/nbia-api/services/v1/getImage?NewFileNames=Yes&SeriesInstanceUID=1.3.6.1.4.1.14519.5.2.1.6279.6001.206277602713463607135758618924
2024-03-04 14:45:55,482:INFO:Downloading... https://services.cancerimagingarchive.net/nbia-api/services/v1/getImage?NewFileNames=Yes&SeriesInstanceUID=1.3.6.1.4.1.14519.5.2.1.6279.6001.262623906028586574380750694758
2024-03-04 14:45:57,988:INFO:Downloading... https://services.cancerimagingarchive.net/nbia-api/services/v1/getImage?NewFileNames=Yes&SeriesInstanceUID=1.3.6.1.4.1.14519.5.2.1.6279.6001.291617519784637372280604577539
2024-03-04 14:46:00,552:INFO:Downloading... https://services.cancerimagingarchive.net/nbia-api/services/v1/getImage?NewFileNames=Yes&SeriesInstanceUID=1.3.6.1.4.1.14519.5.2.1.6279.6001.676620044795098555169898504281
2024-03-04 14:46:05,046:INFO:Downloading... https://services.cancerimagingarchive.net/nbia-api/services/v1/getImage?NewFileNames=Yes&SeriesInstanceUID=1.3.6.1.4.1.14519.5.2.1.6279.6001.504674791539860887163753998534
2024-03-04 14:46:07,618:INFO:Downloading... https://services.cancerimagingarchive.net/nbia-api/services/v1/getImage?NewFileNames=Yes&SeriesInstanceUID=1.3.6.1.4.1.14519.5.2.1.6279.6001.619372068417051974713149104919
2024-03-04 14:46:34,719:INFO:Downloading... https://services.cancerimagingarchive.net/nbia-api/services/v1/getImage?NewFileNames=Yes&SeriesInstanceUID=1.3.6.1.4.1.14519.5.2.1.6279.6001.170706757615202213033480003264
2024-03-04 14:46:47,727:INFO:Downloading... https://services.cancerimagingarchive.net/nbia-api/services/v1/getImage?NewFileNames=Yes&SeriesInstanceUID=1.3.6.1.4.1.14519.5.2.1.6279.6001.323541312620128092852212458228
2024-03-04 14:47:10,896:INFO:Downloading... https://services.cancerimagingarchive.net/nbia-api/services/v1/getImage?NewFileNames=Yes&SeriesInstanceUID=1.3.6.1.4.1.14519.5.2.1.6279.6001.132817748896065918417924920957
2024-03-04 14:47:23,030:INFO:Downloading... https://services.cancerimagingarchive.net/nbia-api/services/v1/getImage?NewFileNames=Yes&SeriesInstanceUID=1.3.6.1.4.1.14519.5.2.1.6279.6001.286061375572911414226912429210
2024-03-04 14:47:49,303:INFO:Downloading... https://services.cancerimagingarchive.net/nbia-api/services/v1/getImage?NewFileNames=Yes&SeriesInstanceUID=1.3.6.1.4.1.14519.5.2.1.6279.6001.328789598898469177563438457842
2024-03-04 14:48:04,213:INFO:Downloading... https://services.cancerimagingarchive.net/nbia-api/services/v1/getImage?NewFileNames=Yes&SeriesInstanceUID=1.3.6.1.4.1.14519.5.2.1.6279.6001.747803439040091794717626507402
2024-03-04 14:48:20,166:INFO:Downloading... https://services.cancerimagingarchive.net/nbia-api/services/v1/getImage?NewFileNames=Yes&SeriesInstanceUID=1.3.6.1.4.1.14519.5.2.1.6279.6001.227962600322799211676960828223
2024-03-04 14:48:44,976:INFO:Downloading... https://services.cancerimagingarchive.net/nbia-api/services/v1/getImage?NewFileNames=Yes&SeriesInstanceUID=1.3.6.1.4.1.14519.5.2.1.6279.6001.153536305742006952753134773630
2024-03-04 14:49:01,080:INFO:Downloading... https://services.cancerimagingarchive.net/nbia-api/services/v1/getImage?NewFileNames=Yes&SeriesInstanceUID=1.3.6.1.4.1.14519.5.2.1.6279.6001.108231420525711026834210228428
2024-03-04 14:49:23,819:INFO:Downloading... https://services.cancerimagingarchive.net/nbia-api/services/v1/getImage?NewFileNames=Yes&SeriesInstanceUID=1.3.6.1.4.1.14519.5.2.1.6279.6001.330425234131526435132846006585
2024-03-04 14:49:56,062:INFO:Downloading... https://services.cancerimagingarchive.net/nbia-api/services/v1/getImage?NewFileNames=Yes&SeriesInstanceUID=1.3.6.1.4.1.14519.5.2.1.6279.6001.315214756157389122376518747372
2024-03-04 14:50:20,039:INFO:Downloading... https://services.cancerimagingarchive.net/nbia-api/services/v1/getImage?NewFileNames=Yes&SeriesInstanceUID=1.3.6.1.4.1.14519.5.2.1.6279.6001.296863826932699509516219450076
2024-03-04 14:50:33,626:INFO:Downloading... https://services.cancerimagingarchive.net/nbia-api/services/v1/getImage?NewFileNames=Yes&SeriesInstanceUID=1.3.6.1.4.1.14519.5.2.1.6279.6001.206028343897359374907954580114
2024-03-04 14:50:48,816:INFO:Downloading... https://services.cancerimagingarchive.net/nbia-api/services/v1/getImage?NewFileNames=Yes&SeriesInstanceUID=1.3.6.1.4.1.14519.5.2.1.6279.6001.564534197011295112247542153557
2024-03-04 14:51:25,125:INFO:Downloading... https://services.cancerimagingarchive.net/nbia-api/services/v1/getImage?NewFileNames=Yes&SeriesInstanceUID=1.3.6.1.4.1.14519.5.2.1.6279.6001.101228986346984399347858840086
2024-03-04 14:51:55,635:INFO:Downloading... https://services.cancerimagingarchive.net/nbia-api/services/v1/getImage?NewFileNames=Yes&SeriesInstanceUID=1.3.6.1.4.1.14519.5.2.1.6279.6001.986011151772797848993829243183
2024-03-04 14:52:07,259:INFO:Downloading... https://services.cancerimagingarchive.net/nbia-api/services/v1/getImage?NewFileNames=Yes&SeriesInstanceUID=1.3.6.1.4.1.14519.5.2.1.6279.6001.124663713663969377020085460568
2024-03-04 14:52:19,935:INFO:Downloading... https://services.cancerimagingarchive.net/nbia-api/services/v1/getImage?NewFileNames=Yes&SeriesInstanceUID=1.3.6.1.4.1.14519.5.2.1.6279.6001.803808126682275425758092691689
2024-03-04 14:52:40,889:INFO:Downloading... https://services.cancerimagingarchive.net/nbia-api/services/v1/getImage?NewFileNames=Yes&SeriesInstanceUID=1.3.6.1.4.1.14519.5.2.1.6279.6001.338447145504282422142824032832
2024-03-04 14:53:05,009:INFO:Downloading... https://services.cancerimagingarchive.net/nbia-api/services/v1/getImage?NewFileNames=Yes&SeriesInstanceUID=1.3.6.1.4.1.14519.5.2.1.6279.6001.177685820605315926524514718990
2024-03-04 14:53:37,401:INFO:Downloading... https://services.cancerimagingarchive.net/nbia-api/services/v1/getImage?NewFileNames=Yes&SeriesInstanceUID=1.3.6.1.4.1.14519.5.2.1.6279.6001.122914038048856168343065566972
2024-03-04 14:53:54,360:INFO:Downloading... https://services.cancerimagingarchive.net/nbia-api/services/v1/getImage?NewFileNames=Yes&SeriesInstanceUID=1.3.6.1.4.1.14519.5.2.1.6279.6001.338114620394879648539943280992
2024-03-04 14:54:07,537:INFO:Downloading... https://services.cancerimagingarchive.net/nbia-api/services/v1/getImage?NewFileNames=Yes&SeriesInstanceUID=1.3.6.1.4.1.14519.5.2.1.6279.6001.250863365157630276148828903732
2024-03-04 14:54:36,858:INFO:Downloading... https://services.cancerimagingarchive.net/nbia-api/services/v1/getImage?NewFileNames=Yes&SeriesInstanceUID=1.3.6.1.4.1.14519.5.2.1.6279.6001.300136985030081433029390459071
2024-03-04 14:54:49,336:INFO:Downloading... https://services.cancerimagingarchive.net/nbia-api/services/v1/getImage?NewFileNames=Yes&SeriesInstanceUID=1.3.6.1.4.1.14519.5.2.1.6279.6001.214252223927572015414741039150
2024-03-04 14:55:05,640:INFO:Downloading... https://services.cancerimagingarchive.net/nbia-api/services/v1/getImage?NewFileNames=Yes&SeriesInstanceUID=1.3.6.1.4.1.14519.5.2.1.6279.6001.161067514225109999586362698069
2024-03-04 14:55:28,570:INFO:Downloading... https://services.cancerimagingarchive.net/nbia-api/services/v1/getImage?NewFileNames=Yes&SeriesInstanceUID=1.3.6.1.4.1.14519.5.2.1.6279.6001.252634638822000832774167856951
2024-03-04 14:55:53,055:INFO:Downloading... https://services.cancerimagingarchive.net/nbia-api/services/v1/getImage?NewFileNames=Yes&SeriesInstanceUID=1.3.6.1.4.1.14519.5.2.1.6279.6001.272190966764020277652079081128
2024-03-04 14:56:06,783:INFO:Downloading... https://services.cancerimagingarchive.net/nbia-api/services/v1/getImage?NewFileNames=Yes&SeriesInstanceUID=1.3.6.1.4.1.14519.5.2.1.6279.6001.487268565754493433372433148666
2024-03-04 14:56:19,415:INFO:Downloading... https://services.cancerimagingarchive.net/nbia-api/services/v1/getImage?NewFileNames=Yes&SeriesInstanceUID=1.3.6.1.4.1.14519.5.2.1.6279.6001.163217526257871051722166468085
2024-03-04 14:56:41,964:INFO:Downloading... https://services.cancerimagingarchive.net/nbia-api/services/v1/getImage?NewFileNames=Yes&SeriesInstanceUID=1.3.6.1.4.1.14519.5.2.1.6279.6001.290410217650314119074833254861
2024-03-04 14:57:08,849:INFO:Downloading... https://services.cancerimagingarchive.net/nbia-api/services/v1/getImage?NewFileNames=Yes&SeriesInstanceUID=1.3.6.1.4.1.14519.5.2.1.6279.6001.153985109349433321657655488650
2024-03-04 14:57:36,797:INFO:Downloading... https://services.cancerimagingarchive.net/nbia-api/services/v1/getImage?NewFileNames=Yes&SeriesInstanceUID=1.3.6.1.4.1.14519.5.2.1.6279.6001.339546614783708685476232944897
2024-03-04 14:57:48,278:INFO:Downloading... https://services.cancerimagingarchive.net/nbia-api/services/v1/getImage?NewFileNames=Yes&SeriesInstanceUID=1.3.6.1.4.1.14519.5.2.1.6279.6001.652347820272212119124022644822
2024-03-04 14:58:09,594:INFO:Downloading... https://services.cancerimagingarchive.net/nbia-api/services/v1/getImage?NewFileNames=Yes&SeriesInstanceUID=1.3.6.1.4.1.14519.5.2.1.6279.6001.204287915902811325371247860532
2024-03-04 14:58:29,853:INFO:Downloading... https://services.cancerimagingarchive.net/nbia-api/services/v1/getImage?NewFileNames=Yes&SeriesInstanceUID=1.3.6.1.4.1.14519.5.2.1.6279.6001.733642690503782454656013446707
2024-03-04 14:58:40,942:INFO:Downloading... https://services.cancerimagingarchive.net/nbia-api/services/v1/getImage?NewFileNames=Yes&SeriesInstanceUID=1.3.6.1.4.1.14519.5.2.1.6279.6001.134996872583497382954024478441
2024-03-04 14:58:56,747:INFO:Downloading... https://services.cancerimagingarchive.net/nbia-api/services/v1/getImage?NewFileNames=Yes&SeriesInstanceUID=1.3.6.1.4.1.14519.5.2.1.6279.6001.931383239747372227838946053237
2024-03-04 14:59:15,999:INFO:Downloading... https://services.cancerimagingarchive.net/nbia-api/services/v1/getImage?NewFileNames=Yes&SeriesInstanceUID=1.3.6.1.4.1.14519.5.2.1.6279.6001.622243923620914676263059698181
2024-03-04 14:59:41,340:INFO:Downloading... https://services.cancerimagingarchive.net/nbia-api/services/v1/getImage?NewFileNames=Yes&SeriesInstanceUID=1.3.6.1.4.1.14519.5.2.1.6279.6001.105495028985881418176186711228
2024-03-04 15:00:02,955:INFO:Downloading... https://services.cancerimagingarchive.net/nbia-api/services/v1/getImage?NewFileNames=Yes&SeriesInstanceUID=1.3.6.1.4.1.14519.5.2.1.6279.6001.202811684116768680758082619196
2024-03-04 15:00:15,438:INFO:Downloading... https://services.cancerimagingarchive.net/nbia-api/services/v1/getImage?NewFileNames=Yes&SeriesInstanceUID=1.3.6.1.4.1.14519.5.2.1.6279.6001.129982010889624423230394257528
2024-03-04 15:00:39,635:INFO:Downloading... https://services.cancerimagingarchive.net/nbia-api/services/v1/getImage?NewFileNames=Yes&SeriesInstanceUID=1.3.6.1.4.1.14519.5.2.1.6279.6001.108197895896446896160048741492
2024-03-04 15:00:51,670:INFO:Downloading... https://services.cancerimagingarchive.net/nbia-api/services/v1/getImage?NewFileNames=Yes&SeriesInstanceUID=1.3.6.1.4.1.14519.5.2.1.6279.6001.112767175295249119452142211437
2024-03-04 15:01:01,655:INFO:Downloading... https://services.cancerimagingarchive.net/nbia-api/services/v1/getImage?NewFileNames=Yes&SeriesInstanceUID=1.3.6.1.4.1.14519.5.2.1.6279.6001.316393351033132458296975008261
2024-03-04 15:01:17,879:INFO:Downloading... https://services.cancerimagingarchive.net/nbia-api/services/v1/getImage?NewFileNames=Yes&SeriesInstanceUID=1.3.6.1.4.1.14519.5.2.1.6279.6001.975426625618184773401026809852
2024-03-04 15:01:32,798:INFO:Downloading... https://services.cancerimagingarchive.net/nbia-api/services/v1/getImage?NewFileNames=Yes&SeriesInstanceUID=1.3.6.1.4.1.14519.5.2.1.6279.6001.133378195429627807109985347209
2024-03-04 15:01:50,811:INFO:Downloading... https://services.cancerimagingarchive.net/nbia-api/services/v1/getImage?NewFileNames=Yes&SeriesInstanceUID=1.3.6.1.4.1.14519.5.2.1.6279.6001.294120933998772507043263238704
2024-03-04 15:02:01,941:INFO:Downloading... https://services.cancerimagingarchive.net/nbia-api/services/v1/getImage?NewFileNames=Yes&SeriesInstanceUID=1.3.6.1.4.1.14519.5.2.1.6279.6001.481278873893653517789960724156
2024-03-04 15:02:10,628:INFO:Downloading... https://services.cancerimagingarchive.net/nbia-api/services/v1/getImage?NewFileNames=Yes&SeriesInstanceUID=1.3.6.1.4.1.14519.5.2.1.6279.6001.128881800399702510818644205032
2024-03-04 15:02:27,348:INFO:Downloading... https://services.cancerimagingarchive.net/nbia-api/services/v1/getImage?NewFileNames=Yes&SeriesInstanceUID=1.3.6.1.4.1.14519.5.2.1.6279.6001.238042459915048190592571019348
2024-03-04 15:02:43,860:INFO:Downloading... https://services.cancerimagingarchive.net/nbia-api/services/v1/getImage?NewFileNames=Yes&SeriesInstanceUID=1.3.6.1.4.1.14519.5.2.1.6279.6001.837810280808122125183730411210
2024-03-04 15:02:54,188:INFO:Downloading... https://services.cancerimagingarchive.net/nbia-api/services/v1/getImage?NewFileNames=Yes&SeriesInstanceUID=1.3.6.1.4.1.14519.5.2.1.6279.6001.320967206808467952819309001585
2024-03-04 15:03:09,953:INFO:Downloading... https://services.cancerimagingarchive.net/nbia-api/services/v1/getImage?NewFileNames=Yes&SeriesInstanceUID=1.3.6.1.4.1.14519.5.2.1.6279.6001.120842785645314664964010792308
2024-03-04 15:03:20,224:INFO:Downloading... https://services.cancerimagingarchive.net/nbia-api/services/v1/getImage?NewFileNames=Yes&SeriesInstanceUID=1.3.6.1.4.1.14519.5.2.1.6279.6001.336198008634390022174744544656
2024-03-04 15:03:30,131:INFO:Downloading... https://services.cancerimagingarchive.net/nbia-api/services/v1/getImage?NewFileNames=Yes&SeriesInstanceUID=1.3.6.1.4.1.14519.5.2.1.6279.6001.295298571102631191572192562523
2024-03-04 15:03:46,070:INFO:Downloading... https://services.cancerimagingarchive.net/nbia-api/services/v1/getImage?NewFileNames=Yes&SeriesInstanceUID=1.3.6.1.4.1.14519.5.2.1.6279.6001.935683764293840351008008793409
2024-03-04 15:04:06,729:INFO:Downloading... https://services.cancerimagingarchive.net/nbia-api/services/v1/getImage?NewFileNames=Yes&SeriesInstanceUID=1.3.6.1.4.1.14519.5.2.1.6279.6001.948414623428298219623354433437
2024-03-04 15:04:20,837:INFO:Downloading... https://services.cancerimagingarchive.net/nbia-api/services/v1/getImage?NewFileNames=Yes&SeriesInstanceUID=1.3.6.1.4.1.14519.5.2.1.6279.6001.752756872840730509471096155114
2024-03-04 15:04:30,137:INFO:Downloading... https://services.cancerimagingarchive.net/nbia-api/services/v1/getImage?NewFileNames=Yes&SeriesInstanceUID=1.3.6.1.4.1.14519.5.2.1.6279.6001.367204840301639918160517361062
2024-03-04 15:04:39,745:INFO:Downloading... https://services.cancerimagingarchive.net/nbia-api/services/v1/getImage?NewFileNames=Yes&SeriesInstanceUID=1.3.6.1.4.1.14519.5.2.1.6279.6001.202283133206014258077705539227
2024-03-04 15:04:55,126:INFO:Downloading... https://services.cancerimagingarchive.net/nbia-api/services/v1/getImage?NewFileNames=Yes&SeriesInstanceUID=1.3.6.1.4.1.14519.5.2.1.6279.6001.470912100568074901744259213968
2024-03-04 15:05:12,224:INFO:Downloading... https://services.cancerimagingarchive.net/nbia-api/services/v1/getImage?NewFileNames=Yes&SeriesInstanceUID=1.3.6.1.4.1.14519.5.2.1.6279.6001.243094273518213382155770295147
2024-03-04 15:05:24,458:INFO:Downloading... https://services.cancerimagingarchive.net/nbia-api/services/v1/getImage?NewFileNames=Yes&SeriesInstanceUID=1.3.6.1.4.1.14519.5.2.1.6279.6001.100953483028192176989979435275
2024-03-04 15:05:36,413:INFO:Downloading... https://services.cancerimagingarchive.net/nbia-api/services/v1/getImage?NewFileNames=Yes&SeriesInstanceUID=1.3.6.1.4.1.14519.5.2.1.6279.6001.197063290812663596858124411210
2024-03-04 15:05:46,390:INFO:Downloading... https://services.cancerimagingarchive.net/nbia-api/services/v1/getImage?NewFileNames=Yes&SeriesInstanceUID=1.3.6.1.4.1.14519.5.2.1.6279.6001.287560874054243719452635194040
2024-03-04 15:06:15,792:INFO:Downloading... https://services.cancerimagingarchive.net/nbia-api/services/v1/getImage?NewFileNames=Yes&SeriesInstanceUID=1.3.6.1.4.1.14519.5.2.1.6279.6001.198698492013538481395497694975
2024-03-04 15:06:27,983:INFO:Downloading... https://services.cancerimagingarchive.net/nbia-api/services/v1/getImage?NewFileNames=Yes&SeriesInstanceUID=1.3.6.1.4.1.14519.5.2.1.6279.6001.826829446346820089862659555750
2024-03-04 15:06:44,439:INFO:Downloading... https://services.cancerimagingarchive.net/nbia-api/services/v1/getImage?NewFileNames=Yes&SeriesInstanceUID=1.3.6.1.4.1.14519.5.2.1.6279.6001.302557165094691896097534021075
2024-03-04 15:07:05,840:INFO:Downloading... https://services.cancerimagingarchive.net/nbia-api/services/v1/getImage?NewFileNames=Yes&SeriesInstanceUID=1.3.6.1.4.1.14519.5.2.1.6279.6001.324567010179873305471925391582
2024-03-04 15:07:25,978:INFO:Downloading... https://services.cancerimagingarchive.net/nbia-api/services/v1/getImage?NewFileNames=Yes&SeriesInstanceUID=1.3.6.1.4.1.14519.5.2.1.6279.6001.805925269324902055566754756843
2024-03-04 15:07:42,609:INFO:Downloading... https://services.cancerimagingarchive.net/nbia-api/services/v1/getImage?NewFileNames=Yes&SeriesInstanceUID=1.3.6.1.4.1.14519.5.2.1.6279.6001.312704771348460502013249647868
2024-03-04 15:07:59,708:INFO:Downloading... https://services.cancerimagingarchive.net/nbia-api/services/v1/getImage?NewFileNames=Yes&SeriesInstanceUID=1.3.6.1.4.1.14519.5.2.1.6279.6001.208737629504245244513001631764
2024-03-04 15:08:18,299:INFO:Downloading... https://services.cancerimagingarchive.net/nbia-api/services/v1/getImage?NewFileNames=Yes&SeriesInstanceUID=1.3.6.1.4.1.14519.5.2.1.6279.6001.249314567767437206995861966896
2024-03-04 15:08:40,408:INFO:Downloading... https://services.cancerimagingarchive.net/nbia-api/services/v1/getImage?NewFileNames=Yes&SeriesInstanceUID=1.3.6.1.4.1.14519.5.2.1.6279.6001.337845202462615014431060697507
2024-03-04 15:09:05,833:INFO:Downloading... https://services.cancerimagingarchive.net/nbia-api/services/v1/getImage?NewFileNames=Yes&SeriesInstanceUID=1.3.6.1.4.1.14519.5.2.1.6279.6001.173106154739244262091404659845
2024-03-04 15:09:20,566:INFO:Downloading... https://services.cancerimagingarchive.net/nbia-api/services/v1/getImage?NewFileNames=Yes&SeriesInstanceUID=1.3.6.1.4.1.14519.5.2.1.6279.6001.200513183558872708878454294671
2024-03-04 15:09:34,112:INFO:Downloading... https://services.cancerimagingarchive.net/nbia-api/services/v1/getImage?NewFileNames=Yes&SeriesInstanceUID=1.3.6.1.4.1.14519.5.2.1.6279.6001.237428977311365557972720635401
2024-03-04 15:09:55,625:INFO:Downloading... https://services.cancerimagingarchive.net/nbia-api/services/v1/getImage?NewFileNames=Yes&SeriesInstanceUID=1.3.6.1.4.1.14519.5.2.1.6279.6001.110499927630654433643791451680
2024-03-04 15:10:16,064:INFO:Downloading... https://services.cancerimagingarchive.net/nbia-api/services/v1/getImage?NewFileNames=Yes&SeriesInstanceUID=1.3.6.1.4.1.14519.5.2.1.6279.6001.625270601160880745954773142570
2024-03-04 15:10:38,916:INFO:Downloading... https://services.cancerimagingarchive.net/nbia-api/services/v1/getImage?NewFileNames=Yes&SeriesInstanceUID=1.3.6.1.4.1.14519.5.2.1.6279.6001.226889213794065160713547677129
2024-03-04 15:10:52,620:INFO:Downloading... https://services.cancerimagingarchive.net/nbia-api/services/v1/getImage?NewFileNames=Yes&SeriesInstanceUID=1.3.6.1.4.1.14519.5.2.1.6279.6001.550599855064600241623943717588
2024-03-04 15:11:15,413:INFO:Downloading... https://services.cancerimagingarchive.net/nbia-api/services/v1/getImage?NewFileNames=Yes&SeriesInstanceUID=1.3.6.1.4.1.14519.5.2.1.6279.6001.855232435861303786204450738044
2024-03-04 15:11:26,924:INFO:Downloading... https://services.cancerimagingarchive.net/nbia-api/services/v1/getImage?NewFileNames=Yes&SeriesInstanceUID=1.3.6.1.4.1.14519.5.2.1.6279.6001.220041426531925632952954881401
2024-03-04 15:11:50,489:INFO:Downloading... https://services.cancerimagingarchive.net/nbia-api/services/v1/getImage?NewFileNames=Yes&SeriesInstanceUID=1.3.6.1.4.1.14519.5.2.1.6279.6001.112740418331256326754121315800
2024-03-04 15:12:05,131:INFO:Downloading... https://services.cancerimagingarchive.net/nbia-api/services/v1/getImage?NewFileNames=Yes&SeriesInstanceUID=1.3.6.1.4.1.14519.5.2.1.6279.6001.741709061958490690246385302477
2024-03-04 15:12:19,869:INFO:Downloading... https://services.cancerimagingarchive.net/nbia-api/services/v1/getImage?NewFileNames=Yes&SeriesInstanceUID=1.3.6.1.4.1.14519.5.2.1.6279.6001.142026812390984321013050559882
2024-03-04 15:12:26,755:INFO:Downloading... https://services.cancerimagingarchive.net/nbia-api/services/v1/getImage?NewFileNames=Yes&SeriesInstanceUID=1.3.6.1.4.1.14519.5.2.1.6279.6001.232841681445928680425330987749
2024-03-04 15:12:32,597:INFO:Downloading... https://services.cancerimagingarchive.net/nbia-api/services/v1/getImage?NewFileNames=Yes&SeriesInstanceUID=1.3.6.1.4.1.14519.5.2.1.6279.6001.154145395981214039394434950814
2024-03-04 15:12:40,932:INFO:Downloading... https://services.cancerimagingarchive.net/nbia-api/services/v1/getImage?NewFileNames=Yes&SeriesInstanceUID=1.3.6.1.4.1.14519.5.2.1.6279.6001.239368516910061467349404750170
2024-03-04 15:12:52,803:INFO:Downloading... https://services.cancerimagingarchive.net/nbia-api/services/v1/getImage?NewFileNames=Yes&SeriesInstanceUID=1.3.6.1.4.1.14519.5.2.1.6279.6001.140614242738455943374226148817
2024-03-04 15:12:57,527:INFO:Downloading... https://services.cancerimagingarchive.net/nbia-api/services/v1/getImage?NewFileNames=Yes&SeriesInstanceUID=1.3.6.1.4.1.14519.5.2.1.6279.6001.151706669339536324934926416602
2024-03-04 15:13:09,418:INFO:Downloading... https://services.cancerimagingarchive.net/nbia-api/services/v1/getImage?NewFileNames=Yes&SeriesInstanceUID=1.3.6.1.4.1.14519.5.2.1.6279.6001.115231804715499122501654312443
2024-03-04 15:13:16,826:INFO:Downloading... https://services.cancerimagingarchive.net/nbia-api/services/v1/getImage?NewFileNames=Yes&SeriesInstanceUID=1.3.6.1.4.1.14519.5.2.1.6279.6001.829933155161469771998787361943
2024-03-04 15:13:19,692:INFO:Downloading... https://services.cancerimagingarchive.net/nbia-api/services/v1/getImage?NewFileNames=Yes&SeriesInstanceUID=1.3.6.1.4.1.14519.5.2.1.6279.6001.116851598584728635491816908135
2024-03-04 15:13:26,358:INFO:Downloading... https://services.cancerimagingarchive.net/nbia-api/services/v1/getImage?NewFileNames=Yes&SeriesInstanceUID=1.3.6.1.4.1.14519.5.2.1.6279.6001.125641282114031333921855664282
2024-03-04 15:13:40,344:INFO:Downloading... https://services.cancerimagingarchive.net/nbia-api/services/v1/getImage?NewFileNames=Yes&SeriesInstanceUID=1.3.6.1.4.1.14519.5.2.1.6279.6001.980970915982642197314267631398
2024-03-04 15:13:48,247:INFO:Downloading... https://services.cancerimagingarchive.net/nbia-api/services/v1/getImage?NewFileNames=Yes&SeriesInstanceUID=1.3.6.1.4.1.14519.5.2.1.6279.6001.129466644298158473520902418919
2024-03-04 15:13:58,347:INFO:Downloading... https://services.cancerimagingarchive.net/nbia-api/services/v1/getImage?NewFileNames=Yes&SeriesInstanceUID=1.3.6.1.4.1.14519.5.2.1.6279.6001.201497689881527038974435337316
2024-03-04 15:14:03,681:INFO:Downloading... https://services.cancerimagingarchive.net/nbia-api/services/v1/getImage?NewFileNames=Yes&SeriesInstanceUID=1.3.6.1.4.1.14519.5.2.1.6279.6001.232786588606464808026607934320
2024-03-04 15:14:10,093:INFO:Downloading... https://services.cancerimagingarchive.net/nbia-api/services/v1/getImage?NewFileNames=Yes&SeriesInstanceUID=1.3.6.1.4.1.14519.5.2.1.6279.6001.150778462295506655366671531510
2024-03-04 15:14:14,117:INFO:Downloading... https://services.cancerimagingarchive.net/nbia-api/services/v1/getImage?NewFileNames=Yes&SeriesInstanceUID=1.3.6.1.4.1.14519.5.2.1.6279.6001.185889648265247197153816875170
2024-03-04 15:14:22,461:INFO:Downloading... https://services.cancerimagingarchive.net/nbia-api/services/v1/getImage?NewFileNames=Yes&SeriesInstanceUID=1.3.6.1.4.1.14519.5.2.1.6279.6001.105870892833212721054592824621
2024-03-04 15:14:29,032:INFO:Downloading... https://services.cancerimagingarchive.net/nbia-api/services/v1/getImage?NewFileNames=Yes&SeriesInstanceUID=1.3.6.1.4.1.14519.5.2.1.6279.6001.792074630193473039262761860587
2024-03-04 15:14:59,244:INFO:Downloading... https://services.cancerimagingarchive.net/nbia-api/services/v1/getImage?NewFileNames=Yes&SeriesInstanceUID=1.3.6.1.4.1.14519.5.2.1.6279.6001.205206562583963020078910246975
2024-03-04 15:15:29,706:INFO:Downloading... https://services.cancerimagingarchive.net/nbia-api/services/v1/getImage?NewFileNames=Yes&SeriesInstanceUID=1.3.6.1.4.1.14519.5.2.1.6279.6001.140043141379853172857758609667
2024-03-04 15:15:36,083:INFO:Downloading... https://services.cancerimagingarchive.net/nbia-api/services/v1/getImage?NewFileNames=Yes&SeriesInstanceUID=1.3.6.1.4.1.14519.5.2.1.6279.6001.313409765889802928878750491956
2024-03-04 15:15:45,771:INFO:Downloading... https://services.cancerimagingarchive.net/nbia-api/services/v1/getImage?NewFileNames=Yes&SeriesInstanceUID=1.3.6.1.4.1.14519.5.2.1.6279.6001.241671809067336049550270815293
2024-03-04 15:16:02,044:INFO:Downloading... https://services.cancerimagingarchive.net/nbia-api/services/v1/getImage?NewFileNames=Yes&SeriesInstanceUID=1.3.6.1.4.1.14519.5.2.1.6279.6001.270595341434264431819455140983
2024-03-04 15:16:16,096:INFO:Downloading... https://services.cancerimagingarchive.net/nbia-api/services/v1/getImage?NewFileNames=Yes&SeriesInstanceUID=1.3.6.1.4.1.14519.5.2.1.6279.6001.147655093163318843042274577903
2024-03-04 15:16:30,167:INFO:Downloading... https://services.cancerimagingarchive.net/nbia-api/services/v1/getImage?NewFileNames=Yes&SeriesInstanceUID=1.3.6.1.4.1.14519.5.2.1.6279.6001.116798263639724314842490465662
2024-03-04 15:16:41,242:INFO:Downloading... https://services.cancerimagingarchive.net/nbia-api/services/v1/getImage?NewFileNames=Yes&SeriesInstanceUID=1.3.6.1.4.1.14519.5.2.1.6279.6001.171746662789400475948511322868
2024-03-04 15:16:44,940:INFO:Downloading... https://services.cancerimagingarchive.net/nbia-api/services/v1/getImage?NewFileNames=Yes&SeriesInstanceUID=1.3.6.1.4.1.14519.5.2.1.6279.6001.616592530217021649315885775345
2024-03-04 15:16:57,617:INFO:Downloading... https://services.cancerimagingarchive.net/nbia-api/services/v1/getImage?NewFileNames=Yes&SeriesInstanceUID=1.3.6.1.4.1.14519.5.2.1.6279.6001.610552861714864514744852217640
2024-03-04 15:17:12,208:INFO:Downloading... https://services.cancerimagingarchive.net/nbia-api/services/v1/getImage?NewFileNames=Yes&SeriesInstanceUID=1.3.6.1.4.1.14519.5.2.1.6279.6001.328911821208757318767256607933
2024-03-04 15:17:24,745:INFO:Downloading... https://services.cancerimagingarchive.net/nbia-api/services/v1/getImage?NewFileNames=Yes&SeriesInstanceUID=1.3.6.1.4.1.14519.5.2.1.6279.6001.159026300526162106155638433321
2024-03-04 15:17:39,018:INFO:Downloading... https://services.cancerimagingarchive.net/nbia-api/services/v1/getImage?NewFileNames=Yes&SeriesInstanceUID=1.3.6.1.4.1.14519.5.2.1.6279.6001.233348411434728358708345136856
2024-03-04 15:17:50,692:INFO:Downloading... https://services.cancerimagingarchive.net/nbia-api/services/v1/getImage?NewFileNames=Yes&SeriesInstanceUID=1.3.6.1.4.1.14519.5.2.1.6279.6001.129430203478599312080559930443
2024-03-04 15:17:59,714:INFO:Downloading... https://services.cancerimagingarchive.net/nbia-api/services/v1/getImage?NewFileNames=Yes&SeriesInstanceUID=1.3.6.1.4.1.14519.5.2.1.6279.6001.237855417502750555158013448483
2024-03-04 15:18:06,006:INFO:Downloading... https://services.cancerimagingarchive.net/nbia-api/services/v1/getImage?NewFileNames=Yes&SeriesInstanceUID=1.3.6.1.4.1.14519.5.2.1.6279.6001.199132715934307638233573266716
2024-03-04 15:18:20,342:INFO:Downloading... https://services.cancerimagingarchive.net/nbia-api/services/v1/getImage?NewFileNames=Yes&SeriesInstanceUID=1.3.6.1.4.1.14519.5.2.1.6279.6001.159265166937401777756248496632
2024-03-04 15:18:26,652:INFO:Downloading... https://services.cancerimagingarchive.net/nbia-api/services/v1/getImage?NewFileNames=Yes&SeriesInstanceUID=1.3.6.1.4.1.14519.5.2.1.6279.6001.114643134991547510142488707241
2024-03-04 15:18:31,086:INFO:Downloading... https://services.cancerimagingarchive.net/nbia-api/services/v1/getImage?NewFileNames=Yes&SeriesInstanceUID=1.3.6.1.4.1.14519.5.2.1.6279.6001.470292730336794047533639542076
2024-03-04 15:18:38,764:INFO:Downloading... https://services.cancerimagingarchive.net/nbia-api/services/v1/getImage?NewFileNames=Yes&SeriesInstanceUID=1.3.6.1.4.1.14519.5.2.1.6279.6001.330361562313025994674404156967
2024-03-04 15:18:51,230:INFO:Downloading... https://services.cancerimagingarchive.net/nbia-api/services/v1/getImage?NewFileNames=Yes&SeriesInstanceUID=1.3.6.1.4.1.14519.5.2.1.6279.6001.240282537530757534746798814586
2024-03-04 15:18:54,225:INFO:Downloading... https://services.cancerimagingarchive.net/nbia-api/services/v1/getImage?NewFileNames=Yes&SeriesInstanceUID=1.3.6.1.4.1.14519.5.2.1.6279.6001.162832490847512063349669512025
2024-03-04 15:19:03,039:INFO:Downloading... https://services.cancerimagingarchive.net/nbia-api/services/v1/getImage?NewFileNames=Yes&SeriesInstanceUID=1.3.6.1.4.1.14519.5.2.1.6279.6001.147159006010754977490852730189
2024-03-04 15:19:14,732:INFO:Downloading... https://services.cancerimagingarchive.net/nbia-api/services/v1/getImage?NewFileNames=Yes&SeriesInstanceUID=1.3.6.1.4.1.14519.5.2.1.6279.6001.145307753896164386773181782028
2024-03-04 15:19:24,260:INFO:Downloading... https://services.cancerimagingarchive.net/nbia-api/services/v1/getImage?NewFileNames=Yes&SeriesInstanceUID=1.3.6.1.4.1.14519.5.2.1.6279.6001.267061212967701129351912629940
2024-03-04 15:19:29,839:INFO:Downloading... https://services.cancerimagingarchive.net/nbia-api/services/v1/getImage?NewFileNames=Yes&SeriesInstanceUID=1.3.6.1.4.1.14519.5.2.1.6279.6001.243821191223104395348332677845
2024-03-04 15:19:41,384:INFO:Downloading... https://services.cancerimagingarchive.net/nbia-api/services/v1/getImage?NewFileNames=Yes&SeriesInstanceUID=1.3.6.1.4.1.14519.5.2.1.6279.6001.273114237565908267693578699977
2024-03-04 15:19:48,803:INFO:Downloading... https://services.cancerimagingarchive.net/nbia-api/services/v1/getImage?NewFileNames=Yes&SeriesInstanceUID=1.3.6.1.4.1.14519.5.2.1.6279.6001.211726530738854368916838461373
2024-03-04 15:19:52,835:INFO:Downloading... https://services.cancerimagingarchive.net/nbia-api/services/v1/getImage?NewFileNames=Yes&SeriesInstanceUID=1.3.6.1.4.1.14519.5.2.1.6279.6001.198149078880745206369251646769
2024-03-04 15:19:58,483:INFO:Downloading... https://services.cancerimagingarchive.net/nbia-api/services/v1/getImage?NewFileNames=Yes&SeriesInstanceUID=1.3.6.1.4.1.14519.5.2.1.6279.6001.210744692899786048714244525186
2024-03-04 15:20:03,777:INFO:Downloading... https://services.cancerimagingarchive.net/nbia-api/services/v1/getImage?NewFileNames=Yes&SeriesInstanceUID=1.3.6.1.4.1.14519.5.2.1.6279.6001.359143350815328767049489480026
2024-03-04 15:20:07,525:INFO:Downloading... https://services.cancerimagingarchive.net/nbia-api/services/v1/getImage?NewFileNames=Yes&SeriesInstanceUID=1.3.6.1.4.1.14519.5.2.1.6279.6001.544645010875588840814748352505
2024-03-04 15:20:12,487:INFO:Downloading... https://services.cancerimagingarchive.net/nbia-api/services/v1/getImage?NewFileNames=Yes&SeriesInstanceUID=1.3.6.1.4.1.14519.5.2.1.6279.6001.311466493695476565814719253413
2024-03-04 15:20:19,769:INFO:Downloading... https://services.cancerimagingarchive.net/nbia-api/services/v1/getImage?NewFileNames=Yes&SeriesInstanceUID=1.3.6.1.4.1.14519.5.2.1.6279.6001.246445082715406922548314595791
2024-03-04 15:20:23,373:INFO:Downloading... https://services.cancerimagingarchive.net/nbia-api/services/v1/getImage?NewFileNames=Yes&SeriesInstanceUID=1.3.6.1.4.1.14519.5.2.1.6279.6001.790013313334466425295235589574
2024-03-04 15:20:26,957:INFO:Downloading... https://services.cancerimagingarchive.net/nbia-api/services/v1/getImage?NewFileNames=Yes&SeriesInstanceUID=1.3.6.1.4.1.14519.5.2.1.6279.6001.657576366889817287631254521882
2024-03-04 15:20:41,329:INFO:Downloading... https://services.cancerimagingarchive.net/nbia-api/services/v1/getImage?NewFileNames=Yes&SeriesInstanceUID=1.3.6.1.4.1.14519.5.2.1.6279.6001.314622489630148068477223733595
2024-03-04 15:20:45,469:INFO:Downloading... https://services.cancerimagingarchive.net/nbia-api/services/v1/getImage?NewFileNames=Yes&SeriesInstanceUID=1.3.6.1.4.1.14519.5.2.1.6279.6001.219868234028570087207178877058
2024-03-04 15:20:57,163:INFO:Downloading... https://services.cancerimagingarchive.net/nbia-api/services/v1/getImage?NewFileNames=Yes&SeriesInstanceUID=1.3.6.1.4.1.14519.5.2.1.6279.6001.172825520248158858306095280579
2024-03-04 15:21:01,341:INFO:Downloading... https://services.cancerimagingarchive.net/nbia-api/services/v1/getImage?NewFileNames=Yes&SeriesInstanceUID=1.3.6.1.4.1.14519.5.2.1.6279.6001.136797553187127958824073184000
2024-03-04 15:21:05,545:INFO:Downloading... https://services.cancerimagingarchive.net/nbia-api/services/v1/getImage?NewFileNames=Yes&SeriesInstanceUID=1.3.6.1.4.1.14519.5.2.1.6279.6001.211317669233467214881380477830
2024-03-04 15:21:12,499:INFO:Downloading... https://services.cancerimagingarchive.net/nbia-api/services/v1/getImage?NewFileNames=Yes&SeriesInstanceUID=1.3.6.1.4.1.14519.5.2.1.6279.6001.741922214364594450039167164545
2024-03-04 15:21:17,952:INFO:Downloading... https://services.cancerimagingarchive.net/nbia-api/services/v1/getImage?NewFileNames=Yes&SeriesInstanceUID=1.3.6.1.4.1.14519.5.2.1.6279.6001.205550812074465829503406596652
2024-03-04 15:21:20,698:INFO:Downloading... https://services.cancerimagingarchive.net/nbia-api/services/v1/getImage?NewFileNames=Yes&SeriesInstanceUID=1.3.6.1.4.1.14519.5.2.1.6279.6001.339063854210318997673643535996
2024-03-04 15:21:24,275:INFO:Downloading... https://services.cancerimagingarchive.net/nbia-api/services/v1/getImage?NewFileNames=Yes&SeriesInstanceUID=1.3.6.1.4.1.14519.5.2.1.6279.6001.239451150743822952667769822351
2024-03-04 15:21:36,155:INFO:Downloading... https://services.cancerimagingarchive.net/nbia-api/services/v1/getImage?NewFileNames=Yes&SeriesInstanceUID=1.3.6.1.4.1.14519.5.2.1.6279.6001.309688315297714049405581648903
2024-03-04 15:21:41,497:INFO:Downloading... https://services.cancerimagingarchive.net/nbia-api/services/v1/getImage?NewFileNames=Yes&SeriesInstanceUID=1.3.6.1.4.1.14519.5.2.1.6279.6001.290389044112819325042112228399
2024-03-04 15:21:51,598:INFO:Downloading... https://services.cancerimagingarchive.net/nbia-api/services/v1/getImage?NewFileNames=Yes&SeriesInstanceUID=1.3.6.1.4.1.14519.5.2.1.6279.6001.134431713337414332708539217972
2024-03-04 15:21:55,128:INFO:Downloading... https://services.cancerimagingarchive.net/nbia-api/services/v1/getImage?NewFileNames=Yes&SeriesInstanceUID=1.3.6.1.4.1.14519.5.2.1.6279.6001.199916291608127150948127902598
2024-03-04 15:22:01,206:INFO:Downloading... https://services.cancerimagingarchive.net/nbia-api/services/v1/getImage?NewFileNames=Yes&SeriesInstanceUID=1.3.6.1.4.1.14519.5.2.1.6279.6001.670007319415406991866816327183
2024-03-04 15:22:06,917:INFO:Downloading... https://services.cancerimagingarchive.net/nbia-api/services/v1/getImage?NewFileNames=Yes&SeriesInstanceUID=1.3.6.1.4.1.14519.5.2.1.6279.6001.122285196754238323810344887171
2024-03-04 15:22:12,121:INFO:Downloading... https://services.cancerimagingarchive.net/nbia-api/services/v1/getImage?NewFileNames=Yes&SeriesInstanceUID=1.3.6.1.4.1.14519.5.2.1.6279.6001.238987641228384263774231039058
2024-03-04 15:22:15,244:INFO:Downloading... https://services.cancerimagingarchive.net/nbia-api/services/v1/getImage?NewFileNames=Yes&SeriesInstanceUID=1.3.6.1.4.1.14519.5.2.1.6279.6001.289673114728957557138191879489
2024-03-04 15:22:27,041:INFO:Downloading... https://services.cancerimagingarchive.net/nbia-api/services/v1/getImage?NewFileNames=Yes&SeriesInstanceUID=1.3.6.1.4.1.14519.5.2.1.6279.6001.183792477767310422201520794020
2024-03-04 15:22:30,861:INFO:Downloading... https://services.cancerimagingarchive.net/nbia-api/services/v1/getImage?NewFileNames=Yes&SeriesInstanceUID=1.3.6.1.4.1.14519.5.2.1.6279.6001.872298293574787924842447249863
2024-03-04 15:22:42,734:INFO:Downloading... https://services.cancerimagingarchive.net/nbia-api/services/v1/getImage?NewFileNames=Yes&SeriesInstanceUID=1.3.6.1.4.1.14519.5.2.1.6279.6001.101619518506864197452353163175
2024-03-04 15:22:46,850:INFO:Downloading... https://services.cancerimagingarchive.net/nbia-api/services/v1/getImage?NewFileNames=Yes&SeriesInstanceUID=1.3.6.1.4.1.14519.5.2.1.6279.6001.299261157447612001901163107818
2024-03-04 15:22:54,316:INFO:Downloading... https://services.cancerimagingarchive.net/nbia-api/services/v1/getImage?NewFileNames=Yes&SeriesInstanceUID=1.3.6.1.4.1.14519.5.2.1.6279.6001.188810583335835232643319245598
2024-03-04 15:23:06,022:INFO:Downloading... https://services.cancerimagingarchive.net/nbia-api/services/v1/getImage?NewFileNames=Yes&SeriesInstanceUID=1.3.6.1.4.1.14519.5.2.1.6279.6001.232229956850151024631272429725
2024-03-04 15:23:11,480:INFO:Downloading... https://services.cancerimagingarchive.net/nbia-api/services/v1/getImage?NewFileNames=Yes&SeriesInstanceUID=1.3.6.1.4.1.14519.5.2.1.6279.6001.292858817456820442575368728516
2024-03-04 15:23:16,342:INFO:Downloading... https://services.cancerimagingarchive.net/nbia-api/services/v1/getImage?NewFileNames=Yes&SeriesInstanceUID=1.3.6.1.4.1.14519.5.2.1.6279.6001.286769706315602904461487778787
2024-03-04 15:23:20,899:INFO:Downloading... https://services.cancerimagingarchive.net/nbia-api/services/v1/getImage?NewFileNames=Yes&SeriesInstanceUID=1.3.6.1.4.1.14519.5.2.1.6279.6001.215871171950559139794948002203
2024-03-04 15:23:26,331:INFO:Downloading... https://services.cancerimagingarchive.net/nbia-api/services/v1/getImage?NewFileNames=Yes&SeriesInstanceUID=1.3.6.1.4.1.14519.5.2.1.6279.6001.300967045069639864835893744907
2024-03-04 15:23:31,345:INFO:Downloading... https://services.cancerimagingarchive.net/nbia-api/services/v1/getImage?NewFileNames=Yes&SeriesInstanceUID=1.3.6.1.4.1.14519.5.2.1.6279.6001.410365840592575460083574159166
2024-03-04 15:23:43,315:INFO:Downloading... https://services.cancerimagingarchive.net/nbia-api/services/v1/getImage?NewFileNames=Yes&SeriesInstanceUID=1.3.6.1.4.1.14519.5.2.1.6279.6001.156190670724166928373489555815
2024-03-04 15:23:48,480:INFO:Downloading... https://services.cancerimagingarchive.net/nbia-api/services/v1/getImage?NewFileNames=Yes&SeriesInstanceUID=1.3.6.1.4.1.14519.5.2.1.6279.6001.318165737094336595335967914048
2024-03-04 15:23:51,391:INFO:Downloading... https://services.cancerimagingarchive.net/nbia-api/services/v1/getImage?NewFileNames=Yes&SeriesInstanceUID=1.3.6.1.4.1.14519.5.2.1.6279.6001.201456106349537316145214209907
2024-03-04 15:24:03,475:INFO:Downloading... https://services.cancerimagingarchive.net/nbia-api/services/v1/getImage?NewFileNames=Yes&SeriesInstanceUID=1.3.6.1.4.1.14519.5.2.1.6279.6001.212163494187464282715232736988
2024-03-04 15:24:08,570:INFO:Downloading... https://services.cancerimagingarchive.net/nbia-api/services/v1/getImage?NewFileNames=Yes&SeriesInstanceUID=1.3.6.1.4.1.14519.5.2.1.6279.6001.297807634790625642724184557301
2024-03-04 15:24:14,047:INFO:Downloading... https://services.cancerimagingarchive.net/nbia-api/services/v1/getImage?NewFileNames=Yes&SeriesInstanceUID=1.3.6.1.4.1.14519.5.2.1.6279.6001.313683718840700224414223339444
2024-03-04 15:24:19,210:INFO:Downloading... https://services.cancerimagingarchive.net/nbia-api/services/v1/getImage?NewFileNames=Yes&SeriesInstanceUID=1.3.6.1.4.1.14519.5.2.1.6279.6001.281382817714201615159877953485
2024-03-04 15:24:25,204:INFO:Downloading... https://services.cancerimagingarchive.net/nbia-api/services/v1/getImage?NewFileNames=Yes&SeriesInstanceUID=1.3.6.1.4.1.14519.5.2.1.6279.6001.210102868760281756294235082201
2024-03-04 15:24:36,648:INFO:Downloading... https://services.cancerimagingarchive.net/nbia-api/services/v1/getImage?NewFileNames=Yes&SeriesInstanceUID=1.3.6.1.4.1.14519.5.2.1.6279.6001.212971480103404437607456750417
2024-03-04 15:25:01,785:INFO:Downloading... https://services.cancerimagingarchive.net/nbia-api/services/v1/getImage?NewFileNames=Yes&SeriesInstanceUID=1.3.6.1.4.1.14519.5.2.1.6279.6001.778504284378789172971189645726
2024-03-04 15:25:11,498:INFO:Downloading... https://services.cancerimagingarchive.net/nbia-api/services/v1/getImage?NewFileNames=Yes&SeriesInstanceUID=1.3.6.1.4.1.14519.5.2.1.6279.6001.324128691814047196935730936409
2024-03-04 15:25:23,340:INFO:Downloading... https://services.cancerimagingarchive.net/nbia-api/services/v1/getImage?NewFileNames=Yes&SeriesInstanceUID=1.3.6.1.4.1.14519.5.2.1.6279.6001.154696925868609324891304485946
2024-03-04 15:25:28,453:INFO:Downloading... https://services.cancerimagingarchive.net/nbia-api/services/v1/getImage?NewFileNames=Yes&SeriesInstanceUID=1.3.6.1.4.1.14519.5.2.1.6279.6001.299480094258213201778610004898
2024-03-04 15:25:36,366:INFO:Downloading... https://services.cancerimagingarchive.net/nbia-api/services/v1/getImage?NewFileNames=Yes&SeriesInstanceUID=1.3.6.1.4.1.14519.5.2.1.6279.6001.206691631889489003629571343410
2024-03-04 15:25:48,989:INFO:Downloading... https://services.cancerimagingarchive.net/nbia-api/services/v1/getImage?NewFileNames=Yes&SeriesInstanceUID=1.3.6.1.4.1.14519.5.2.1.6279.6001.525084244168015381779362827315
2024-03-04 15:25:54,813:INFO:Downloading... https://services.cancerimagingarchive.net/nbia-api/services/v1/getImage?NewFileNames=Yes&SeriesInstanceUID=1.3.6.1.4.1.14519.5.2.1.6279.6001.197571418213646233014868925501
2024-03-04 15:26:04,537:INFO:Downloading... https://services.cancerimagingarchive.net/nbia-api/services/v1/getImage?NewFileNames=Yes&SeriesInstanceUID=1.3.6.1.4.1.14519.5.2.1.6279.6001.987704869630002217034260811649
2024-03-04 15:26:16,860:INFO:Downloading... https://services.cancerimagingarchive.net/nbia-api/services/v1/getImage?NewFileNames=Yes&SeriesInstanceUID=1.3.6.1.4.1.14519.5.2.1.6279.6001.238863705761552554567603436775
2024-03-04 15:26:29,085:INFO:Downloading... https://services.cancerimagingarchive.net/nbia-api/services/v1/getImage?NewFileNames=Yes&SeriesInstanceUID=1.3.6.1.4.1.14519.5.2.1.6279.6001.157028077372844506586785318356
2024-03-04 15:26:35,044:INFO:Downloading... https://services.cancerimagingarchive.net/nbia-api/services/v1/getImage?NewFileNames=Yes&SeriesInstanceUID=1.3.6.1.4.1.14519.5.2.1.6279.6001.329316376883917723107946185098
2024-03-04 15:26:42,021:INFO:Downloading... https://services.cancerimagingarchive.net/nbia-api/services/v1/getImage?NewFileNames=Yes&SeriesInstanceUID=1.3.6.1.4.1.14519.5.2.1.6279.6001.126797645619189548095014105796
2024-03-04 15:26:46,808:INFO:Downloading... https://services.cancerimagingarchive.net/nbia-api/services/v1/getImage?NewFileNames=Yes&SeriesInstanceUID=1.3.6.1.4.1.14519.5.2.1.6279.6001.270306633918898619338449637639
2024-03-04 15:26:58,449:INFO:Downloading... https://services.cancerimagingarchive.net/nbia-api/services/v1/getImage?NewFileNames=Yes&SeriesInstanceUID=1.3.6.1.4.1.14519.5.2.1.6279.6001.316239505662510081371960581239
2024-03-04 15:27:05,992:INFO:Downloading... https://services.cancerimagingarchive.net/nbia-api/services/v1/getImage?NewFileNames=Yes&SeriesInstanceUID=1.3.6.1.4.1.14519.5.2.1.6279.6001.334422875695728375365180725669
2024-03-04 15:27:10,691:INFO:Downloading... https://services.cancerimagingarchive.net/nbia-api/services/v1/getImage?NewFileNames=Yes&SeriesInstanceUID=1.3.6.1.4.1.14519.5.2.1.6279.6001.118581656938136776132397300978
2024-03-04 15:27:18,317:INFO:Downloading... https://services.cancerimagingarchive.net/nbia-api/services/v1/getImage?NewFileNames=Yes&SeriesInstanceUID=1.3.6.1.4.1.14519.5.2.1.6279.6001.181853805506436271908882614825
2024-03-04 15:27:23,696:INFO:Downloading... https://services.cancerimagingarchive.net/nbia-api/services/v1/getImage?NewFileNames=Yes&SeriesInstanceUID=1.3.6.1.4.1.14519.5.2.1.6279.6001.147362147874526540734083859066
2024-03-04 15:27:28,481:INFO:Downloading... https://services.cancerimagingarchive.net/nbia-api/services/v1/getImage?NewFileNames=Yes&SeriesInstanceUID=1.3.6.1.4.1.14519.5.2.1.6279.6001.382981348891573094702726085023
2024-03-04 15:27:31,955:INFO:Downloading... https://services.cancerimagingarchive.net/nbia-api/services/v1/getImage?NewFileNames=Yes&SeriesInstanceUID=1.3.6.1.4.1.14519.5.2.1.6279.6001.774060103415303828812229821954
2024-03-04 15:27:44,246:INFO:Downloading... https://services.cancerimagingarchive.net/nbia-api/services/v1/getImage?NewFileNames=Yes&SeriesInstanceUID=1.3.6.1.4.1.14519.5.2.1.6279.6001.128023902651233986592378348912
2024-03-04 15:27:56,201:INFO:Downloading... https://services.cancerimagingarchive.net/nbia-api/services/v1/getImage?NewFileNames=Yes&SeriesInstanceUID=1.3.6.1.4.1.14519.5.2.1.6279.6001.122621219961396951727742490470
2024-03-04 15:28:15,166:INFO:Downloading... https://services.cancerimagingarchive.net/nbia-api/services/v1/getImage?NewFileNames=Yes&SeriesInstanceUID=1.3.6.1.4.1.14519.5.2.1.6279.6001.269689294231892620436462818860
2024-03-04 15:28:26,871:INFO:Downloading... https://services.cancerimagingarchive.net/nbia-api/services/v1/getImage?NewFileNames=Yes&SeriesInstanceUID=1.3.6.1.4.1.14519.5.2.1.6279.6001.177252583002664900748714851615
2024-03-04 15:28:45,263:INFO:Downloading... https://services.cancerimagingarchive.net/nbia-api/services/v1/getImage?NewFileNames=Yes&SeriesInstanceUID=1.3.6.1.4.1.14519.5.2.1.6279.6001.122763913896761494371822656720
2024-03-04 15:28:55,468:INFO:Downloading... https://services.cancerimagingarchive.net/nbia-api/services/v1/getImage?NewFileNames=Yes&SeriesInstanceUID=1.3.6.1.4.1.14519.5.2.1.6279.6001.191301539558980174217770205256
2024-03-04 15:29:06,092:INFO:Downloading... https://services.cancerimagingarchive.net/nbia-api/services/v1/getImage?NewFileNames=Yes&SeriesInstanceUID=1.3.6.1.4.1.14519.5.2.1.6279.6001.303865116731361029078599241306
2024-03-04 15:29:22,324:INFO:Downloading... https://services.cancerimagingarchive.net/nbia-api/services/v1/getImage?NewFileNames=Yes&SeriesInstanceUID=1.3.6.1.4.1.14519.5.2.1.6279.6001.398955972049286139436103068984
2024-03-04 15:29:37,873:INFO:Downloading... https://services.cancerimagingarchive.net/nbia-api/services/v1/getImage?NewFileNames=Yes&SeriesInstanceUID=1.3.6.1.4.1.14519.5.2.1.6279.6001.194465340552956447447896167830
2024-03-04 15:29:48,870:INFO:Downloading... https://services.cancerimagingarchive.net/nbia-api/services/v1/getImage?NewFileNames=Yes&SeriesInstanceUID=1.3.6.1.4.1.14519.5.2.1.6279.6001.897161587681142256575045076919
2024-03-04 15:30:05,092:INFO:Downloading... https://services.cancerimagingarchive.net/nbia-api/services/v1/getImage?NewFileNames=Yes&SeriesInstanceUID=1.3.6.1.4.1.14519.5.2.1.6279.6001.160124400349792614505500125883
2024-03-04 15:30:16,500:INFO:Downloading... https://services.cancerimagingarchive.net/nbia-api/services/v1/getImage?NewFileNames=Yes&SeriesInstanceUID=1.3.6.1.4.1.14519.5.2.1.6279.6001.125067060506283419853742462394
2024-03-04 15:30:27,296:INFO:Downloading... https://services.cancerimagingarchive.net/nbia-api/services/v1/getImage?NewFileNames=Yes&SeriesInstanceUID=1.3.6.1.4.1.14519.5.2.1.6279.6001.306140003699110313373771452136
2024-03-04 15:30:38,997:INFO:Downloading... https://services.cancerimagingarchive.net/nbia-api/services/v1/getImage?NewFileNames=Yes&SeriesInstanceUID=1.3.6.1.4.1.14519.5.2.1.6279.6001.334184846571549530235084187602
2024-03-04 15:30:51,036:INFO:Downloading... https://services.cancerimagingarchive.net/nbia-api/services/v1/getImage?NewFileNames=Yes&SeriesInstanceUID=1.3.6.1.4.1.14519.5.2.1.6279.6001.120196332569034738680965284519
2024-03-04 15:31:02,598:INFO:Downloading... https://services.cancerimagingarchive.net/nbia-api/services/v1/getImage?NewFileNames=Yes&SeriesInstanceUID=1.3.6.1.4.1.14519.5.2.1.6279.6001.100620385482151095585000946543
2024-03-04 15:31:18,864:INFO:Downloading... https://services.cancerimagingarchive.net/nbia-api/services/v1/getImage?NewFileNames=Yes&SeriesInstanceUID=1.3.6.1.4.1.14519.5.2.1.6279.6001.504324996863016748259361352296
2024-03-04 15:31:28,418:INFO:Downloading... https://services.cancerimagingarchive.net/nbia-api/services/v1/getImage?NewFileNames=Yes&SeriesInstanceUID=1.3.6.1.4.1.14519.5.2.1.6279.6001.139713436241461669335487719526
2024-03-04 15:31:41,135:INFO:Downloading... https://services.cancerimagingarchive.net/nbia-api/services/v1/getImage?NewFileNames=Yes&SeriesInstanceUID=1.3.6.1.4.1.14519.5.2.1.6279.6001.190937805243443708408459490152
2024-03-04 15:31:52,660:INFO:Downloading... https://services.cancerimagingarchive.net/nbia-api/services/v1/getImage?NewFileNames=Yes&SeriesInstanceUID=1.3.6.1.4.1.14519.5.2.1.6279.6001.184019785706727365023450012318
2024-03-04 15:32:02,563:INFO:Downloading... https://services.cancerimagingarchive.net/nbia-api/services/v1/getImage?NewFileNames=Yes&SeriesInstanceUID=1.3.6.1.4.1.14519.5.2.1.6279.6001.319009811633846643966578282371
2024-03-04 15:32:18,809:INFO:Downloading... https://services.cancerimagingarchive.net/nbia-api/services/v1/getImage?NewFileNames=Yes&SeriesInstanceUID=1.3.6.1.4.1.14519.5.2.1.6279.6001.145474881373882284343459153872
2024-03-04 15:32:29,650:INFO:Downloading... https://services.cancerimagingarchive.net/nbia-api/services/v1/getImage?NewFileNames=Yes&SeriesInstanceUID=1.3.6.1.4.1.14519.5.2.1.6279.6001.259018373683540453277752706262
2024-03-04 15:32:40,639:INFO:Downloading... https://services.cancerimagingarchive.net/nbia-api/services/v1/getImage?NewFileNames=Yes&SeriesInstanceUID=1.3.6.1.4.1.14519.5.2.1.6279.6001.657775098760536289051744981056
2024-03-04 15:32:52,843:INFO:Downloading... https://services.cancerimagingarchive.net/nbia-api/services/v1/getImage?NewFileNames=Yes&SeriesInstanceUID=1.3.6.1.4.1.14519.5.2.1.6279.6001.373433682859788429397781158572
2024-03-04 15:33:05,410:INFO:Downloading... https://services.cancerimagingarchive.net/nbia-api/services/v1/getImage?NewFileNames=Yes&SeriesInstanceUID=1.3.6.1.4.1.14519.5.2.1.6279.6001.526570782606728516388531252230
2024-03-04 15:33:18,662:INFO:Downloading... https://services.cancerimagingarchive.net/nbia-api/services/v1/getImage?NewFileNames=Yes&SeriesInstanceUID=1.3.6.1.4.1.14519.5.2.1.6279.6001.811825890493256320617655474043
2024-03-04 15:33:30,781:INFO:Downloading... https://services.cancerimagingarchive.net/nbia-api/services/v1/getImage?NewFileNames=Yes&SeriesInstanceUID=1.3.6.1.4.1.14519.5.2.1.6279.6001.202476538079060560282495099956
2024-03-04 15:33:42,574:INFO:Downloading... https://services.cancerimagingarchive.net/nbia-api/services/v1/getImage?NewFileNames=Yes&SeriesInstanceUID=1.3.6.1.4.1.14519.5.2.1.6279.6001.235217371152464582553341729176
2024-03-04 15:33:53,232:INFO:Downloading... https://services.cancerimagingarchive.net/nbia-api/services/v1/getImage?NewFileNames=Yes&SeriesInstanceUID=1.3.6.1.4.1.14519.5.2.1.6279.6001.203179378754043776171267611064
2024-03-04 15:34:05,034:INFO:Downloading... https://services.cancerimagingarchive.net/nbia-api/services/v1/getImage?NewFileNames=Yes&SeriesInstanceUID=1.3.6.1.4.1.14519.5.2.1.6279.6001.230078008964732806419498631442
2024-03-04 15:34:14,761:INFO:Downloading... https://services.cancerimagingarchive.net/nbia-api/services/v1/getImage?NewFileNames=Yes&SeriesInstanceUID=1.3.6.1.4.1.14519.5.2.1.6279.6001.156821379677057223126714881626
2024-03-04 15:34:30,523:INFO:Downloading... https://services.cancerimagingarchive.net/nbia-api/services/v1/getImage?NewFileNames=Yes&SeriesInstanceUID=1.3.6.1.4.1.14519.5.2.1.6279.6001.270152671889301412052226973069
2024-03-04 15:34:41,911:INFO:Downloading... https://services.cancerimagingarchive.net/nbia-api/services/v1/getImage?NewFileNames=Yes&SeriesInstanceUID=1.3.6.1.4.1.14519.5.2.1.6279.6001.447468612991222399440694673357
2024-03-04 15:34:52,650:INFO:Downloading... https://services.cancerimagingarchive.net/nbia-api/services/v1/getImage?NewFileNames=Yes&SeriesInstanceUID=1.3.6.1.4.1.14519.5.2.1.6279.6001.131150737314367975651717513386
2024-03-04 15:35:04,438:INFO:Downloading... https://services.cancerimagingarchive.net/nbia-api/services/v1/getImage?NewFileNames=Yes&SeriesInstanceUID=1.3.6.1.4.1.14519.5.2.1.6279.6001.253317247142837717905329340520
2024-03-04 15:35:15,127:INFO:Downloading... https://services.cancerimagingarchive.net/nbia-api/services/v1/getImage?NewFileNames=Yes&SeriesInstanceUID=1.3.6.1.4.1.14519.5.2.1.6279.6001.268589491017129166376960414534
2024-03-04 15:35:26,220:INFO:Downloading... https://services.cancerimagingarchive.net/nbia-api/services/v1/getImage?NewFileNames=Yes&SeriesInstanceUID=1.3.6.1.4.1.14519.5.2.1.6279.6001.116492508532884962903000261147
2024-03-04 15:35:40,037:INFO:Downloading... https://services.cancerimagingarchive.net/nbia-api/services/v1/getImage?NewFileNames=Yes&SeriesInstanceUID=1.3.6.1.4.1.14519.5.2.1.6279.6001.130765375502800983459674173881
2024-03-04 15:35:50,112:INFO:Downloading... https://services.cancerimagingarchive.net/nbia-api/services/v1/getImage?NewFileNames=Yes&SeriesInstanceUID=1.3.6.1.4.1.14519.5.2.1.6279.6001.151669338315069779994664893123
2024-03-04 15:36:04,223:INFO:Downloading... https://services.cancerimagingarchive.net/nbia-api/services/v1/getImage?NewFileNames=Yes&SeriesInstanceUID=1.3.6.1.4.1.14519.5.2.1.6279.6001.553241901808946577644850294647
2024-03-04 15:36:17,250:INFO:Downloading... https://services.cancerimagingarchive.net/nbia-api/services/v1/getImage?NewFileNames=Yes&SeriesInstanceUID=1.3.6.1.4.1.14519.5.2.1.6279.6001.167500254299688235071950909530
2024-03-04 15:36:29,520:INFO:Downloading... https://services.cancerimagingarchive.net/nbia-api/services/v1/getImage?NewFileNames=Yes&SeriesInstanceUID=1.3.6.1.4.1.14519.5.2.1.6279.6001.229171189693734694696158152904
2024-03-04 15:36:39,758:INFO:Downloading... https://services.cancerimagingarchive.net/nbia-api/services/v1/getImage?NewFileNames=Yes&SeriesInstanceUID=1.3.6.1.4.1.14519.5.2.1.6279.6001.776800177074349870648765614630
2024-03-04 15:36:50,785:INFO:Downloading... https://services.cancerimagingarchive.net/nbia-api/services/v1/getImage?NewFileNames=Yes&SeriesInstanceUID=1.3.6.1.4.1.14519.5.2.1.6279.6001.161821150841552408667852639317
2024-03-04 15:37:07,221:INFO:Downloading... https://services.cancerimagingarchive.net/nbia-api/services/v1/getImage?NewFileNames=Yes&SeriesInstanceUID=1.3.6.1.4.1.14519.5.2.1.6279.6001.171919524048654494439256263785
2024-03-04 15:37:17,950:INFO:Downloading... https://services.cancerimagingarchive.net/nbia-api/services/v1/getImage?NewFileNames=Yes&SeriesInstanceUID=1.3.6.1.4.1.14519.5.2.1.6279.6001.339484970190920330170416228517
2024-03-04 15:37:30,208:INFO:Downloading... https://services.cancerimagingarchive.net/nbia-api/services/v1/getImage?NewFileNames=Yes&SeriesInstanceUID=1.3.6.1.4.1.14519.5.2.1.6279.6001.308183340111270052562662456038
2024-03-04 15:37:41,397:INFO:Downloading... https://services.cancerimagingarchive.net/nbia-api/services/v1/getImage?NewFileNames=Yes&SeriesInstanceUID=1.3.6.1.4.1.14519.5.2.1.6279.6001.281967919138248195763602360723
2024-03-04 15:37:59,332:INFO:Downloading... https://services.cancerimagingarchive.net/nbia-api/services/v1/getImage?NewFileNames=Yes&SeriesInstanceUID=1.3.6.1.4.1.14519.5.2.1.6279.6001.413896555982844732694353377538
2024-03-04 15:38:13,438:INFO:Downloading... https://services.cancerimagingarchive.net/nbia-api/services/v1/getImage?NewFileNames=Yes&SeriesInstanceUID=1.3.6.1.4.1.14519.5.2.1.6279.6001.193721075067404532739943086458
2024-03-04 15:38:24,686:INFO:Downloading... https://services.cancerimagingarchive.net/nbia-api/services/v1/getImage?NewFileNames=Yes&SeriesInstanceUID=1.3.6.1.4.1.14519.5.2.1.6279.6001.331211682377519763144559212009
2024-03-04 15:38:37,323:INFO:Downloading... https://services.cancerimagingarchive.net/nbia-api/services/v1/getImage?NewFileNames=Yes&SeriesInstanceUID=1.3.6.1.4.1.14519.5.2.1.6279.6001.253283426904813468115158375647
2024-03-04 15:38:47,797:INFO:Downloading... https://services.cancerimagingarchive.net/nbia-api/services/v1/getImage?NewFileNames=Yes&SeriesInstanceUID=1.3.6.1.4.1.14519.5.2.1.6279.6001.707218743153927597786179232739
2024-03-04 15:39:03,857:INFO:Downloading... https://services.cancerimagingarchive.net/nbia-api/services/v1/getImage?NewFileNames=Yes&SeriesInstanceUID=1.3.6.1.4.1.14519.5.2.1.6279.6001.186021279664749879526003668137
2024-03-04 15:39:20,567:INFO:Downloading... https://services.cancerimagingarchive.net/nbia-api/services/v1/getImage?NewFileNames=Yes&SeriesInstanceUID=1.3.6.1.4.1.14519.5.2.1.6279.6001.338875090785618956575597613546
2024-03-04 15:39:31,296:INFO:Downloading... https://services.cancerimagingarchive.net/nbia-api/services/v1/getImage?NewFileNames=Yes&SeriesInstanceUID=1.3.6.1.4.1.14519.5.2.1.6279.6001.701514276942509393419164159551
2024-03-04 15:39:43,221:INFO:Downloading... https://services.cancerimagingarchive.net/nbia-api/services/v1/getImage?NewFileNames=Yes&SeriesInstanceUID=1.3.6.1.4.1.14519.5.2.1.6279.6001.256542095129414948017808425649
2024-03-04 15:39:54,973:INFO:Downloading... https://services.cancerimagingarchive.net/nbia-api/services/v1/getImage?NewFileNames=Yes&SeriesInstanceUID=1.3.6.1.4.1.14519.5.2.1.6279.6001.108193664222196923321844991231
2024-03-04 15:40:05,300:INFO:Downloading... https://services.cancerimagingarchive.net/nbia-api/services/v1/getImage?NewFileNames=Yes&SeriesInstanceUID=1.3.6.1.4.1.14519.5.2.1.6279.6001.159665703190517688573100822213
2024-03-04 15:40:15,066:INFO:Downloading... https://services.cancerimagingarchive.net/nbia-api/services/v1/getImage?NewFileNames=Yes&SeriesInstanceUID=1.3.6.1.4.1.14519.5.2.1.6279.6001.252709517998555732486024866345
2024-03-04 15:40:38,296:INFO:Downloading... https://services.cancerimagingarchive.net/nbia-api/services/v1/getImage?NewFileNames=Yes&SeriesInstanceUID=1.3.6.1.4.1.14519.5.2.1.6279.6001.975254950136384517744116790879
2024-03-04 15:40:54,536:INFO:Downloading... https://services.cancerimagingarchive.net/nbia-api/services/v1/getImage?NewFileNames=Yes&SeriesInstanceUID=1.3.6.1.4.1.14519.5.2.1.6279.6001.123654356399290048011621921476
2024-03-04 15:41:05,225:INFO:Downloading... https://services.cancerimagingarchive.net/nbia-api/services/v1/getImage?NewFileNames=Yes&SeriesInstanceUID=1.3.6.1.4.1.14519.5.2.1.6279.6001.220205300714852483483213840572
2024-03-04 15:41:16,616:INFO:Downloading... https://services.cancerimagingarchive.net/nbia-api/services/v1/getImage?NewFileNames=Yes&SeriesInstanceUID=1.3.6.1.4.1.14519.5.2.1.6279.6001.159521777966998275980367008904
2024-03-04 15:41:27,035:INFO:Downloading... https://services.cancerimagingarchive.net/nbia-api/services/v1/getImage?NewFileNames=Yes&SeriesInstanceUID=1.3.6.1.4.1.14519.5.2.1.6279.6001.237915456403882324748189195892
2024-03-04 15:41:43,120:INFO:Downloading... https://services.cancerimagingarchive.net/nbia-api/services/v1/getImage?NewFileNames=Yes&SeriesInstanceUID=1.3.6.1.4.1.14519.5.2.1.6279.6001.674809958213117379592437424616
2024-03-04 15:41:56,234:INFO:Downloading... https://services.cancerimagingarchive.net/nbia-api/services/v1/getImage?NewFileNames=Yes&SeriesInstanceUID=1.3.6.1.4.1.14519.5.2.1.6279.6001.669518152156802508672627785405
2024-03-04 15:42:09,644:INFO:Downloading... https://services.cancerimagingarchive.net/nbia-api/services/v1/getImage?NewFileNames=Yes&SeriesInstanceUID=1.3.6.1.4.1.14519.5.2.1.6279.6001.215104063467523905369326175410
2024-03-04 15:42:21,573:INFO:Downloading... https://services.cancerimagingarchive.net/nbia-api/services/v1/getImage?NewFileNames=Yes&SeriesInstanceUID=1.3.6.1.4.1.14519.5.2.1.6279.6001.146603910507557786636779705509
2024-03-04 15:42:32,813:INFO:Downloading... https://services.cancerimagingarchive.net/nbia-api/services/v1/getImage?NewFileNames=Yes&SeriesInstanceUID=1.3.6.1.4.1.14519.5.2.1.6279.6001.240630002689062442926543993263
2024-03-04 15:42:45,340:INFO:Downloading... https://services.cancerimagingarchive.net/nbia-api/services/v1/getImage?NewFileNames=Yes&SeriesInstanceUID=1.3.6.1.4.1.14519.5.2.1.6279.6001.664989286137882319237192185951
2024-03-04 15:43:02,251:INFO:Downloading... https://services.cancerimagingarchive.net/nbia-api/services/v1/getImage?NewFileNames=Yes&SeriesInstanceUID=1.3.6.1.4.1.14519.5.2.1.6279.6001.106419850406056634877579573537
2024-03-04 15:45:12,805:ERROR:HTTPSConnectionPool(host='services.cancerimagingarchive.net', port=443): Max retries exceeded with url: /nbia-api/services/v1/getImage?NewFileNames=Yes&SeriesInstanceUID=1.3.6.1.4.1.14519.5.2.1.6279.6001.106419850406056634877579573537 (Caused by NewConnectionError('<urllib3.connection.HTTPSConnection object at 0x7f5ecdc48400>: Failed to establish a new connection: [Errno 110] Connection timed out'))
