Tue May 21 17:47:28 2024       
+-----------------------------------------------------------------------------------------+
| NVIDIA-SMI 550.54.15              Driver Version: 550.54.15      CUDA Version: 12.4     |
|-----------------------------------------+------------------------+----------------------+
| GPU  Name                 Persistence-M | Bus-Id          Disp.A | Volatile Uncorr. ECC |
| Fan  Temp   Perf          Pwr:Usage/Cap |           Memory-Usage | GPU-Util  Compute M. |
|                                         |                        |               MIG M. |
|=========================================+========================+======================|
|   0  NVIDIA H100 PCIe               On  |   00000000:41:00.0 Off |                    0 |
| N/A   34C    P0             51W /  350W |       0MiB /  81559MiB |      0%   E. Process |
|                                         |                        |             Disabled |
+-----------------------------------------+------------------------+----------------------+
                                                                                         
+-----------------------------------------------------------------------------------------+
| Processes:                                                                              |
|  GPU   GI   CI        PID   Type   Process name                              GPU Memory |
|        ID   ID                                                               Usage      |
|=========================================================================================|
|  No running processes found                                                             |
+-----------------------------------------------------------------------------------------+
Defaulting to user installation because normal site-packages is not writeable
Collecting torch>=1.4.0
  Downloading torch-2.3.0-cp310-cp310-manylinux1_x86_64.whl (779.1 MB)
Collecting torchvision>=0.5.0
  Downloading torchvision-0.18.0-cp310-cp310-manylinux1_x86_64.whl (7.0 MB)
Collecting dominate>=2.4.0
  Downloading dominate-2.9.1-py2.py3-none-any.whl (29 kB)
Collecting visdom>=0.1.8.8
  Downloading visdom-0.2.4.tar.gz (1.4 MB)
Collecting wandb
  Downloading wandb-0.17.0-py3-none-manylinux_2_5_x86_64.manylinux1_x86_64.manylinux_2_17_x86_64.manylinux2014_x86_64.whl (6.7 MB)
Collecting sympy
  Using cached sympy-1.12-py3-none-any.whl (5.7 MB)
Collecting nvidia-nvtx-cu12==12.1.105
  Using cached nvidia_nvtx_cu12-12.1.105-py3-none-manylinux1_x86_64.whl (99 kB)
Collecting nvidia-cuda-cupti-cu12==12.1.105
  Using cached nvidia_cuda_cupti_cu12-12.1.105-py3-none-manylinux1_x86_64.whl (14.1 MB)
Collecting networkx
  Downloading networkx-3.3-py3-none-any.whl (1.7 MB)
Collecting jinja2
  Downloading jinja2-3.1.4-py3-none-any.whl (133 kB)
Requirement already satisfied: typing-extensions>=4.8.0 in /zhome/4e/b/208805/.local/lib/python3.10/site-packages (from torch>=1.4.0->-r /dtu/p1/johlau/Thesis-Synthex/pytorch-CycleGAN-and-pix2pix/requirements.txt (line 1)) (4.11.0)
Collecting nvidia-cuda-runtime-cu12==12.1.105
  Using cached nvidia_cuda_runtime_cu12-12.1.105-py3-none-manylinux1_x86_64.whl (823 kB)
Collecting nvidia-nccl-cu12==2.20.5
  Downloading nvidia_nccl_cu12-2.20.5-py3-none-manylinux2014_x86_64.whl (176.2 MB)
Collecting fsspec
  Downloading fsspec-2024.5.0-py3-none-any.whl (316 kB)
Collecting nvidia-cuda-nvrtc-cu12==12.1.105
  Using cached nvidia_cuda_nvrtc_cu12-12.1.105-py3-none-manylinux1_x86_64.whl (23.7 MB)
Collecting nvidia-cudnn-cu12==8.9.2.26
  Using cached nvidia_cudnn_cu12-8.9.2.26-py3-none-manylinux1_x86_64.whl (731.7 MB)
Collecting nvidia-cublas-cu12==12.1.3.1
  Using cached nvidia_cublas_cu12-12.1.3.1-py3-none-manylinux1_x86_64.whl (410.6 MB)
Collecting nvidia-cufft-cu12==11.0.2.54
  Using cached nvidia_cufft_cu12-11.0.2.54-py3-none-manylinux1_x86_64.whl (121.6 MB)
Collecting triton==2.3.0
  Downloading triton-2.3.0-cp310-cp310-manylinux_2_17_x86_64.manylinux2014_x86_64.whl (168.1 MB)
Collecting nvidia-cusolver-cu12==11.4.5.107
  Using cached nvidia_cusolver_cu12-11.4.5.107-py3-none-manylinux1_x86_64.whl (124.2 MB)
Collecting nvidia-cusparse-cu12==12.1.0.106
  Using cached nvidia_cusparse_cu12-12.1.0.106-py3-none-manylinux1_x86_64.whl (196.0 MB)
Collecting nvidia-curand-cu12==10.3.2.106
  Using cached nvidia_curand_cu12-10.3.2.106-py3-none-manylinux1_x86_64.whl (56.5 MB)
Requirement already satisfied: filelock in /appl9/python/3.10.12/lib/python3.10/site-packages (from torch>=1.4.0->-r /dtu/p1/johlau/Thesis-Synthex/pytorch-CycleGAN-and-pix2pix/requirements.txt (line 1)) (3.12.2)
Collecting nvidia-nvjitlink-cu12
  Downloading nvidia_nvjitlink_cu12-12.4.127-py3-none-manylinux2014_x86_64.whl (21.1 MB)
Collecting pillow!=8.3.*,>=5.3.0
  Downloading pillow-10.3.0-cp310-cp310-manylinux_2_28_x86_64.whl (4.5 MB)
Requirement already satisfied: numpy in /zhome/4e/b/208805/.local/lib/python3.10/site-packages (from torchvision>=0.5.0->-r /dtu/p1/johlau/Thesis-Synthex/pytorch-CycleGAN-and-pix2pix/requirements.txt (line 2)) (1.26.4)
Collecting scipy
  Downloading scipy-1.13.0-cp310-cp310-manylinux_2_17_x86_64.manylinux2014_x86_64.whl (38.6 MB)
Collecting requests
  Downloading requests-2.32.1-py3-none-any.whl (63 kB)
Collecting tornado
  Using cached tornado-6.4-cp38-abi3-manylinux_2_5_x86_64.manylinux1_x86_64.manylinux_2_17_x86_64.manylinux2014_x86_64.whl (435 kB)
Collecting six
  Downloading six-1.16.0-py2.py3-none-any.whl (11 kB)
Collecting jsonpatch
  Downloading jsonpatch-1.33-py2.py3-none-any.whl (12 kB)
Collecting websocket-client
  Downloading websocket_client-1.8.0-py3-none-any.whl (58 kB)
Collecting gitpython!=3.1.29,>=1.0.0
  Downloading GitPython-3.1.43-py3-none-any.whl (207 kB)
Collecting setproctitle
  Downloading setproctitle-1.3.3-cp310-cp310-manylinux_2_5_x86_64.manylinux1_x86_64.manylinux_2_17_x86_64.manylinux2014_x86_64.whl (30 kB)
Requirement already satisfied: setuptools in /appl9/python/3.10.12/lib/python3.10/site-packages (from wandb->-r /dtu/p1/johlau/Thesis-Synthex/pytorch-CycleGAN-and-pix2pix/requirements.txt (line 5)) (68.0.0)
Collecting psutil>=5.0.0
  Downloading psutil-5.9.8-cp36-abi3-manylinux_2_12_x86_64.manylinux2010_x86_64.manylinux_2_17_x86_64.manylinux2014_x86_64.whl (288 kB)
Collecting sentry-sdk>=1.0.0
  Downloading sentry_sdk-2.2.1-py2.py3-none-any.whl (281 kB)
Collecting docker-pycreds>=0.4.0
  Downloading docker_pycreds-0.4.0-py2.py3-none-any.whl (9.0 kB)
Requirement already satisfied: platformdirs in /appl9/python/3.10.12/lib/python3.10/site-packages (from wandb->-r /dtu/p1/johlau/Thesis-Synthex/pytorch-CycleGAN-and-pix2pix/requirements.txt (line 5)) (3.9.1)
Collecting pyyaml
  Downloading PyYAML-6.0.1-cp310-cp310-manylinux_2_17_x86_64.manylinux2014_x86_64.whl (705 kB)
Collecting protobuf!=4.21.0,<5,>=3.19.0
  Downloading protobuf-4.25.3-cp37-abi3-manylinux2014_x86_64.whl (294 kB)
Collecting click!=8.0.0,>=7.1
  Using cached click-8.1.7-py3-none-any.whl (97 kB)
Collecting gitdb<5,>=4.0.1
  Downloading gitdb-4.0.11-py3-none-any.whl (62 kB)
Collecting smmap<6,>=3.0.1
  Downloading smmap-5.0.1-py3-none-any.whl (24 kB)
Collecting charset-normalizer<4,>=2
  Downloading charset_normalizer-3.3.2-cp310-cp310-manylinux_2_17_x86_64.manylinux2014_x86_64.whl (142 kB)
Collecting idna<4,>=2.5
  Downloading idna-3.7-py3-none-any.whl (66 kB)
Collecting certifi>=2017.4.17
  Downloading certifi-2024.2.2-py3-none-any.whl (163 kB)
Collecting urllib3<3,>=1.21.1
  Downloading urllib3-2.2.1-py3-none-any.whl (121 kB)
Collecting MarkupSafe>=2.0
  Downloading MarkupSafe-2.1.5-cp310-cp310-manylinux_2_17_x86_64.manylinux2014_x86_64.whl (25 kB)
Collecting jsonpointer>=1.9
  Downloading jsonpointer-2.4-py2.py3-none-any.whl (7.8 kB)
Collecting mpmath>=0.19
  Using cached mpmath-1.3.0-py3-none-any.whl (536 kB)
Building wheels for collected packages: visdom
Failed to build visdom
Installing collected packages: nvidia-nvjitlink-cu12, smmap, nvidia-cusparse-cu12, nvidia-cublas-cu12, mpmath, MarkupSafe, urllib3, triton, sympy, six, nvidia-nvtx-cu12, nvidia-nccl-cu12, nvidia-cusolver-cu12, nvidia-curand-cu12, nvidia-cufft-cu12, nvidia-cudnn-cu12, nvidia-cuda-runtime-cu12, nvidia-cuda-nvrtc-cu12, nvidia-cuda-cupti-cu12, networkx, jsonpointer, jinja2, idna, gitdb, fsspec, charset-normalizer, certifi, websocket-client, tornado, torch, setproctitle, sentry-sdk, scipy, requests, pyyaml, psutil, protobuf, pillow, jsonpatch, gitpython, docker-pycreds, click, wandb, visdom, torchvision, dominate
