Mon Apr  8 14:38:35 2024       
+-----------------------------------------------------------------------------------------+
| NVIDIA-SMI 550.54.15              Driver Version: 550.54.15      CUDA Version: 12.4     |
|-----------------------------------------+------------------------+----------------------+
| GPU  Name                 Persistence-M | Bus-Id          Disp.A | Volatile Uncorr. ECC |
| Fan  Temp   Perf          Pwr:Usage/Cap |           Memory-Usage | GPU-Util  Compute M. |
|                                         |                        |               MIG M. |
|=========================================+========================+======================|
|   0  NVIDIA H100 PCIe               On  |   00000000:41:00.0 Off |                    0 |
| N/A   29C    P0             47W /  350W |       0MiB /  81559MiB |      0%   E. Process |
|                                         |                        |             Disabled |
+-----------------------------------------+------------------------+----------------------+
                                                                                         
+-----------------------------------------------------------------------------------------+
| Processes:                                                                              |
|  GPU   GI   CI        PID   Type   Process name                              GPU Memory |
|        ID   ID                                                               Usage      |
|=========================================================================================|
|  No running processes found                                                             |
+-----------------------------------------------------------------------------------------+
[[  -0.703125     -0.            0.          166.        ]
 [  -0.           -0.703125      0.          171.69999695]
 [   0.            0.            2.5        -340.        ]
 [   0.            0.            0.            1.        ]]
F(
[[  -0.703125   -0.          0.        166.      ]
 [  -0.         -0.703125    0.        171.7     ]
 [   0.          0.          2.5      -340.      ]
 [   0.          0.          0.          1.      ]]
)
('L', 'P', 'S')
[[   0.703125      0.            0.         -193.296875  ]
 [   0.            0.703125      0.         -187.59687805]
 [   0.            0.            2.5         -10.        ]
 [   0.            0.            0.            1.        ]]
F(
[[   0.703125    0.          0.       -193.29688 ]
 [   0.          0.703125    0.       -187.59688 ]
 [   0.          0.          2.5       -10.      ]
 [   0.          0.          0.          1.      ]]
)
('R', 'A', 'S')
