Defaulting to user installation because normal site-packages is not writeable
Requirement already satisfied: carbontracker in ./.local/lib/python3.10/site-packages (1.2.5)
Requirement already satisfied: requests in /opt/itu/easybuild/software/Anaconda3/2023.03-1/lib/python3.10/site-packages (from carbontracker) (2.28.1)
Requirement already satisfied: pandas in /opt/itu/easybuild/software/Anaconda3/2023.03-1/lib/python3.10/site-packages (from carbontracker) (1.5.3)
Requirement already satisfied: geocoder in ./.local/lib/python3.10/site-packages (from carbontracker) (1.38.1)
Requirement already satisfied: psutil in /opt/itu/easybuild/software/Anaconda3/2023.03-1/lib/python3.10/site-packages (from carbontracker) (5.9.0)
Requirement already satisfied: numpy in /opt/itu/easybuild/software/Anaconda3/2023.03-1/lib/python3.10/site-packages (from carbontracker) (1.23.5)
Requirement already satisfied: pynvml in ./.local/lib/python3.10/site-packages (from carbontracker) (11.5.0)
Requirement already satisfied: importlib-metadata in /opt/itu/easybuild/software/Anaconda3/2023.03-1/lib/python3.10/site-packages (from carbontracker) (4.11.3)
Requirement already satisfied: future in /opt/itu/easybuild/software/Anaconda3/2023.03-1/lib/python3.10/site-packages (from geocoder->carbontracker) (0.18.3)
Requirement already satisfied: click in /opt/itu/easybuild/software/Anaconda3/2023.03-1/lib/python3.10/site-packages (from geocoder->carbontracker) (8.0.4)
Requirement already satisfied: six in /opt/itu/easybuild/software/Anaconda3/2023.03-1/lib/python3.10/site-packages (from geocoder->carbontracker) (1.16.0)
Requirement already satisfied: ratelim in ./.local/lib/python3.10/site-packages (from geocoder->carbontracker) (0.1.6)
Requirement already satisfied: zipp>=0.5 in /opt/itu/easybuild/software/Anaconda3/2023.03-1/lib/python3.10/site-packages (from importlib-metadata->carbontracker) (3.11.0)
Requirement already satisfied: python-dateutil>=2.8.1 in /opt/itu/easybuild/software/Anaconda3/2023.03-1/lib/python3.10/site-packages (from pandas->carbontracker) (2.8.2)
Requirement already satisfied: pytz>=2020.1 in /opt/itu/easybuild/software/Anaconda3/2023.03-1/lib/python3.10/site-packages (from pandas->carbontracker) (2022.7)
Requirement already satisfied: charset-normalizer<3,>=2 in /opt/itu/easybuild/software/Anaconda3/2023.03-1/lib/python3.10/site-packages (from requests->carbontracker) (2.0.4)
Requirement already satisfied: urllib3<1.27,>=1.21.1 in /opt/itu/easybuild/software/Anaconda3/2023.03-1/lib/python3.10/site-packages (from requests->carbontracker) (1.26.14)
Requirement already satisfied: certifi>=2017.4.17 in /opt/itu/easybuild/software/Anaconda3/2023.03-1/lib/python3.10/site-packages (from requests->carbontracker) (2022.12.7)
Requirement already satisfied: idna<4,>=2.5 in /opt/itu/easybuild/software/Anaconda3/2023.03-1/lib/python3.10/site-packages (from requests->carbontracker) (3.4)
Requirement already satisfied: decorator in /opt/itu/easybuild/software/Anaconda3/2023.03-1/lib/python3.10/site-packages (from ratelim->geocoder->carbontracker) (5.1.1)
python3 -m carbontracker.cli python3 /home/caap/Thesis-Synthex/nbia_downloader.py --base-path /home/caap/Thesis-Synthex --output-dir --collection-name --log_dir /home/caap/Thesis-Synthex/carbon_logs/
CarbonTracker: The following components were found: CPU with device(s) cpu:0, cpu:1.
usage: nbia_downloader.py [-h] [--collection-name COLLECTION_NAME]
                          [--output-dir OUTPUT_DIR] [--api-url API_URL]
nbia_downloader.py: error: argument --output-dir: expected one argument
Error executing command: python3 /home/caap/Thesis-Synthex/nbia_downloader.py --base-path /home/caap/Thesis-Synthex --output-dir --collection-name
Subprocess error: Command '['python3', '/home/caap/Thesis-Synthex/nbia_downloader.py', '--base-path', '/home/caap/Thesis-Synthex', '--output-dir', '--collection-name']' returned non-zero exit status 2.
CarbonTracker: Average carbon intensity during training was 58.00 gCO2/kWh at detected location: Copenhagen, Capital Region, DK.
CarbonTracker: 
Actual consumption:
	Time:	0:00:10
	Energy:	0.000314890650 kWh
	CO2eq:	0.018263657679 g
	This is equivalent to:
	0.000169894490 km travelled by car
CarbonTracker: Finished monitoring.
